2024-07-29 13:16:14,502 INFO notifyConnectTimeout:100

2024-07-29 13:16:14,518 INFO notifySocketTimeout:200

2024-07-29 13:16:14,519 INFO isHealthCheck:true

2024-07-29 13:16:14,522 INFO maxHealthCheckFailCount:12

2024-07-29 13:16:14,525 INFO maxContent:10485760

2024-07-29 13:16:26,083 WARN DumpService start

2024-07-29 13:16:26,084 INFO start clear all config-info.

2024-07-29 13:16:26,112 INFO clear all config-info success.

2024-07-29 13:16:26,113 INFO clear all config-info-tenant success.

2024-07-29 13:16:26,207 INFO All dump page size is set to 50 according to mem limit 972 MB

2024-07-29 13:16:26,209 INFO start dump all config-info...

2024-07-29 13:16:26,281 INFO [all-dump] submit all task for 791643663598886912 / 791643663598886912, dbTime=68,diskTime=3

2024-07-29 13:16:26,289 INFO [all-dump] wait 1 dump tasks to be finished

2024-07-29 13:16:27,293 INFO success to  dump all config-info。

2024-07-29 13:16:27,294 INFO start clear all config-info-beta.

2024-07-29 13:16:27,295 INFO clear all config-info-beta success.

2024-07-29 13:16:27,296 INFO clear all config-info-beta-tenant success.

2024-07-29 13:16:27,323 INFO start clear all config-info-tag.

2024-07-29 13:16:27,327 INFO clear all config-info-tag success.

2024-07-29 13:16:27,328 INFO clear all config-info-tag-tenant success.

2024-07-29 13:17:36,506 INFO notifyConnectTimeout:100

2024-07-29 13:17:36,519 INFO notifySocketTimeout:200

2024-07-29 13:17:36,520 INFO isHealthCheck:true

2024-07-29 13:17:36,521 INFO maxHealthCheckFailCount:12

2024-07-29 13:17:36,523 INFO maxContent:10485760

2024-07-29 13:17:46,350 WARN DumpService start

2024-07-29 13:17:46,351 INFO start clear all config-info.

2024-07-29 13:17:46,376 INFO clear all config-info success.

2024-07-29 13:17:46,377 INFO clear all config-info-tenant success.

2024-07-29 13:17:46,551 INFO All dump page size is set to 50 according to mem limit 972 MB

2024-07-29 13:17:46,552 INFO start dump all config-info...

2024-07-29 13:17:46,615 INFO [all-dump] submit all task for 791643663598886912 / 791643663598886912, dbTime=60,diskTime=2

2024-07-29 13:17:46,617 INFO [all-dump] wait 1 dump tasks to be finished

2024-07-29 13:17:47,622 INFO success to  dump all config-info。

2024-07-29 13:17:47,624 INFO start clear all config-info-beta.

2024-07-29 13:17:47,625 INFO clear all config-info-beta success.

2024-07-29 13:17:47,626 INFO clear all config-info-beta-tenant success.

2024-07-29 13:17:47,656 INFO start clear all config-info-tag.

2024-07-29 13:17:47,657 INFO clear all config-info-tag success.

2024-07-29 13:17:47,658 INFO clear all config-info-tag-tenant success.

