2024-07-29 13:16:25,626 INFO [long-pulling] client count 0

2024-07-29 13:16:35,637 INFO [long-pulling] client count 0

2024-07-29 13:16:35,654 INFO toNotifyTaskSize = 0

2024-07-29 13:16:35,655 INFO groupCount = 1, subscriberClientCount = 0, subscriberCount = 0

2024-07-29 13:16:35,657 INFO toClientNotifyTaskSize = 0

2024-07-29 13:16:45,639 INFO [long-pulling] client count 0

2024-07-29 13:16:45,658 INFO groupCount = 1, subscriberClientCount = 0, subscriberCount = 0

2024-07-29 13:16:45,658 INFO toNotifyTaskSize = 0

2024-07-29 13:16:45,661 INFO toClientNotifyTaskSize = 0

2024-07-29 13:16:55,642 INFO [long-pulling] client count 0

2024-07-29 13:16:55,662 INFO groupCount = 1, subscriberClientCount = 0, subscriberCount = 0

2024-07-29 13:16:55,664 INFO toNotifyTaskSize = 0

2024-07-29 13:16:55,665 INFO toClientNotifyTaskSize = 0

2024-07-29 13:17:05,644 INFO [long-pulling] client count 0

2024-07-29 13:17:05,665 INFO groupCount = 1, subscriberClientCount = 0, subscriberCount = 0

2024-07-29 13:17:05,666 INFO toNotifyTaskSize = 0

2024-07-29 13:17:05,666 INFO toClientNotifyTaskSize = 0

2024-07-29 13:17:45,716 INFO [long-pulling] client count 0

2024-07-29 13:17:55,738 INFO [long-pulling] client count 0

2024-07-29 13:17:55,785 INFO groupCount = 1, subscriberClientCount = 0, subscriberCount = 0

2024-07-29 13:17:55,788 INFO toNotifyTaskSize = 0

2024-07-29 13:17:55,818 INFO toClientNotifyTaskSize = 0

2024-07-29 13:18:05,794 INFO [long-pulling] client count 0

2024-07-29 13:18:05,813 INFO groupCount = 1, subscriberClientCount = 0, subscriberCount = 0

2024-07-29 13:18:05,824 INFO toNotifyTaskSize = 0

2024-07-29 13:18:05,826 INFO toClientNotifyTaskSize = 0

2024-07-29 13:18:15,810 INFO [long-pulling] client count 0

2024-07-29 13:18:15,816 INFO groupCount = 1, subscriberClientCount = 0, subscriberCount = 0

2024-07-29 13:18:15,828 INFO toNotifyTaskSize = 0

2024-07-29 13:18:15,829 INFO toClientNotifyTaskSize = 0

2024-07-29 13:18:25,814 INFO [long-pulling] client count 0

2024-07-29 13:18:25,820 INFO groupCount = 1, subscriberClientCount = 0, subscriberCount = 0

2024-07-29 13:18:25,833 INFO toNotifyTaskSize = 0

2024-07-29 13:18:25,833 INFO toClientNotifyTaskSize = 0

2024-07-29 13:18:35,817 INFO [long-pulling] client count 0

2024-07-29 13:18:35,822 INFO groupCount = 1, subscriberClientCount = 0, subscriberCount = 0

2024-07-29 13:18:35,835 INFO toNotifyTaskSize = 0

2024-07-29 13:18:35,836 INFO toClientNotifyTaskSize = 0

2024-07-29 13:18:45,819 INFO [long-pulling] client count 0

2024-07-29 13:18:45,828 INFO groupCount = 1, subscriberClientCount = 0, subscriberCount = 0

2024-07-29 13:18:45,838 INFO toNotifyTaskSize = 0

2024-07-29 13:18:45,838 INFO toClientNotifyTaskSize = 0

2024-07-29 13:18:55,820 INFO [long-pulling] client count 0

2024-07-29 13:18:55,829 INFO groupCount = 1, subscriberClientCount = 0, subscriberCount = 0

2024-07-29 13:18:55,839 INFO toNotifyTaskSize = 0

2024-07-29 13:18:55,840 INFO toClientNotifyTaskSize = 0

2024-07-29 13:19:05,822 INFO [long-pulling] client count 0

2024-07-29 13:19:05,830 INFO groupCount = 1, subscriberClientCount = 0, subscriberCount = 0

2024-07-29 13:19:05,844 INFO toNotifyTaskSize = 0

2024-07-29 13:19:05,857 INFO toClientNotifyTaskSize = 0

2024-07-29 13:19:15,828 INFO [long-pulling] client count 0

2024-07-29 13:19:15,832 INFO groupCount = 1, subscriberClientCount = 0, subscriberCount = 0

2024-07-29 13:19:15,859 INFO toNotifyTaskSize = 0

2024-07-29 13:19:15,860 INFO toClientNotifyTaskSize = 0

2024-07-29 13:19:25,830 INFO [long-pulling] client count 0

2024-07-29 13:19:25,835 INFO groupCount = 1, subscriberClientCount = 0, subscriberCount = 0

2024-07-29 13:19:25,861 INFO toNotifyTaskSize = 0

2024-07-29 13:19:25,862 INFO toClientNotifyTaskSize = 0

2024-07-29 13:19:35,832 INFO [long-pulling] client count 0

2024-07-29 13:19:35,837 INFO groupCount = 1, subscriberClientCount = 0, subscriberCount = 0

2024-07-29 13:19:35,863 INFO toNotifyTaskSize = 0

2024-07-29 13:19:35,863 INFO toClientNotifyTaskSize = 0

2024-07-29 13:19:45,834 INFO [long-pulling] client count 0

2024-07-29 13:19:45,839 INFO groupCount = 1, subscriberClientCount = 0, subscriberCount = 0

2024-07-29 13:19:45,865 INFO toNotifyTaskSize = 0

2024-07-29 13:19:45,866 INFO toClientNotifyTaskSize = 0

2024-07-29 13:19:55,837 INFO [long-pulling] client count 0

2024-07-29 13:19:55,842 INFO groupCount = 1, subscriberClientCount = 0, subscriberCount = 0

2024-07-29 13:19:55,869 INFO toNotifyTaskSize = 0

2024-07-29 13:19:55,870 INFO toClientNotifyTaskSize = 0

2024-07-29 13:20:05,839 INFO [long-pulling] client count 0

2024-07-29 13:20:05,844 INFO groupCount = 1, subscriberClientCount = 0, subscriberCount = 0

2024-07-29 13:20:05,872 INFO toNotifyTaskSize = 0

2024-07-29 13:20:05,873 INFO toClientNotifyTaskSize = 0

2024-07-29 13:20:15,841 INFO [long-pulling] client count 0

2024-07-29 13:20:15,846 INFO groupCount = 1, subscriberClientCount = 0, subscriberCount = 0

2024-07-29 13:20:15,874 INFO toNotifyTaskSize = 0

2024-07-29 13:20:15,877 INFO toClientNotifyTaskSize = 0

2024-07-29 13:20:25,835 INFO [long-pulling] client count 0

2024-07-29 13:20:25,841 INFO groupCount = 1, subscriberClientCount = 0, subscriberCount = 0

2024-07-29 13:20:25,872 INFO toNotifyTaskSize = 0

2024-07-29 13:20:25,872 INFO toClientNotifyTaskSize = 0

2024-07-29 13:20:35,838 INFO [long-pulling] client count 0

2024-07-29 13:20:35,843 INFO groupCount = 1, subscriberClientCount = 0, subscriberCount = 0

2024-07-29 13:20:35,874 INFO toNotifyTaskSize = 0

2024-07-29 13:20:35,875 INFO toClientNotifyTaskSize = 0

2024-07-29 13:20:45,840 INFO [long-pulling] client count 0

2024-07-29 13:20:45,845 INFO groupCount = 1, subscriberClientCount = 0, subscriberCount = 0

2024-07-29 13:20:45,877 INFO toNotifyTaskSize = 0

2024-07-29 13:20:45,877 INFO toClientNotifyTaskSize = 0

2024-07-29 13:20:55,825 INFO [long-pulling] client count 0

2024-07-29 13:20:55,831 INFO groupCount = 1, subscriberClientCount = 0, subscriberCount = 0

2024-07-29 13:20:55,864 INFO toNotifyTaskSize = 0

2024-07-29 13:20:55,865 INFO toClientNotifyTaskSize = 0

2024-07-29 13:21:05,828 INFO [long-pulling] client count 0

2024-07-29 13:21:05,833 INFO groupCount = 1, subscriberClientCount = 0, subscriberCount = 0

2024-07-29 13:21:05,867 INFO toNotifyTaskSize = 0

2024-07-29 13:21:05,868 INFO toClientNotifyTaskSize = 0

2024-07-29 13:21:15,831 INFO [long-pulling] client count 0

2024-07-29 13:21:15,834 INFO groupCount = 1, subscriberClientCount = 0, subscriberCount = 0

2024-07-29 13:21:15,870 INFO toNotifyTaskSize = 0

2024-07-29 13:21:15,872 INFO toClientNotifyTaskSize = 0

2024-07-29 13:21:25,831 INFO [long-pulling] client count 0

2024-07-29 13:21:25,835 INFO groupCount = 1, subscriberClientCount = 0, subscriberCount = 0

2024-07-29 13:21:25,871 INFO toNotifyTaskSize = 0

2024-07-29 13:21:25,872 INFO toClientNotifyTaskSize = 0

2024-07-29 13:21:35,834 INFO [long-pulling] client count 0

2024-07-29 13:21:35,837 INFO groupCount = 1, subscriberClientCount = 0, subscriberCount = 0

2024-07-29 13:21:35,873 INFO toNotifyTaskSize = 0

2024-07-29 13:21:35,874 INFO toClientNotifyTaskSize = 0

2024-07-29 13:21:45,836 INFO [long-pulling] client count 0

2024-07-29 13:21:45,840 INFO groupCount = 1, subscriberClientCount = 0, subscriberCount = 0

2024-07-29 13:21:45,876 INFO toNotifyTaskSize = 0

2024-07-29 13:21:45,879 INFO toClientNotifyTaskSize = 0

2024-07-29 13:21:55,838 INFO [long-pulling] client count 0

2024-07-29 13:21:55,841 INFO groupCount = 1, subscriberClientCount = 0, subscriberCount = 0

2024-07-29 13:21:55,880 INFO toNotifyTaskSize = 0

2024-07-29 13:21:55,881 INFO toClientNotifyTaskSize = 0

2024-07-29 13:22:05,842 INFO [long-pulling] client count 0

2024-07-29 13:22:05,843 INFO groupCount = 1, subscriberClientCount = 0, subscriberCount = 0

2024-07-29 13:22:05,882 INFO toNotifyTaskSize = 0

2024-07-29 13:22:05,883 INFO toClientNotifyTaskSize = 0

2024-07-29 13:22:15,844 INFO [long-pulling] client count 0

2024-07-29 13:22:15,845 INFO groupCount = 1, subscriberClientCount = 0, subscriberCount = 0

2024-07-29 13:22:15,884 INFO toNotifyTaskSize = 0

2024-07-29 13:22:15,885 INFO toClientNotifyTaskSize = 0

2024-07-29 13:22:25,846 INFO [long-pulling] client count 0

2024-07-29 13:22:25,847 INFO groupCount = 1, subscriberClientCount = 0, subscriberCount = 0

2024-07-29 13:22:25,887 INFO toNotifyTaskSize = 0

2024-07-29 13:22:25,888 INFO toClientNotifyTaskSize = 0

2024-07-29 13:22:35,848 INFO [long-pulling] client count 0

2024-07-29 13:22:35,849 INFO groupCount = 1, subscriberClientCount = 0, subscriberCount = 0

2024-07-29 13:22:35,891 INFO toNotifyTaskSize = 0

2024-07-29 13:22:35,892 INFO toClientNotifyTaskSize = 0

2024-07-29 13:22:45,849 INFO [long-pulling] client count 0

2024-07-29 13:22:45,851 INFO groupCount = 1, subscriberClientCount = 0, subscriberCount = 0

2024-07-29 13:22:45,896 INFO toNotifyTaskSize = 0

2024-07-29 13:22:45,897 INFO toClientNotifyTaskSize = 0

2024-07-29 13:22:55,851 INFO [long-pulling] client count 0

2024-07-29 13:22:55,858 INFO groupCount = 1, subscriberClientCount = 0, subscriberCount = 0

2024-07-29 13:22:55,903 INFO toNotifyTaskSize = 0

2024-07-29 13:22:55,904 INFO toClientNotifyTaskSize = 0

2024-07-29 13:23:05,857 INFO [long-pulling] client count 0

2024-07-29 13:23:05,861 INFO groupCount = 1, subscriberClientCount = 0, subscriberCount = 0

2024-07-29 13:23:05,906 INFO toNotifyTaskSize = 0

2024-07-29 13:23:05,907 INFO toClientNotifyTaskSize = 0

2024-07-29 13:23:15,860 INFO [long-pulling] client count 0

2024-07-29 13:23:15,862 INFO groupCount = 1, subscriberClientCount = 0, subscriberCount = 0

2024-07-29 13:23:15,908 INFO toNotifyTaskSize = 0

2024-07-29 13:23:15,909 INFO toClientNotifyTaskSize = 0

2024-07-29 13:23:25,863 INFO [long-pulling] client count 0

2024-07-29 13:23:25,867 INFO groupCount = 1, subscriberClientCount = 0, subscriberCount = 0

2024-07-29 13:23:25,913 INFO toNotifyTaskSize = 0

2024-07-29 13:23:25,914 INFO toClientNotifyTaskSize = 0

2024-07-29 13:23:35,870 INFO [long-pulling] client count 0

2024-07-29 13:23:35,876 INFO groupCount = 1, subscriberClientCount = 0, subscriberCount = 0

2024-07-29 13:23:35,917 INFO toNotifyTaskSize = 0

2024-07-29 13:23:35,917 INFO toClientNotifyTaskSize = 0

2024-07-29 13:23:45,873 INFO [long-pulling] client count 0

2024-07-29 13:23:45,878 INFO groupCount = 1, subscriberClientCount = 0, subscriberCount = 0

2024-07-29 13:23:45,919 INFO toNotifyTaskSize = 0

2024-07-29 13:23:45,921 INFO toClientNotifyTaskSize = 0

2024-07-29 13:23:55,874 INFO [long-pulling] client count 0

2024-07-29 13:23:55,882 INFO groupCount = 1, subscriberClientCount = 0, subscriberCount = 0

2024-07-29 13:23:55,923 INFO toNotifyTaskSize = 0

2024-07-29 13:23:55,924 INFO toClientNotifyTaskSize = 0

2024-07-29 13:24:05,877 INFO [long-pulling] client count 0

2024-07-29 13:24:05,884 INFO groupCount = 1, subscriberClientCount = 0, subscriberCount = 0

2024-07-29 13:24:05,927 INFO toNotifyTaskSize = 0

2024-07-29 13:24:05,929 INFO toClientNotifyTaskSize = 0

2024-07-29 13:24:15,880 INFO [long-pulling] client count 0

2024-07-29 13:24:15,886 INFO groupCount = 1, subscriberClientCount = 0, subscriberCount = 0

2024-07-29 13:24:15,932 INFO toNotifyTaskSize = 0

2024-07-29 13:24:15,933 INFO toClientNotifyTaskSize = 0

2024-07-29 13:24:25,881 INFO [long-pulling] client count 0

2024-07-29 13:24:25,887 INFO groupCount = 1, subscriberClientCount = 0, subscriberCount = 0

2024-07-29 13:24:25,934 INFO toNotifyTaskSize = 0

2024-07-29 13:24:25,935 INFO toClientNotifyTaskSize = 0

2024-07-29 13:24:35,884 INFO [long-pulling] client count 0

2024-07-29 13:24:35,889 INFO groupCount = 1, subscriberClientCount = 0, subscriberCount = 0

2024-07-29 13:24:35,937 INFO toNotifyTaskSize = 0

2024-07-29 13:24:35,939 INFO toClientNotifyTaskSize = 0

2024-07-29 13:24:45,886 INFO [long-pulling] client count 0

2024-07-29 13:24:45,892 INFO groupCount = 1, subscriberClientCount = 0, subscriberCount = 0

2024-07-29 13:24:45,940 INFO toNotifyTaskSize = 0

2024-07-29 13:24:45,941 INFO toClientNotifyTaskSize = 0

2024-07-29 13:24:55,895 INFO [long-pulling] client count 0

2024-07-29 13:24:55,895 INFO groupCount = 1, subscriberClientCount = 0, subscriberCount = 0

2024-07-29 13:24:55,944 INFO toNotifyTaskSize = 0

2024-07-29 13:24:55,967 INFO toClientNotifyTaskSize = 0

2024-07-29 13:25:05,917 INFO [long-pulling] client count 0

2024-07-29 13:25:05,919 INFO groupCount = 1, subscriberClientCount = 0, subscriberCount = 0

2024-07-29 13:25:05,971 INFO toNotifyTaskSize = 0

2024-07-29 13:25:05,973 INFO toClientNotifyTaskSize = 0

2024-07-29 13:25:15,919 INFO [long-pulling] client count 0

2024-07-29 13:25:15,921 INFO groupCount = 1, subscriberClientCount = 0, subscriberCount = 0

2024-07-29 13:25:15,974 INFO toNotifyTaskSize = 0

2024-07-29 13:25:15,977 INFO toClientNotifyTaskSize = 0

2024-07-29 13:25:25,920 INFO [long-pulling] client count 0

2024-07-29 13:25:25,923 INFO groupCount = 1, subscriberClientCount = 0, subscriberCount = 0

2024-07-29 13:25:25,979 INFO toNotifyTaskSize = 0

2024-07-29 13:25:25,980 INFO toClientNotifyTaskSize = 0

2024-07-29 13:25:35,922 INFO [long-pulling] client count 0

2024-07-29 13:25:35,925 INFO groupCount = 1, subscriberClientCount = 0, subscriberCount = 0

2024-07-29 13:25:35,982 INFO toNotifyTaskSize = 0

2024-07-29 13:25:35,984 INFO toClientNotifyTaskSize = 0

2024-07-29 13:25:45,923 INFO [long-pulling] client count 0

2024-07-29 13:25:45,928 INFO groupCount = 1, subscriberClientCount = 0, subscriberCount = 0

2024-07-29 13:25:45,986 INFO toNotifyTaskSize = 0

2024-07-29 13:25:45,987 INFO toClientNotifyTaskSize = 0

2024-07-29 13:25:55,926 INFO [long-pulling] client count 0

2024-07-29 13:25:55,930 INFO groupCount = 1, subscriberClientCount = 0, subscriberCount = 0

2024-07-29 13:25:55,990 INFO toNotifyTaskSize = 0

2024-07-29 13:25:55,991 INFO toClientNotifyTaskSize = 0

2024-07-29 13:26:05,930 INFO [long-pulling] client count 0

2024-07-29 13:26:05,931 INFO groupCount = 1, subscriberClientCount = 0, subscriberCount = 0

2024-07-29 13:26:05,992 INFO toNotifyTaskSize = 0

2024-07-29 13:26:05,993 INFO toClientNotifyTaskSize = 0

2024-07-29 13:26:15,931 INFO [long-pulling] client count 0

2024-07-29 13:26:15,933 INFO groupCount = 1, subscriberClientCount = 0, subscriberCount = 0

2024-07-29 13:26:15,994 INFO toNotifyTaskSize = 0

2024-07-29 13:26:15,997 INFO toClientNotifyTaskSize = 0

2024-07-29 13:26:25,934 INFO [long-pulling] client count 0

2024-07-29 13:26:25,935 INFO groupCount = 1, subscriberClientCount = 0, subscriberCount = 0

2024-07-29 13:26:25,997 INFO toNotifyTaskSize = 0

2024-07-29 13:26:25,999 INFO toClientNotifyTaskSize = 0

2024-07-29 13:26:35,937 INFO [long-pulling] client count 0

2024-07-29 13:26:35,937 INFO groupCount = 1, subscriberClientCount = 0, subscriberCount = 0

2024-07-29 13:26:36,002 INFO toNotifyTaskSize = 0

2024-07-29 13:26:36,004 INFO toClientNotifyTaskSize = 0

2024-07-29 13:26:45,940 INFO [long-pulling] client count 0

2024-07-29 13:26:45,942 INFO groupCount = 1, subscriberClientCount = 0, subscriberCount = 0

2024-07-29 13:26:46,005 INFO toNotifyTaskSize = 0

2024-07-29 13:26:46,006 INFO toClientNotifyTaskSize = 0

2024-07-29 13:26:55,941 INFO [long-pulling] client count 0

2024-07-29 13:26:55,944 INFO groupCount = 1, subscriberClientCount = 0, subscriberCount = 0

2024-07-29 13:26:56,008 INFO toNotifyTaskSize = 0

2024-07-29 13:26:56,009 INFO toClientNotifyTaskSize = 0

2024-07-29 13:27:05,944 INFO [long-pulling] client count 0

2024-07-29 13:27:05,948 INFO groupCount = 1, subscriberClientCount = 0, subscriberCount = 0

2024-07-29 13:27:06,011 INFO toNotifyTaskSize = 0

2024-07-29 13:27:06,013 INFO toClientNotifyTaskSize = 0

2024-07-29 13:27:15,946 INFO [long-pulling] client count 0

2024-07-29 13:27:15,950 INFO groupCount = 1, subscriberClientCount = 0, subscriberCount = 0

2024-07-29 13:27:16,014 INFO toNotifyTaskSize = 0

2024-07-29 13:27:16,017 INFO toClientNotifyTaskSize = 0

2024-07-29 13:27:25,945 INFO [long-pulling] client count 0

2024-07-29 13:27:25,949 INFO groupCount = 1, subscriberClientCount = 0, subscriberCount = 0

2024-07-29 13:27:26,017 INFO toNotifyTaskSize = 0

2024-07-29 13:27:26,018 INFO toClientNotifyTaskSize = 0

2024-07-29 13:27:35,948 INFO [long-pulling] client count 0

2024-07-29 13:27:35,951 INFO groupCount = 1, subscriberClientCount = 0, subscriberCount = 0

2024-07-29 13:27:36,021 INFO toNotifyTaskSize = 0

2024-07-29 13:27:36,023 INFO toClientNotifyTaskSize = 0

2024-07-29 13:27:45,950 INFO [long-pulling] client count 0

2024-07-29 13:27:45,953 INFO groupCount = 1, subscriberClientCount = 0, subscriberCount = 0

2024-07-29 13:27:46,025 INFO toNotifyTaskSize = 0

2024-07-29 13:27:46,026 INFO toClientNotifyTaskSize = 0

2024-07-29 13:27:55,954 INFO [long-pulling] client count 0

2024-07-29 13:27:55,957 INFO groupCount = 1, subscriberClientCount = 0, subscriberCount = 0

2024-07-29 13:27:56,030 INFO toNotifyTaskSize = 0

2024-07-29 13:27:56,031 INFO toClientNotifyTaskSize = 0

2024-07-29 13:28:05,956 INFO [long-pulling] client count 0

2024-07-29 13:28:05,961 INFO groupCount = 1, subscriberClientCount = 0, subscriberCount = 0

2024-07-29 13:28:06,033 INFO toNotifyTaskSize = 0

2024-07-29 13:28:06,034 INFO toClientNotifyTaskSize = 0

2024-07-29 13:28:15,958 INFO [long-pulling] client count 0

2024-07-29 13:28:15,963 INFO groupCount = 1, subscriberClientCount = 0, subscriberCount = 0

2024-07-29 13:28:16,036 INFO toNotifyTaskSize = 0

2024-07-29 13:28:16,037 INFO toClientNotifyTaskSize = 0

2024-07-29 13:28:25,961 INFO [long-pulling] client count 0

2024-07-29 13:28:25,967 INFO groupCount = 1, subscriberClientCount = 0, subscriberCount = 0

2024-07-29 13:28:26,040 INFO toNotifyTaskSize = 0

2024-07-29 13:28:26,041 INFO toClientNotifyTaskSize = 0

2024-07-29 13:28:35,964 INFO [long-pulling] client count 0

2024-07-29 13:28:35,969 INFO groupCount = 1, subscriberClientCount = 0, subscriberCount = 0

2024-07-29 13:28:36,043 INFO toNotifyTaskSize = 0

2024-07-29 13:28:36,044 INFO toClientNotifyTaskSize = 0

2024-07-29 13:28:45,967 INFO [long-pulling] client count 0

2024-07-29 13:28:45,970 INFO groupCount = 1, subscriberClientCount = 0, subscriberCount = 0

2024-07-29 13:28:46,046 INFO toNotifyTaskSize = 0

2024-07-29 13:28:46,046 INFO toClientNotifyTaskSize = 0

2024-07-29 13:28:55,971 INFO [long-pulling] client count 0

2024-07-29 13:28:55,971 INFO groupCount = 1, subscriberClientCount = 0, subscriberCount = 0

2024-07-29 13:28:56,048 INFO toNotifyTaskSize = 0

2024-07-29 13:28:56,049 INFO toClientNotifyTaskSize = 0

2024-07-29 13:29:05,973 INFO [long-pulling] client count 0

2024-07-29 13:29:05,973 INFO groupCount = 1, subscriberClientCount = 0, subscriberCount = 0

2024-07-29 13:29:06,051 INFO toNotifyTaskSize = 0

2024-07-29 13:29:06,055 INFO toClientNotifyTaskSize = 0

2024-07-29 13:29:15,976 INFO [long-pulling] client count 0

2024-07-29 13:29:15,977 INFO groupCount = 1, subscriberClientCount = 0, subscriberCount = 0

2024-07-29 13:29:16,057 INFO toNotifyTaskSize = 0

2024-07-29 13:29:16,059 INFO toClientNotifyTaskSize = 0

2024-07-29 13:29:25,979 INFO [long-pulling] client count 0

2024-07-29 13:29:25,979 INFO groupCount = 1, subscriberClientCount = 0, subscriberCount = 0

2024-07-29 13:29:26,062 INFO toNotifyTaskSize = 0

2024-07-29 13:29:26,063 INFO toClientNotifyTaskSize = 0

2024-07-29 13:29:35,982 INFO [long-pulling] client count 0

2024-07-29 13:29:35,982 INFO groupCount = 1, subscriberClientCount = 0, subscriberCount = 0

2024-07-29 13:29:36,066 INFO toNotifyTaskSize = 0

2024-07-29 13:29:36,067 INFO toClientNotifyTaskSize = 0

2024-07-29 13:29:45,983 INFO [long-pulling] client count 0

2024-07-29 13:29:45,984 INFO groupCount = 1, subscriberClientCount = 0, subscriberCount = 0

2024-07-29 13:29:46,069 INFO toNotifyTaskSize = 0

2024-07-29 13:29:46,070 INFO toClientNotifyTaskSize = 0

2024-07-29 13:29:55,984 INFO [long-pulling] client count 0

2024-07-29 13:29:55,986 INFO groupCount = 1, subscriberClientCount = 0, subscriberCount = 0

2024-07-29 13:29:56,072 INFO toNotifyTaskSize = 0

2024-07-29 13:29:56,073 INFO toClientNotifyTaskSize = 0

2024-07-29 13:30:05,985 INFO [long-pulling] client count 0

2024-07-29 13:30:05,988 INFO groupCount = 1, subscriberClientCount = 0, subscriberCount = 0

2024-07-29 13:30:06,075 INFO toNotifyTaskSize = 0

2024-07-29 13:30:06,077 INFO toClientNotifyTaskSize = 0

2024-07-29 13:30:15,987 INFO [long-pulling] client count 0

2024-07-29 13:30:15,990 INFO groupCount = 1, subscriberClientCount = 0, subscriberCount = 0

2024-07-29 13:30:16,079 INFO toNotifyTaskSize = 0

2024-07-29 13:30:16,079 INFO toClientNotifyTaskSize = 0

2024-07-29 13:30:25,990 INFO [long-pulling] client count 0

2024-07-29 13:30:25,994 INFO groupCount = 1, subscriberClientCount = 0, subscriberCount = 0

2024-07-29 13:30:26,081 INFO toNotifyTaskSize = 0

2024-07-29 13:30:26,082 INFO toClientNotifyTaskSize = 0

2024-07-29 13:30:35,992 INFO [long-pulling] client count 1

2024-07-29 13:30:35,996 INFO groupCount = 1, subscriberClientCount = 0, subscriberCount = 0

2024-07-29 13:30:36,084 INFO toNotifyTaskSize = 0

2024-07-29 13:30:36,085 INFO toClientNotifyTaskSize = 0

2024-07-29 13:30:45,993 INFO [long-pulling] client count 1

2024-07-29 13:30:45,997 INFO groupCount = 1, subscriberClientCount = 0, subscriberCount = 0

2024-07-29 13:30:46,087 INFO toNotifyTaskSize = 0

2024-07-29 13:30:46,088 INFO toClientNotifyTaskSize = 0

2024-07-29 13:30:55,996 INFO [long-pulling] client count 1

2024-07-29 13:30:55,999 INFO groupCount = 1, subscriberClientCount = 0, subscriberCount = 0

2024-07-29 13:30:56,091 INFO toNotifyTaskSize = 0

2024-07-29 13:30:56,092 INFO toClientNotifyTaskSize = 0

2024-07-29 13:31:05,998 INFO [long-pulling] client count 0

2024-07-29 13:31:06,001 INFO groupCount = 1, subscriberClientCount = 0, subscriberCount = 0

2024-07-29 13:31:06,094 INFO toNotifyTaskSize = 0

2024-07-29 13:31:06,095 INFO toClientNotifyTaskSize = 0

2024-07-29 13:31:16,000 INFO [long-pulling] client count 0

2024-07-29 13:31:16,003 INFO groupCount = 1, subscriberClientCount = 0, subscriberCount = 0

2024-07-29 13:31:16,098 INFO toNotifyTaskSize = 0

2024-07-29 13:31:16,100 INFO toClientNotifyTaskSize = 0

2024-07-29 13:31:26,002 INFO [long-pulling] client count 0

2024-07-29 13:31:26,004 INFO groupCount = 1, subscriberClientCount = 0, subscriberCount = 0

2024-07-29 13:31:26,101 INFO toNotifyTaskSize = 0

2024-07-29 13:31:26,104 INFO toClientNotifyTaskSize = 0

2024-07-29 13:31:36,004 INFO [long-pulling] client count 0

2024-07-29 13:31:36,006 INFO groupCount = 1, subscriberClientCount = 0, subscriberCount = 0

2024-07-29 13:31:36,104 INFO toNotifyTaskSize = 0

2024-07-29 13:31:36,105 INFO toClientNotifyTaskSize = 0

2024-07-29 13:31:46,008 INFO [long-pulling] client count 0

2024-07-29 13:31:46,009 INFO groupCount = 1, subscriberClientCount = 0, subscriberCount = 0

2024-07-29 13:31:46,107 INFO toNotifyTaskSize = 0

2024-07-29 13:31:46,110 INFO toClientNotifyTaskSize = 0

2024-07-29 13:31:56,020 INFO [long-pulling] client count 0

2024-07-29 13:31:56,024 INFO groupCount = 1, subscriberClientCount = 0, subscriberCount = 0

2024-07-29 13:31:56,115 INFO toNotifyTaskSize = 0

2024-07-29 13:31:56,116 INFO toClientNotifyTaskSize = 0

2024-07-29 13:32:06,022 INFO [long-pulling] client count 0

2024-07-29 13:32:06,026 INFO groupCount = 1, subscriberClientCount = 0, subscriberCount = 0

2024-07-29 13:32:06,118 INFO toNotifyTaskSize = 0

2024-07-29 13:32:06,119 INFO toClientNotifyTaskSize = 0

2024-07-29 13:32:16,024 INFO [long-pulling] client count 0

2024-07-29 13:32:16,028 INFO groupCount = 1, subscriberClientCount = 0, subscriberCount = 0

2024-07-29 13:32:16,121 INFO toNotifyTaskSize = 0

2024-07-29 13:32:16,123 INFO toClientNotifyTaskSize = 0

2024-07-29 13:32:26,026 INFO [long-pulling] client count 0

2024-07-29 13:32:26,030 INFO groupCount = 1, subscriberClientCount = 0, subscriberCount = 0

2024-07-29 13:32:26,125 INFO toNotifyTaskSize = 0

2024-07-29 13:32:26,125 INFO toClientNotifyTaskSize = 0

2024-07-29 13:32:36,027 INFO [long-pulling] client count 0

2024-07-29 13:32:36,032 INFO groupCount = 1, subscriberClientCount = 0, subscriberCount = 0

2024-07-29 13:32:36,128 INFO toNotifyTaskSize = 0

2024-07-29 13:32:36,130 INFO toClientNotifyTaskSize = 0

2024-07-29 13:32:46,032 INFO [long-pulling] client count 0

2024-07-29 13:32:46,057 INFO groupCount = 1, subscriberClientCount = 0, subscriberCount = 0

2024-07-29 13:32:46,132 INFO toNotifyTaskSize = 0

2024-07-29 13:32:46,134 INFO toClientNotifyTaskSize = 0

2024-07-29 13:32:56,074 INFO [long-pulling] client count 0

2024-07-29 13:32:56,097 INFO groupCount = 1, subscriberClientCount = 0, subscriberCount = 0

2024-07-29 13:32:56,136 INFO toNotifyTaskSize = 0

2024-07-29 13:32:56,137 INFO toClientNotifyTaskSize = 0

2024-07-29 13:33:06,075 INFO [long-pulling] client count 0

2024-07-29 13:33:06,099 INFO groupCount = 1, subscriberClientCount = 0, subscriberCount = 0

2024-07-29 13:33:06,143 INFO toNotifyTaskSize = 0

2024-07-29 13:33:06,146 INFO toClientNotifyTaskSize = 0

2024-07-29 13:33:16,077 INFO [long-pulling] client count 0

2024-07-29 13:33:16,101 INFO groupCount = 1, subscriberClientCount = 0, subscriberCount = 0

2024-07-29 13:33:16,148 INFO toNotifyTaskSize = 0

2024-07-29 13:33:16,149 INFO toClientNotifyTaskSize = 0

2024-07-29 13:33:26,079 INFO [long-pulling] client count 0

2024-07-29 13:33:26,103 INFO groupCount = 1, subscriberClientCount = 0, subscriberCount = 0

2024-07-29 13:33:26,150 INFO toNotifyTaskSize = 0

2024-07-29 13:33:26,151 INFO toClientNotifyTaskSize = 0

2024-07-29 13:33:36,080 INFO [long-pulling] client count 0

2024-07-29 13:33:36,104 INFO groupCount = 1, subscriberClientCount = 0, subscriberCount = 0

2024-07-29 13:33:36,153 INFO toNotifyTaskSize = 0

2024-07-29 13:33:36,154 INFO toClientNotifyTaskSize = 0

2024-07-29 13:33:46,101 INFO [long-pulling] client count 0

2024-07-29 13:33:46,107 INFO groupCount = 1, subscriberClientCount = 0, subscriberCount = 0

2024-07-29 13:33:46,156 INFO toNotifyTaskSize = 0

2024-07-29 13:33:46,157 INFO toClientNotifyTaskSize = 0

2024-07-29 13:33:56,103 INFO [long-pulling] client count 0

2024-07-29 13:33:56,109 INFO groupCount = 1, subscriberClientCount = 0, subscriberCount = 0

2024-07-29 13:33:56,158 INFO toNotifyTaskSize = 0

2024-07-29 13:33:56,159 INFO toClientNotifyTaskSize = 0

2024-07-29 13:34:06,105 INFO [long-pulling] client count 0

2024-07-29 13:34:06,110 INFO groupCount = 1, subscriberClientCount = 0, subscriberCount = 0

2024-07-29 13:34:06,161 INFO toNotifyTaskSize = 0

2024-07-29 13:34:06,162 INFO toClientNotifyTaskSize = 0

2024-07-29 13:34:16,108 INFO [long-pulling] client count 0

2024-07-29 13:34:16,112 INFO groupCount = 1, subscriberClientCount = 0, subscriberCount = 0

2024-07-29 13:34:16,163 INFO toNotifyTaskSize = 0

2024-07-29 13:34:16,164 INFO toClientNotifyTaskSize = 0

2024-07-29 13:34:26,110 INFO [long-pulling] client count 0

2024-07-29 13:34:26,114 INFO groupCount = 1, subscriberClientCount = 0, subscriberCount = 0

2024-07-29 13:34:26,167 INFO toNotifyTaskSize = 0

2024-07-29 13:34:26,169 INFO toClientNotifyTaskSize = 0

2024-07-29 13:34:36,112 INFO [long-pulling] client count 0

2024-07-29 13:34:36,117 INFO groupCount = 1, subscriberClientCount = 0, subscriberCount = 0

2024-07-29 13:34:36,171 INFO toNotifyTaskSize = 0

2024-07-29 13:34:36,174 INFO toClientNotifyTaskSize = 0

2024-07-29 13:34:46,114 INFO [long-pulling] client count 0

2024-07-29 13:34:46,119 INFO groupCount = 1, subscriberClientCount = 0, subscriberCount = 0

2024-07-29 13:34:46,177 INFO toNotifyTaskSize = 0

2024-07-29 13:34:46,178 INFO toClientNotifyTaskSize = 0

2024-07-29 13:34:56,116 INFO [long-pulling] client count 0

2024-07-29 13:34:56,122 INFO groupCount = 1, subscriberClientCount = 0, subscriberCount = 0

2024-07-29 13:34:56,180 INFO toNotifyTaskSize = 0

2024-07-29 13:34:56,181 INFO toClientNotifyTaskSize = 0

2024-07-29 13:35:06,121 INFO [long-pulling] client count 0

2024-07-29 13:35:06,124 INFO groupCount = 1, subscriberClientCount = 0, subscriberCount = 0

2024-07-29 13:35:06,183 INFO toNotifyTaskSize = 0

2024-07-29 13:35:06,186 INFO toClientNotifyTaskSize = 0

2024-07-29 13:35:16,122 INFO [long-pulling] client count 0

2024-07-29 13:35:16,127 INFO groupCount = 1, subscriberClientCount = 0, subscriberCount = 0

2024-07-29 13:35:16,188 INFO toNotifyTaskSize = 0

2024-07-29 13:35:16,189 INFO toClientNotifyTaskSize = 0

2024-07-29 13:35:26,126 INFO [long-pulling] client count 0

2024-07-29 13:35:26,129 INFO groupCount = 1, subscriberClientCount = 0, subscriberCount = 0

2024-07-29 13:35:26,191 INFO toNotifyTaskSize = 0

2024-07-29 13:35:26,192 INFO toClientNotifyTaskSize = 0

2024-07-29 13:35:36,128 INFO [long-pulling] client count 0

2024-07-29 13:35:36,131 INFO groupCount = 1, subscriberClientCount = 0, subscriberCount = 0

2024-07-29 13:35:36,194 INFO toNotifyTaskSize = 0

2024-07-29 13:35:36,195 INFO toClientNotifyTaskSize = 0

2024-07-29 13:35:46,131 INFO [long-pulling] client count 0

2024-07-29 13:35:46,134 INFO groupCount = 1, subscriberClientCount = 0, subscriberCount = 0

2024-07-29 13:35:46,198 INFO toNotifyTaskSize = 0

2024-07-29 13:35:46,199 INFO toClientNotifyTaskSize = 0

2024-07-29 13:35:56,133 INFO [long-pulling] client count 0

2024-07-29 13:35:56,136 INFO groupCount = 1, subscriberClientCount = 0, subscriberCount = 0

2024-07-29 13:35:56,200 INFO toNotifyTaskSize = 0

2024-07-29 13:35:56,202 INFO toClientNotifyTaskSize = 0

2024-07-29 13:36:06,136 INFO [long-pulling] client count 0

2024-07-29 13:36:06,139 INFO groupCount = 1, subscriberClientCount = 0, subscriberCount = 0

2024-07-29 13:36:06,204 INFO toNotifyTaskSize = 0

2024-07-29 13:36:06,205 INFO toClientNotifyTaskSize = 0

2024-07-29 13:36:16,137 INFO [long-pulling] client count 0

2024-07-29 13:36:16,141 INFO groupCount = 1, subscriberClientCount = 0, subscriberCount = 0

2024-07-29 13:36:16,208 INFO toNotifyTaskSize = 0

2024-07-29 13:36:16,209 INFO toClientNotifyTaskSize = 0

2024-07-29 13:36:26,140 INFO [long-pulling] client count 0

2024-07-29 13:36:26,143 INFO groupCount = 1, subscriberClientCount = 0, subscriberCount = 0

2024-07-29 13:36:26,212 INFO toNotifyTaskSize = 0

2024-07-29 13:36:26,212 INFO toClientNotifyTaskSize = 0

2024-07-29 13:36:36,143 INFO [long-pulling] client count 0

2024-07-29 13:36:36,145 INFO groupCount = 1, subscriberClientCount = 0, subscriberCount = 0

2024-07-29 13:36:36,214 INFO toNotifyTaskSize = 0

2024-07-29 13:36:36,215 INFO toClientNotifyTaskSize = 0

2024-07-29 13:36:46,145 INFO [long-pulling] client count 0

2024-07-29 13:36:46,146 INFO groupCount = 1, subscriberClientCount = 0, subscriberCount = 0

2024-07-29 13:36:46,217 INFO toNotifyTaskSize = 0

2024-07-29 13:36:46,218 INFO toClientNotifyTaskSize = 0

2024-07-29 13:36:56,147 INFO groupCount = 1, subscriberClientCount = 0, subscriberCount = 0

2024-07-29 13:36:56,147 INFO [long-pulling] client count 1

2024-07-29 13:36:56,221 INFO toNotifyTaskSize = 0

2024-07-29 13:36:56,222 INFO toClientNotifyTaskSize = 0

2024-07-29 13:37:06,159 INFO [long-pulling] client count 1

2024-07-29 13:37:06,161 INFO groupCount = 1, subscriberClientCount = 0, subscriberCount = 0

2024-07-29 13:37:06,223 INFO toNotifyTaskSize = 0

2024-07-29 13:37:06,224 INFO toClientNotifyTaskSize = 0

2024-07-29 13:37:16,168 INFO [long-pulling] client count 1

2024-07-29 13:37:16,173 INFO groupCount = 1, subscriberClientCount = 0, subscriberCount = 0

2024-07-29 13:37:16,225 INFO toNotifyTaskSize = 0

2024-07-29 13:37:16,226 INFO toClientNotifyTaskSize = 0

2024-07-29 13:37:26,169 INFO [long-pulling] client count 1

2024-07-29 13:37:26,173 INFO groupCount = 1, subscriberClientCount = 0, subscriberCount = 0

2024-07-29 13:37:26,227 INFO toNotifyTaskSize = 0

2024-07-29 13:37:26,229 INFO toClientNotifyTaskSize = 0

2024-07-29 13:37:36,171 INFO [long-pulling] client count 1

2024-07-29 13:37:36,176 INFO groupCount = 1, subscriberClientCount = 0, subscriberCount = 0

2024-07-29 13:37:36,230 INFO toNotifyTaskSize = 0

2024-07-29 13:37:36,231 INFO toClientNotifyTaskSize = 0

2024-07-29 13:37:46,173 INFO [long-pulling] client count 1

2024-07-29 13:37:46,178 INFO groupCount = 1, subscriberClientCount = 0, subscriberCount = 0

2024-07-29 13:37:46,232 INFO toNotifyTaskSize = 0

2024-07-29 13:37:46,233 INFO toClientNotifyTaskSize = 0

2024-07-29 13:37:56,177 INFO [long-pulling] client count 1

2024-07-29 13:37:56,181 INFO groupCount = 1, subscriberClientCount = 0, subscriberCount = 0

2024-07-29 13:37:56,236 INFO toNotifyTaskSize = 0

2024-07-29 13:37:56,236 INFO toClientNotifyTaskSize = 0

2024-07-29 13:38:06,181 INFO [long-pulling] client count 1

2024-07-29 13:38:06,183 INFO groupCount = 1, subscriberClientCount = 0, subscriberCount = 0

2024-07-29 13:38:06,238 INFO toNotifyTaskSize = 0

2024-07-29 13:38:06,239 INFO toClientNotifyTaskSize = 0

2024-07-29 13:38:16,185 INFO [long-pulling] client count 1

2024-07-29 13:38:16,185 INFO groupCount = 1, subscriberClientCount = 0, subscriberCount = 0

2024-07-29 13:38:16,241 INFO toNotifyTaskSize = 0

2024-07-29 13:38:16,242 INFO toClientNotifyTaskSize = 0

2024-07-29 13:38:26,187 INFO [long-pulling] client count 1

2024-07-29 13:38:26,187 INFO groupCount = 1, subscriberClientCount = 0, subscriberCount = 0

2024-07-29 13:38:26,244 INFO toNotifyTaskSize = 0

2024-07-29 13:38:26,246 INFO toClientNotifyTaskSize = 0

2024-07-29 13:38:36,191 INFO [long-pulling] client count 1

2024-07-29 13:38:36,192 INFO groupCount = 1, subscriberClientCount = 0, subscriberCount = 0

2024-07-29 13:38:36,249 INFO toNotifyTaskSize = 0

2024-07-29 13:38:36,251 INFO toClientNotifyTaskSize = 0

2024-07-29 13:38:46,194 INFO [long-pulling] client count 1

2024-07-29 13:38:46,195 INFO groupCount = 1, subscriberClientCount = 0, subscriberCount = 0

2024-07-29 13:38:46,254 INFO toNotifyTaskSize = 0

2024-07-29 13:38:46,259 INFO toClientNotifyTaskSize = 0

2024-07-29 13:38:56,195 INFO [long-pulling] client count 1

2024-07-29 13:38:56,195 INFO groupCount = 1, subscriberClientCount = 0, subscriberCount = 0

2024-07-29 13:38:56,261 INFO toNotifyTaskSize = 0

2024-07-29 13:38:56,261 INFO toClientNotifyTaskSize = 0

2024-07-29 13:39:06,204 INFO [long-pulling] client count 1

2024-07-29 13:39:06,205 INFO groupCount = 1, subscriberClientCount = 0, subscriberCount = 0

2024-07-29 13:39:06,264 INFO toNotifyTaskSize = 0

2024-07-29 13:39:06,265 INFO toClientNotifyTaskSize = 0

2024-07-29 13:39:16,210 INFO [long-pulling] client count 1

2024-07-29 13:39:16,211 INFO groupCount = 1, subscriberClientCount = 0, subscriberCount = 0

2024-07-29 13:39:16,266 INFO toNotifyTaskSize = 0

2024-07-29 13:39:16,268 INFO toClientNotifyTaskSize = 0

2024-07-29 13:39:26,214 INFO [long-pulling] client count 1

2024-07-29 13:39:26,215 INFO groupCount = 1, subscriberClientCount = 0, subscriberCount = 0

2024-07-29 13:39:26,271 INFO toNotifyTaskSize = 0

2024-07-29 13:39:26,272 INFO toClientNotifyTaskSize = 0

2024-07-29 13:39:36,217 INFO [long-pulling] client count 1

2024-07-29 13:39:36,228 INFO groupCount = 1, subscriberClientCount = 0, subscriberCount = 0

2024-07-29 13:39:36,274 INFO toNotifyTaskSize = 0

2024-07-29 13:39:36,275 INFO toClientNotifyTaskSize = 0

2024-07-29 13:39:46,243 INFO [long-pulling] client count 1

2024-07-29 13:39:46,256 INFO groupCount = 1, subscriberClientCount = 0, subscriberCount = 0

2024-07-29 13:39:46,281 INFO toNotifyTaskSize = 0

2024-07-29 13:39:46,283 INFO toClientNotifyTaskSize = 0

2024-07-29 13:39:56,244 INFO [long-pulling] client count 1

2024-07-29 13:39:56,258 INFO groupCount = 1, subscriberClientCount = 0, subscriberCount = 0

2024-07-29 13:39:56,284 INFO toNotifyTaskSize = 0

2024-07-29 13:39:56,285 INFO toClientNotifyTaskSize = 0

2024-07-29 13:40:06,249 INFO [long-pulling] client count 1

2024-07-29 13:40:06,261 INFO groupCount = 1, subscriberClientCount = 0, subscriberCount = 0

2024-07-29 13:40:06,287 INFO toNotifyTaskSize = 0

2024-07-29 13:40:06,288 INFO toClientNotifyTaskSize = 0

2024-07-29 13:40:16,251 INFO [long-pulling] client count 1

2024-07-29 13:40:16,264 INFO groupCount = 1, subscriberClientCount = 0, subscriberCount = 0

2024-07-29 13:40:16,289 INFO toNotifyTaskSize = 0

2024-07-29 13:40:16,290 INFO toClientNotifyTaskSize = 0

2024-07-29 13:40:26,254 INFO [long-pulling] client count 1

2024-07-29 13:40:26,267 INFO groupCount = 1, subscriberClientCount = 0, subscriberCount = 0

2024-07-29 13:40:26,293 INFO toNotifyTaskSize = 0

2024-07-29 13:40:26,295 INFO toClientNotifyTaskSize = 0

2024-07-29 13:40:36,257 INFO [long-pulling] client count 1

2024-07-29 13:40:36,270 INFO groupCount = 1, subscriberClientCount = 0, subscriberCount = 0

2024-07-29 13:40:36,297 INFO toNotifyTaskSize = 0

2024-07-29 13:40:36,298 INFO toClientNotifyTaskSize = 0

2024-07-29 13:40:46,259 INFO [long-pulling] client count 1

2024-07-29 13:40:46,272 INFO groupCount = 1, subscriberClientCount = 0, subscriberCount = 0

2024-07-29 13:40:46,300 INFO toNotifyTaskSize = 0

2024-07-29 13:40:46,301 INFO toClientNotifyTaskSize = 0

2024-07-29 13:40:56,261 INFO [long-pulling] client count 1

2024-07-29 13:40:56,274 INFO groupCount = 1, subscriberClientCount = 0, subscriberCount = 0

2024-07-29 13:40:56,303 INFO toNotifyTaskSize = 0

2024-07-29 13:40:56,304 INFO toClientNotifyTaskSize = 0

2024-07-29 13:41:06,264 INFO [long-pulling] client count 1

2024-07-29 13:41:06,277 INFO groupCount = 1, subscriberClientCount = 0, subscriberCount = 0

2024-07-29 13:41:06,306 INFO toNotifyTaskSize = 0

2024-07-29 13:41:06,307 INFO toClientNotifyTaskSize = 0

2024-07-29 13:41:16,266 INFO [long-pulling] client count 1

2024-07-29 13:41:16,278 INFO groupCount = 1, subscriberClientCount = 0, subscriberCount = 0

2024-07-29 13:41:16,309 INFO toNotifyTaskSize = 0

2024-07-29 13:41:16,310 INFO toClientNotifyTaskSize = 0

2024-07-29 13:41:26,269 INFO [long-pulling] client count 1

2024-07-29 13:41:26,280 INFO groupCount = 1, subscriberClientCount = 0, subscriberCount = 0

2024-07-29 13:41:26,311 INFO toNotifyTaskSize = 0

2024-07-29 13:41:26,312 INFO toClientNotifyTaskSize = 0

2024-07-29 13:41:36,271 INFO [long-pulling] client count 1

2024-07-29 13:41:36,282 INFO groupCount = 1, subscriberClientCount = 0, subscriberCount = 0

2024-07-29 13:41:36,313 INFO toNotifyTaskSize = 0

2024-07-29 13:41:36,314 INFO toClientNotifyTaskSize = 0

2024-07-29 13:41:46,273 INFO [long-pulling] client count 1

2024-07-29 13:41:46,284 INFO groupCount = 1, subscriberClientCount = 0, subscriberCount = 0

2024-07-29 13:41:46,315 INFO toNotifyTaskSize = 0

2024-07-29 13:41:46,316 INFO toClientNotifyTaskSize = 0

2024-07-29 13:41:56,276 INFO [long-pulling] client count 1

2024-07-29 13:41:56,286 INFO groupCount = 1, subscriberClientCount = 0, subscriberCount = 0

2024-07-29 13:41:56,318 INFO toNotifyTaskSize = 0

2024-07-29 13:41:56,319 INFO toClientNotifyTaskSize = 0

2024-07-29 13:42:06,280 INFO [long-pulling] client count 1

2024-07-29 13:42:06,291 INFO groupCount = 1, subscriberClientCount = 0, subscriberCount = 0

2024-07-29 13:42:06,321 INFO toNotifyTaskSize = 0

2024-07-29 13:42:06,322 INFO toClientNotifyTaskSize = 0

2024-07-29 13:42:16,283 INFO [long-pulling] client count 1

2024-07-29 13:42:16,293 INFO groupCount = 1, subscriberClientCount = 0, subscriberCount = 0

2024-07-29 13:42:16,323 INFO toNotifyTaskSize = 0

2024-07-29 13:42:16,324 INFO toClientNotifyTaskSize = 0

2024-07-29 13:42:26,285 INFO [long-pulling] client count 1

2024-07-29 13:42:26,296 INFO groupCount = 1, subscriberClientCount = 0, subscriberCount = 0

2024-07-29 13:42:26,326 INFO toNotifyTaskSize = 0

2024-07-29 13:42:26,327 INFO toClientNotifyTaskSize = 0

2024-07-29 13:42:36,287 INFO [long-pulling] client count 1

2024-07-29 13:42:36,299 INFO groupCount = 1, subscriberClientCount = 0, subscriberCount = 0

2024-07-29 13:42:36,329 INFO toNotifyTaskSize = 0

2024-07-29 13:42:36,330 INFO toClientNotifyTaskSize = 0

2024-07-29 13:42:46,290 INFO [long-pulling] client count 1

2024-07-29 13:42:46,301 INFO groupCount = 1, subscriberClientCount = 0, subscriberCount = 0

2024-07-29 13:42:46,332 INFO toNotifyTaskSize = 0

2024-07-29 13:42:46,333 INFO toClientNotifyTaskSize = 0

2024-07-29 13:42:56,291 INFO [long-pulling] client count 1

2024-07-29 13:42:56,302 INFO groupCount = 1, subscriberClientCount = 0, subscriberCount = 0

2024-07-29 13:42:56,335 INFO toNotifyTaskSize = 0

2024-07-29 13:42:56,335 INFO toClientNotifyTaskSize = 0

2024-07-29 13:43:06,293 INFO [long-pulling] client count 1

2024-07-29 13:43:06,303 INFO groupCount = 1, subscriberClientCount = 0, subscriberCount = 0

2024-07-29 13:43:06,337 INFO toNotifyTaskSize = 0

2024-07-29 13:43:06,338 INFO toClientNotifyTaskSize = 0

2024-07-29 13:43:16,295 INFO [long-pulling] client count 1

2024-07-29 13:43:16,304 INFO groupCount = 1, subscriberClientCount = 0, subscriberCount = 0

2024-07-29 13:43:16,340 INFO toNotifyTaskSize = 0

2024-07-29 13:43:16,343 INFO toClientNotifyTaskSize = 0

2024-07-29 13:43:26,297 INFO [long-pulling] client count 1

2024-07-29 13:43:26,307 INFO groupCount = 1, subscriberClientCount = 0, subscriberCount = 0

2024-07-29 13:43:26,346 INFO toNotifyTaskSize = 0

2024-07-29 13:43:26,348 INFO toClientNotifyTaskSize = 0

2024-07-29 13:43:36,299 INFO [long-pulling] client count 1

2024-07-29 13:43:36,309 INFO groupCount = 1, subscriberClientCount = 0, subscriberCount = 0

2024-07-29 13:43:36,349 INFO toNotifyTaskSize = 0

2024-07-29 13:43:36,350 INFO toClientNotifyTaskSize = 0

2024-07-29 13:43:46,304 INFO [long-pulling] client count 1

2024-07-29 13:43:46,312 INFO groupCount = 1, subscriberClientCount = 0, subscriberCount = 0

2024-07-29 13:43:46,351 INFO toNotifyTaskSize = 0

2024-07-29 13:43:46,353 INFO toClientNotifyTaskSize = 0

2024-07-29 13:43:56,305 INFO [long-pulling] client count 1

2024-07-29 13:43:56,313 INFO groupCount = 1, subscriberClientCount = 0, subscriberCount = 0

2024-07-29 13:43:56,354 INFO toNotifyTaskSize = 0

2024-07-29 13:43:56,357 INFO toClientNotifyTaskSize = 0

2024-07-29 13:44:06,307 INFO [long-pulling] client count 1

2024-07-29 13:44:06,333 INFO groupCount = 1, subscriberClientCount = 0, subscriberCount = 0

2024-07-29 13:44:06,359 INFO toNotifyTaskSize = 0

2024-07-29 13:44:06,360 INFO toClientNotifyTaskSize = 0

2024-07-29 13:44:16,309 INFO [long-pulling] client count 1

2024-07-29 13:44:16,337 INFO groupCount = 1, subscriberClientCount = 0, subscriberCount = 0

2024-07-29 13:44:16,361 INFO toNotifyTaskSize = 0

2024-07-29 13:44:16,363 INFO toClientNotifyTaskSize = 0

2024-07-29 13:44:26,311 INFO [long-pulling] client count 1

2024-07-29 13:44:26,340 INFO groupCount = 1, subscriberClientCount = 0, subscriberCount = 0

2024-07-29 13:44:26,363 INFO toNotifyTaskSize = 0

2024-07-29 13:44:26,365 INFO toClientNotifyTaskSize = 0

2024-07-29 13:44:36,314 INFO [long-pulling] client count 1

2024-07-29 13:44:36,343 INFO groupCount = 1, subscriberClientCount = 0, subscriberCount = 0

2024-07-29 13:44:36,367 INFO toNotifyTaskSize = 0

2024-07-29 13:44:36,368 INFO toClientNotifyTaskSize = 0

2024-07-29 13:44:46,315 INFO [long-pulling] client count 1

2024-07-29 13:44:46,345 INFO groupCount = 1, subscriberClientCount = 0, subscriberCount = 0

2024-07-29 13:44:46,369 INFO toNotifyTaskSize = 0

2024-07-29 13:44:46,370 INFO toClientNotifyTaskSize = 0

2024-07-29 13:44:56,319 INFO [long-pulling] client count 1

2024-07-29 13:44:56,348 INFO groupCount = 1, subscriberClientCount = 0, subscriberCount = 0

2024-07-29 13:44:56,373 INFO toNotifyTaskSize = 0

2024-07-29 13:44:56,375 INFO toClientNotifyTaskSize = 0

2024-07-29 13:45:06,322 INFO [long-pulling] client count 1

2024-07-29 13:45:06,352 INFO groupCount = 1, subscriberClientCount = 0, subscriberCount = 0

2024-07-29 13:45:06,378 INFO toNotifyTaskSize = 0

2024-07-29 13:45:06,379 INFO toClientNotifyTaskSize = 0

2024-07-29 13:45:16,325 INFO [long-pulling] client count 1

2024-07-29 13:45:16,355 INFO groupCount = 1, subscriberClientCount = 0, subscriberCount = 0

2024-07-29 13:45:16,381 INFO toNotifyTaskSize = 0

2024-07-29 13:45:16,382 INFO toClientNotifyTaskSize = 0

2024-07-29 13:45:26,328 INFO [long-pulling] client count 1

2024-07-29 13:45:26,357 INFO groupCount = 1, subscriberClientCount = 0, subscriberCount = 0

2024-07-29 13:45:26,384 INFO toNotifyTaskSize = 0

2024-07-29 13:45:26,385 INFO toClientNotifyTaskSize = 0

2024-07-29 13:45:36,330 INFO [long-pulling] client count 1

2024-07-29 13:45:36,360 INFO groupCount = 1, subscriberClientCount = 0, subscriberCount = 0

2024-07-29 13:45:36,387 INFO toNotifyTaskSize = 0

2024-07-29 13:45:36,390 INFO toClientNotifyTaskSize = 0

2024-07-29 13:45:46,333 INFO [long-pulling] client count 0

2024-07-29 13:45:46,362 INFO groupCount = 1, subscriberClientCount = 0, subscriberCount = 0

2024-07-29 13:45:46,391 INFO toNotifyTaskSize = 0

2024-07-29 13:45:46,392 INFO toClientNotifyTaskSize = 0

2024-07-29 13:45:56,335 INFO [long-pulling] client count 1

2024-07-29 13:45:56,364 INFO groupCount = 1, subscriberClientCount = 0, subscriberCount = 0

2024-07-29 13:45:56,393 INFO toNotifyTaskSize = 0

2024-07-29 13:45:56,394 INFO toClientNotifyTaskSize = 0

2024-07-29 13:46:06,337 INFO [long-pulling] client count 1

2024-07-29 13:46:06,365 INFO groupCount = 1, subscriberClientCount = 0, subscriberCount = 0

2024-07-29 13:46:06,395 INFO toNotifyTaskSize = 0

2024-07-29 13:46:06,396 INFO toClientNotifyTaskSize = 0

2024-07-29 13:46:16,341 INFO [long-pulling] client count 1

2024-07-29 13:46:16,367 INFO groupCount = 1, subscriberClientCount = 0, subscriberCount = 0

2024-07-29 13:46:16,398 INFO toNotifyTaskSize = 0

2024-07-29 13:46:16,399 INFO toClientNotifyTaskSize = 0

2024-07-29 13:46:26,344 INFO [long-pulling] client count 1

2024-07-29 13:46:26,372 INFO groupCount = 1, subscriberClientCount = 0, subscriberCount = 0

2024-07-29 13:46:26,402 INFO toNotifyTaskSize = 0

2024-07-29 13:46:26,403 INFO toClientNotifyTaskSize = 0

2024-07-29 13:46:36,347 INFO [long-pulling] client count 1

2024-07-29 13:46:36,375 INFO groupCount = 1, subscriberClientCount = 0, subscriberCount = 0

2024-07-29 13:46:36,405 INFO toNotifyTaskSize = 0

2024-07-29 13:46:36,406 INFO toClientNotifyTaskSize = 0

2024-07-29 13:46:46,349 INFO [long-pulling] client count 1

2024-07-29 13:46:46,381 INFO groupCount = 1, subscriberClientCount = 0, subscriberCount = 0

2024-07-29 13:46:46,408 INFO toNotifyTaskSize = 0

2024-07-29 13:46:46,409 INFO toClientNotifyTaskSize = 0

2024-07-29 13:46:56,352 INFO [long-pulling] client count 1

2024-07-29 13:46:56,385 INFO groupCount = 1, subscriberClientCount = 0, subscriberCount = 0

2024-07-29 13:46:56,411 INFO toNotifyTaskSize = 0

2024-07-29 13:46:56,412 INFO toClientNotifyTaskSize = 0

2024-07-29 13:47:06,354 INFO [long-pulling] client count 1

2024-07-29 13:47:06,386 INFO groupCount = 1, subscriberClientCount = 0, subscriberCount = 0

2024-07-29 13:47:06,413 INFO toNotifyTaskSize = 0

2024-07-29 13:47:06,414 INFO toClientNotifyTaskSize = 0

2024-07-29 13:47:16,356 INFO [long-pulling] client count 2

2024-07-29 13:47:16,388 INFO groupCount = 1, subscriberClientCount = 0, subscriberCount = 0

2024-07-29 13:47:16,416 INFO toNotifyTaskSize = 0

2024-07-29 13:47:16,417 INFO toClientNotifyTaskSize = 0

2024-07-29 13:47:26,358 INFO [long-pulling] client count 1

2024-07-29 13:47:26,391 INFO groupCount = 1, subscriberClientCount = 0, subscriberCount = 0

2024-07-29 13:47:26,418 INFO toNotifyTaskSize = 0

2024-07-29 13:47:26,419 INFO toClientNotifyTaskSize = 0

2024-07-29 13:47:36,362 INFO [long-pulling] client count 1

2024-07-29 13:47:36,393 INFO groupCount = 1, subscriberClientCount = 0, subscriberCount = 0

2024-07-29 13:47:36,420 INFO toNotifyTaskSize = 0

2024-07-29 13:47:36,421 INFO toClientNotifyTaskSize = 0

2024-07-29 13:47:46,364 INFO [long-pulling] client count 1

2024-07-29 13:47:46,396 INFO groupCount = 1, subscriberClientCount = 0, subscriberCount = 0

2024-07-29 13:47:46,422 INFO toNotifyTaskSize = 0

2024-07-29 13:47:46,423 INFO toClientNotifyTaskSize = 0

2024-07-29 13:47:56,367 INFO [long-pulling] client count 1

2024-07-29 13:47:56,398 INFO groupCount = 1, subscriberClientCount = 0, subscriberCount = 0

2024-07-29 13:47:56,426 INFO toNotifyTaskSize = 0

2024-07-29 13:47:56,428 INFO toClientNotifyTaskSize = 0

2024-07-29 13:48:06,369 INFO [long-pulling] client count 1

2024-07-29 13:48:06,401 INFO groupCount = 1, subscriberClientCount = 0, subscriberCount = 0

2024-07-29 13:48:06,429 INFO toNotifyTaskSize = 0

2024-07-29 13:48:06,432 INFO toClientNotifyTaskSize = 0

2024-07-29 13:48:16,371 INFO [long-pulling] client count 1

2024-07-29 13:48:16,402 INFO groupCount = 1, subscriberClientCount = 0, subscriberCount = 0

2024-07-29 13:48:16,433 INFO toNotifyTaskSize = 0

2024-07-29 13:48:16,434 INFO toClientNotifyTaskSize = 0

2024-07-29 13:48:26,374 INFO [long-pulling] client count 1

2024-07-29 13:48:26,406 INFO groupCount = 1, subscriberClientCount = 0, subscriberCount = 0

2024-07-29 13:48:26,435 INFO toNotifyTaskSize = 0

2024-07-29 13:48:26,436 INFO toClientNotifyTaskSize = 0

2024-07-29 13:48:36,375 INFO [long-pulling] client count 1

2024-07-29 13:48:36,408 INFO groupCount = 1, subscriberClientCount = 0, subscriberCount = 0

2024-07-29 13:48:36,438 INFO toNotifyTaskSize = 0

2024-07-29 13:48:36,439 INFO toClientNotifyTaskSize = 0

2024-07-29 13:48:46,379 INFO [long-pulling] client count 1

2024-07-29 13:48:46,410 INFO groupCount = 1, subscriberClientCount = 0, subscriberCount = 0

2024-07-29 13:48:46,440 INFO toNotifyTaskSize = 0

2024-07-29 13:48:46,441 INFO toClientNotifyTaskSize = 0

2024-07-29 13:48:56,381 INFO [long-pulling] client count 1

2024-07-29 13:48:56,412 INFO groupCount = 1, subscriberClientCount = 0, subscriberCount = 0

2024-07-29 13:48:56,442 INFO toNotifyTaskSize = 0

2024-07-29 13:48:56,445 INFO toClientNotifyTaskSize = 0

2024-07-29 13:49:06,383 INFO [long-pulling] client count 1

2024-07-29 13:49:06,414 INFO groupCount = 1, subscriberClientCount = 0, subscriberCount = 0

2024-07-29 13:49:06,447 INFO toNotifyTaskSize = 0

2024-07-29 13:49:06,447 INFO toClientNotifyTaskSize = 0

2024-07-29 13:49:16,386 INFO [long-pulling] client count 1

2024-07-29 13:49:16,416 INFO groupCount = 1, subscriberClientCount = 0, subscriberCount = 0

2024-07-29 13:49:16,449 INFO toNotifyTaskSize = 0

2024-07-29 13:49:16,450 INFO toClientNotifyTaskSize = 0

2024-07-29 13:49:26,394 INFO [long-pulling] client count 1

2024-07-29 13:49:26,418 INFO groupCount = 1, subscriberClientCount = 0, subscriberCount = 0

2024-07-29 13:49:26,452 INFO toNotifyTaskSize = 0

2024-07-29 13:49:26,453 INFO toClientNotifyTaskSize = 0

2024-07-29 13:49:36,396 INFO [long-pulling] client count 1

2024-07-29 13:49:36,421 INFO groupCount = 1, subscriberClientCount = 0, subscriberCount = 0

2024-07-29 13:49:36,455 INFO toNotifyTaskSize = 0

2024-07-29 13:49:36,457 INFO toClientNotifyTaskSize = 0

2024-07-29 13:49:46,398 INFO [long-pulling] client count 1

2024-07-29 13:49:46,423 INFO groupCount = 1, subscriberClientCount = 0, subscriberCount = 0

2024-07-29 13:49:46,459 INFO toNotifyTaskSize = 0

2024-07-29 13:49:46,462 INFO toClientNotifyTaskSize = 0

2024-07-29 13:49:56,400 INFO [long-pulling] client count 1

2024-07-29 13:49:56,426 INFO groupCount = 1, subscriberClientCount = 0, subscriberCount = 0

2024-07-29 13:49:56,465 INFO toNotifyTaskSize = 0

2024-07-29 13:49:56,466 INFO toClientNotifyTaskSize = 0

2024-07-29 13:50:06,402 INFO [long-pulling] client count 1

2024-07-29 13:50:06,428 INFO groupCount = 1, subscriberClientCount = 0, subscriberCount = 0

2024-07-29 13:50:06,467 INFO toNotifyTaskSize = 0

2024-07-29 13:50:06,469 INFO toClientNotifyTaskSize = 0

2024-07-29 13:50:16,404 INFO [long-pulling] client count 1

2024-07-29 13:50:16,431 INFO groupCount = 1, subscriberClientCount = 0, subscriberCount = 0

2024-07-29 13:50:16,471 INFO toNotifyTaskSize = 0

2024-07-29 13:50:16,472 INFO toClientNotifyTaskSize = 0

2024-07-29 13:50:26,405 INFO [long-pulling] client count 2

2024-07-29 13:50:26,434 INFO groupCount = 1, subscriberClientCount = 0, subscriberCount = 0

2024-07-29 13:50:26,475 INFO toNotifyTaskSize = 0

2024-07-29 13:50:26,475 INFO toClientNotifyTaskSize = 0

2024-07-29 13:50:36,408 INFO [long-pulling] client count 2

2024-07-29 13:50:36,436 INFO groupCount = 1, subscriberClientCount = 0, subscriberCount = 0

2024-07-29 13:50:36,477 INFO toNotifyTaskSize = 0

2024-07-29 13:50:36,478 INFO toClientNotifyTaskSize = 0

2024-07-29 13:50:46,411 INFO [long-pulling] client count 1

2024-07-29 13:50:46,439 INFO groupCount = 1, subscriberClientCount = 0, subscriberCount = 0

2024-07-29 13:50:46,480 INFO toNotifyTaskSize = 0

2024-07-29 13:50:46,482 INFO toClientNotifyTaskSize = 0

2024-07-29 13:50:56,412 INFO [long-pulling] client count 1

2024-07-29 13:50:56,441 INFO groupCount = 1, subscriberClientCount = 0, subscriberCount = 0

2024-07-29 13:50:56,484 INFO toNotifyTaskSize = 0

2024-07-29 13:50:56,484 INFO toClientNotifyTaskSize = 0

2024-07-29 13:51:06,414 INFO [long-pulling] client count 1

2024-07-29 13:51:06,444 INFO groupCount = 1, subscriberClientCount = 0, subscriberCount = 0

2024-07-29 13:51:06,486 INFO toNotifyTaskSize = 0

2024-07-29 13:51:06,487 INFO toClientNotifyTaskSize = 0

2024-07-29 13:51:16,417 INFO [long-pulling] client count 1

2024-07-29 13:51:16,445 INFO groupCount = 1, subscriberClientCount = 0, subscriberCount = 0

2024-07-29 13:51:16,488 INFO toNotifyTaskSize = 0

2024-07-29 13:51:16,489 INFO toClientNotifyTaskSize = 0

2024-07-29 13:51:26,418 INFO [long-pulling] client count 1

2024-07-29 13:51:26,448 INFO groupCount = 1, subscriberClientCount = 0, subscriberCount = 0

2024-07-29 13:51:26,490 INFO toNotifyTaskSize = 0

2024-07-29 13:51:26,492 INFO toClientNotifyTaskSize = 0

2024-07-29 13:51:36,422 INFO [long-pulling] client count 1

2024-07-29 13:51:36,451 INFO groupCount = 1, subscriberClientCount = 0, subscriberCount = 0

2024-07-29 13:51:36,494 INFO toNotifyTaskSize = 0

2024-07-29 13:51:36,495 INFO toClientNotifyTaskSize = 0

2024-07-29 13:51:46,424 INFO [long-pulling] client count 1

2024-07-29 13:51:46,452 INFO groupCount = 1, subscriberClientCount = 0, subscriberCount = 0

2024-07-29 13:51:46,496 INFO toNotifyTaskSize = 0

2024-07-29 13:51:46,497 INFO toClientNotifyTaskSize = 0

2024-07-29 13:51:56,427 INFO [long-pulling] client count 1

2024-07-29 13:51:56,457 INFO groupCount = 1, subscriberClientCount = 0, subscriberCount = 0

2024-07-29 13:51:56,500 INFO toNotifyTaskSize = 0

2024-07-29 13:51:56,502 INFO toClientNotifyTaskSize = 0

2024-07-29 13:52:06,430 INFO [long-pulling] client count 1

2024-07-29 13:52:06,461 INFO groupCount = 1, subscriberClientCount = 0, subscriberCount = 0

2024-07-29 13:52:06,504 INFO toNotifyTaskSize = 0

2024-07-29 13:52:06,505 INFO toClientNotifyTaskSize = 0

2024-07-29 13:52:16,432 INFO [long-pulling] client count 1

2024-07-29 13:52:16,464 INFO groupCount = 1, subscriberClientCount = 0, subscriberCount = 0

2024-07-29 13:52:16,508 INFO toNotifyTaskSize = 0

2024-07-29 13:52:16,510 INFO toClientNotifyTaskSize = 0

2024-07-29 13:52:26,382 INFO [long-pulling] client count 1

2024-07-29 13:52:26,416 INFO groupCount = 1, subscriberClientCount = 0, subscriberCount = 0

2024-07-29 13:52:26,459 INFO toNotifyTaskSize = 0

2024-07-29 13:52:26,460 INFO toClientNotifyTaskSize = 0

2024-07-29 13:52:36,384 INFO [long-pulling] client count 1

2024-07-29 13:52:36,418 INFO groupCount = 1, subscriberClientCount = 0, subscriberCount = 0

2024-07-29 13:52:36,462 INFO toNotifyTaskSize = 0

2024-07-29 13:52:36,463 INFO toClientNotifyTaskSize = 0

2024-07-29 13:52:46,387 INFO [long-pulling] client count 1

2024-07-29 13:52:46,423 INFO groupCount = 1, subscriberClientCount = 0, subscriberCount = 0

2024-07-29 13:52:46,465 INFO toNotifyTaskSize = 0

2024-07-29 13:52:46,467 INFO toClientNotifyTaskSize = 0

2024-07-29 13:52:56,390 INFO [long-pulling] client count 1

2024-07-29 13:52:56,425 INFO groupCount = 1, subscriberClientCount = 0, subscriberCount = 0

2024-07-29 13:52:56,469 INFO toNotifyTaskSize = 0

2024-07-29 13:52:56,472 INFO toClientNotifyTaskSize = 0

2024-07-29 13:53:06,394 INFO [long-pulling] client count 1

2024-07-29 13:53:06,428 INFO groupCount = 1, subscriberClientCount = 0, subscriberCount = 0

2024-07-29 13:53:06,474 INFO toNotifyTaskSize = 0

2024-07-29 13:53:06,476 INFO toClientNotifyTaskSize = 0

2024-07-29 13:53:16,395 INFO [long-pulling] client count 1

2024-07-29 13:53:16,431 INFO groupCount = 1, subscriberClientCount = 0, subscriberCount = 0

2024-07-29 13:53:16,477 INFO toNotifyTaskSize = 0

2024-07-29 13:53:16,479 INFO toClientNotifyTaskSize = 0

2024-07-29 13:53:26,397 INFO [long-pulling] client count 0

2024-07-29 13:53:26,431 INFO groupCount = 1, subscriberClientCount = 0, subscriberCount = 0

2024-07-29 13:53:26,480 INFO toNotifyTaskSize = 0

2024-07-29 13:53:26,482 INFO toClientNotifyTaskSize = 0

2024-07-29 13:53:36,399 INFO [long-pulling] client count 0

2024-07-29 13:53:36,433 INFO groupCount = 1, subscriberClientCount = 0, subscriberCount = 0

2024-07-29 13:53:36,484 INFO toNotifyTaskSize = 0

2024-07-29 13:53:36,489 INFO toClientNotifyTaskSize = 0

2024-07-29 13:53:46,402 INFO [long-pulling] client count 1

2024-07-29 13:53:46,435 INFO groupCount = 1, subscriberClientCount = 0, subscriberCount = 0

2024-07-29 13:53:46,493 INFO toNotifyTaskSize = 0

2024-07-29 13:53:46,496 INFO toClientNotifyTaskSize = 0

2024-07-29 13:53:56,405 INFO [long-pulling] client count 1

2024-07-29 13:53:56,437 INFO groupCount = 1, subscriberClientCount = 0, subscriberCount = 0

2024-07-29 13:53:56,498 INFO toNotifyTaskSize = 0

2024-07-29 13:53:56,499 INFO toClientNotifyTaskSize = 0

2024-07-29 13:54:06,407 INFO [long-pulling] client count 1

2024-07-29 13:54:06,438 INFO groupCount = 1, subscriberClientCount = 0, subscriberCount = 0

2024-07-29 13:54:06,500 INFO toNotifyTaskSize = 0

2024-07-29 13:54:06,502 INFO toClientNotifyTaskSize = 0

2024-07-29 13:54:16,432 INFO [long-pulling] client count 1

2024-07-29 13:54:16,447 INFO groupCount = 1, subscriberClientCount = 0, subscriberCount = 0

2024-07-29 13:54:16,504 INFO toNotifyTaskSize = 0

2024-07-29 13:54:16,505 INFO toClientNotifyTaskSize = 0

2024-07-29 13:54:26,436 INFO [long-pulling] client count 1

2024-07-29 13:54:26,447 INFO groupCount = 1, subscriberClientCount = 0, subscriberCount = 0

2024-07-29 13:54:26,506 INFO toNotifyTaskSize = 0

2024-07-29 13:54:26,507 INFO toClientNotifyTaskSize = 0

2024-07-29 13:54:36,439 INFO [long-pulling] client count 1

2024-07-29 13:54:36,449 INFO groupCount = 1, subscriberClientCount = 0, subscriberCount = 0

2024-07-29 13:54:36,509 INFO toNotifyTaskSize = 0

2024-07-29 13:54:36,510 INFO toClientNotifyTaskSize = 0

2024-07-29 13:54:46,442 INFO [long-pulling] client count 1

2024-07-29 13:54:46,451 INFO groupCount = 1, subscriberClientCount = 0, subscriberCount = 0

2024-07-29 13:54:46,512 INFO toNotifyTaskSize = 0

2024-07-29 13:54:46,513 INFO toClientNotifyTaskSize = 0

2024-07-29 13:54:56,447 INFO [long-pulling] client count 1

2024-07-29 13:54:56,456 INFO groupCount = 1, subscriberClientCount = 0, subscriberCount = 0

2024-07-29 13:54:56,516 INFO toNotifyTaskSize = 0

2024-07-29 13:54:56,516 INFO toClientNotifyTaskSize = 0

2024-07-29 13:55:06,449 INFO [long-pulling] client count 1

2024-07-29 13:55:06,458 INFO groupCount = 1, subscriberClientCount = 0, subscriberCount = 0

2024-07-29 13:55:06,518 INFO toNotifyTaskSize = 0

2024-07-29 13:55:06,519 INFO toClientNotifyTaskSize = 0

2024-07-29 13:55:16,451 INFO [long-pulling] client count 0

2024-07-29 13:55:16,460 INFO groupCount = 1, subscriberClientCount = 0, subscriberCount = 0

2024-07-29 13:55:16,521 INFO toNotifyTaskSize = 0

2024-07-29 13:55:16,522 INFO toClientNotifyTaskSize = 0

2024-07-29 13:55:26,454 INFO [long-pulling] client count 0

2024-07-29 13:55:26,463 INFO groupCount = 1, subscriberClientCount = 0, subscriberCount = 0

2024-07-29 13:55:26,523 INFO toNotifyTaskSize = 0

2024-07-29 13:55:26,524 INFO toClientNotifyTaskSize = 0

2024-07-29 13:55:36,457 INFO [long-pulling] client count 0

2024-07-29 13:55:36,466 INFO groupCount = 1, subscriberClientCount = 0, subscriberCount = 0

2024-07-29 13:55:36,525 INFO toNotifyTaskSize = 0

2024-07-29 13:55:36,525 INFO toClientNotifyTaskSize = 0

2024-07-29 13:55:46,462 INFO [long-pulling] client count 0

2024-07-29 13:55:46,468 INFO groupCount = 1, subscriberClientCount = 0, subscriberCount = 0

2024-07-29 13:55:46,527 INFO toNotifyTaskSize = 0

2024-07-29 13:55:46,528 INFO toClientNotifyTaskSize = 0

2024-07-29 13:55:56,464 INFO [long-pulling] client count 0

2024-07-29 13:55:56,469 INFO groupCount = 1, subscriberClientCount = 0, subscriberCount = 0

2024-07-29 13:55:56,529 INFO toNotifyTaskSize = 0

2024-07-29 13:55:56,530 INFO toClientNotifyTaskSize = 0

2024-07-29 13:56:06,466 INFO [long-pulling] client count 0

2024-07-29 13:56:06,473 INFO groupCount = 1, subscriberClientCount = 0, subscriberCount = 0

2024-07-29 13:56:06,531 INFO toNotifyTaskSize = 0

2024-07-29 13:56:06,532 INFO toClientNotifyTaskSize = 0

2024-07-29 13:56:16,469 INFO [long-pulling] client count 0

2024-07-29 13:56:16,475 INFO groupCount = 1, subscriberClientCount = 0, subscriberCount = 0

2024-07-29 13:56:16,534 INFO toNotifyTaskSize = 0

2024-07-29 13:56:16,536 INFO toClientNotifyTaskSize = 0

2024-07-29 13:56:26,472 INFO [long-pulling] client count 0

2024-07-29 13:56:26,478 INFO groupCount = 1, subscriberClientCount = 0, subscriberCount = 0

2024-07-29 13:56:26,540 INFO toNotifyTaskSize = 0

2024-07-29 13:56:26,540 INFO toClientNotifyTaskSize = 0

2024-07-29 13:56:36,476 INFO [long-pulling] client count 0

2024-07-29 13:56:36,480 INFO groupCount = 1, subscriberClientCount = 0, subscriberCount = 0

2024-07-29 13:56:36,541 INFO toNotifyTaskSize = 0

2024-07-29 13:56:36,542 INFO toClientNotifyTaskSize = 0

2024-07-29 13:56:46,478 INFO [long-pulling] client count 0

2024-07-29 13:56:46,482 INFO groupCount = 1, subscriberClientCount = 0, subscriberCount = 0

2024-07-29 13:56:46,544 INFO toNotifyTaskSize = 0

2024-07-29 13:56:46,545 INFO toClientNotifyTaskSize = 0

2024-07-29 13:56:56,479 INFO [long-pulling] client count 0

2024-07-29 13:56:56,483 INFO groupCount = 1, subscriberClientCount = 0, subscriberCount = 0

2024-07-29 13:56:56,546 INFO toNotifyTaskSize = 0

2024-07-29 13:56:56,547 INFO toClientNotifyTaskSize = 0

2024-07-29 13:57:06,481 INFO [long-pulling] client count 1

2024-07-29 13:57:06,485 INFO groupCount = 1, subscriberClientCount = 0, subscriberCount = 0

2024-07-29 13:57:06,548 INFO toNotifyTaskSize = 0

2024-07-29 13:57:06,551 INFO toClientNotifyTaskSize = 0

2024-07-29 13:57:16,484 INFO [long-pulling] client count 1

2024-07-29 13:57:16,487 INFO groupCount = 1, subscriberClientCount = 0, subscriberCount = 0

2024-07-29 13:57:16,554 INFO toNotifyTaskSize = 0

2024-07-29 13:57:16,555 INFO toClientNotifyTaskSize = 0

2024-07-29 13:57:26,485 INFO [long-pulling] client count 1

2024-07-29 13:57:26,488 INFO groupCount = 1, subscriberClientCount = 0, subscriberCount = 0

2024-07-29 13:57:26,555 INFO toNotifyTaskSize = 0

2024-07-29 13:57:26,557 INFO toClientNotifyTaskSize = 0

2024-07-29 13:57:36,489 INFO [long-pulling] client count 1

2024-07-29 13:57:36,490 INFO groupCount = 1, subscriberClientCount = 0, subscriberCount = 0

2024-07-29 13:57:36,560 INFO toNotifyTaskSize = 0

2024-07-29 13:57:36,561 INFO toClientNotifyTaskSize = 0

2024-07-29 13:57:46,491 INFO [long-pulling] client count 1

2024-07-29 13:57:46,493 INFO groupCount = 1, subscriberClientCount = 0, subscriberCount = 0

2024-07-29 13:57:46,562 INFO toNotifyTaskSize = 0

2024-07-29 13:57:46,563 INFO toClientNotifyTaskSize = 0

2024-07-29 13:57:56,494 INFO [long-pulling] client count 1

2024-07-29 13:57:56,496 INFO groupCount = 1, subscriberClientCount = 0, subscriberCount = 0

2024-07-29 13:57:56,565 INFO toNotifyTaskSize = 0

2024-07-29 13:57:56,565 INFO toClientNotifyTaskSize = 0

2024-07-29 13:58:06,497 INFO [long-pulling] client count 1

2024-07-29 13:58:06,500 INFO groupCount = 1, subscriberClientCount = 0, subscriberCount = 0

2024-07-29 13:58:06,567 INFO toNotifyTaskSize = 0

2024-07-29 13:58:06,568 INFO toClientNotifyTaskSize = 0

2024-07-29 13:58:16,499 INFO [long-pulling] client count 1

2024-07-29 13:58:16,502 INFO groupCount = 1, subscriberClientCount = 0, subscriberCount = 0

2024-07-29 13:58:16,570 INFO toNotifyTaskSize = 0

2024-07-29 13:58:16,570 INFO toClientNotifyTaskSize = 0

2024-07-29 13:58:26,501 INFO [long-pulling] client count 1

2024-07-29 13:58:26,503 INFO groupCount = 1, subscriberClientCount = 0, subscriberCount = 0

2024-07-29 13:58:26,572 INFO toNotifyTaskSize = 0

2024-07-29 13:58:26,572 INFO toClientNotifyTaskSize = 0

2024-07-29 13:58:36,505 INFO [long-pulling] client count 1

2024-07-29 13:58:36,505 INFO groupCount = 1, subscriberClientCount = 0, subscriberCount = 0

2024-07-29 13:58:36,574 INFO toNotifyTaskSize = 0

2024-07-29 13:58:36,574 INFO toClientNotifyTaskSize = 0

2024-07-29 13:58:46,508 INFO groupCount = 1, subscriberClientCount = 0, subscriberCount = 0

2024-07-29 13:58:46,507 INFO [long-pulling] client count 1

2024-07-29 13:58:46,578 INFO toNotifyTaskSize = 0

2024-07-29 13:58:46,578 INFO toClientNotifyTaskSize = 0

2024-07-29 13:58:56,511 INFO [long-pulling] client count 1

2024-07-29 13:58:56,511 INFO groupCount = 1, subscriberClientCount = 0, subscriberCount = 0

2024-07-29 13:58:56,580 INFO toNotifyTaskSize = 0

2024-07-29 13:58:56,581 INFO toClientNotifyTaskSize = 0

2024-07-29 13:59:06,513 INFO [long-pulling] client count 1

2024-07-29 13:59:06,513 INFO groupCount = 1, subscriberClientCount = 0, subscriberCount = 0

2024-07-29 13:59:06,582 INFO toNotifyTaskSize = 0

2024-07-29 13:59:06,583 INFO toClientNotifyTaskSize = 0

2024-07-29 13:59:16,517 INFO [long-pulling] client count 1

2024-07-29 13:59:16,518 INFO groupCount = 1, subscriberClientCount = 0, subscriberCount = 0

2024-07-29 13:59:16,584 INFO toNotifyTaskSize = 0

2024-07-29 13:59:16,585 INFO toClientNotifyTaskSize = 0

2024-07-29 13:59:26,511 INFO [long-pulling] client count 1

2024-07-29 13:59:26,512 INFO groupCount = 1, subscriberClientCount = 0, subscriberCount = 0

2024-07-29 13:59:26,577 INFO toNotifyTaskSize = 0

2024-07-29 13:59:26,578 INFO toClientNotifyTaskSize = 0

2024-07-29 13:59:36,513 INFO [long-pulling] client count 1

2024-07-29 13:59:36,513 INFO groupCount = 1, subscriberClientCount = 0, subscriberCount = 0

2024-07-29 13:59:36,579 INFO toNotifyTaskSize = 0

2024-07-29 13:59:36,581 INFO toClientNotifyTaskSize = 0

2024-07-29 13:59:46,516 INFO [long-pulling] client count 1

2024-07-29 13:59:46,517 INFO groupCount = 1, subscriberClientCount = 0, subscriberCount = 0

2024-07-29 13:59:46,583 INFO toNotifyTaskSize = 0

2024-07-29 13:59:46,583 INFO toClientNotifyTaskSize = 0

2024-07-29 13:59:56,528 INFO [long-pulling] client count 1

2024-07-29 13:59:56,529 INFO groupCount = 1, subscriberClientCount = 0, subscriberCount = 0

2024-07-29 13:59:56,595 INFO toNotifyTaskSize = 0

2024-07-29 13:59:56,596 INFO toClientNotifyTaskSize = 0

2024-07-29 14:00:06,532 INFO [long-pulling] client count 1

2024-07-29 14:00:06,532 INFO groupCount = 1, subscriberClientCount = 0, subscriberCount = 0

2024-07-29 14:00:06,598 INFO toNotifyTaskSize = 0

2024-07-29 14:00:06,599 INFO toClientNotifyTaskSize = 0

2024-07-29 14:00:16,534 INFO [long-pulling] client count 1

2024-07-29 14:00:16,535 INFO groupCount = 1, subscriberClientCount = 0, subscriberCount = 0

2024-07-29 14:00:16,600 INFO toNotifyTaskSize = 0

2024-07-29 14:00:16,600 INFO toClientNotifyTaskSize = 0

2024-07-29 14:00:26,538 INFO [long-pulling] client count 1

2024-07-29 14:00:26,538 INFO groupCount = 1, subscriberClientCount = 0, subscriberCount = 0

2024-07-29 14:00:26,603 INFO toNotifyTaskSize = 0

2024-07-29 14:00:26,605 INFO toClientNotifyTaskSize = 0

2024-07-29 14:00:36,540 INFO [long-pulling] client count 1

2024-07-29 14:00:36,542 INFO groupCount = 1, subscriberClientCount = 0, subscriberCount = 0

2024-07-29 14:00:36,608 INFO toNotifyTaskSize = 0

2024-07-29 14:00:36,611 INFO toClientNotifyTaskSize = 0

2024-07-29 14:00:46,542 INFO [long-pulling] client count 1

2024-07-29 14:00:46,544 INFO groupCount = 1, subscriberClientCount = 0, subscriberCount = 0

2024-07-29 14:00:46,613 INFO toNotifyTaskSize = 0

2024-07-29 14:00:46,614 INFO toClientNotifyTaskSize = 0

2024-07-29 14:00:56,545 INFO groupCount = 1, subscriberClientCount = 0, subscriberCount = 0

2024-07-29 14:00:56,545 INFO [long-pulling] client count 1

2024-07-29 14:00:56,615 INFO toNotifyTaskSize = 0

2024-07-29 14:00:56,617 INFO toClientNotifyTaskSize = 0

2024-07-29 14:01:06,547 INFO [long-pulling] client count 1

2024-07-29 14:01:06,547 INFO groupCount = 1, subscriberClientCount = 0, subscriberCount = 0

2024-07-29 14:01:06,618 INFO toNotifyTaskSize = 0

2024-07-29 14:01:06,620 INFO toClientNotifyTaskSize = 0

2024-07-29 14:01:16,549 INFO [long-pulling] client count 1

2024-07-29 14:01:16,549 INFO groupCount = 1, subscriberClientCount = 0, subscriberCount = 0

2024-07-29 14:01:16,622 INFO toNotifyTaskSize = 0

2024-07-29 14:01:16,624 INFO toClientNotifyTaskSize = 0

2024-07-29 14:01:26,551 INFO [long-pulling] client count 0

2024-07-29 14:01:26,552 INFO groupCount = 1, subscriberClientCount = 0, subscriberCount = 0

2024-07-29 14:01:26,626 INFO toNotifyTaskSize = 0

2024-07-29 14:01:26,627 INFO toClientNotifyTaskSize = 0

2024-07-29 14:01:36,553 INFO [long-pulling] client count 0

2024-07-29 14:01:36,553 INFO groupCount = 1, subscriberClientCount = 0, subscriberCount = 0

2024-07-29 14:01:36,628 INFO toNotifyTaskSize = 0

2024-07-29 14:01:36,629 INFO toClientNotifyTaskSize = 0

2024-07-29 14:01:46,555 INFO [long-pulling] client count 0

2024-07-29 14:01:46,556 INFO groupCount = 1, subscriberClientCount = 0, subscriberCount = 0

2024-07-29 14:01:46,630 INFO toNotifyTaskSize = 0

2024-07-29 14:01:46,631 INFO toClientNotifyTaskSize = 0

2024-07-29 14:01:56,558 INFO [long-pulling] client count 0

2024-07-29 14:01:56,558 INFO groupCount = 1, subscriberClientCount = 0, subscriberCount = 0

2024-07-29 14:01:56,633 INFO toNotifyTaskSize = 0

2024-07-29 14:01:56,634 INFO toClientNotifyTaskSize = 0

2024-07-29 14:02:06,563 INFO groupCount = 1, subscriberClientCount = 0, subscriberCount = 0

2024-07-29 14:02:06,563 INFO [long-pulling] client count 0

2024-07-29 14:02:06,636 INFO toNotifyTaskSize = 0

2024-07-29 14:02:06,638 INFO toClientNotifyTaskSize = 0

2024-07-29 14:02:16,565 INFO groupCount = 1, subscriberClientCount = 0, subscriberCount = 0

2024-07-29 14:02:16,566 INFO [long-pulling] client count 0

2024-07-29 14:02:16,640 INFO toNotifyTaskSize = 0

2024-07-29 14:02:16,641 INFO toClientNotifyTaskSize = 0

2024-07-29 14:02:26,569 INFO groupCount = 1, subscriberClientCount = 0, subscriberCount = 0

2024-07-29 14:02:26,569 INFO [long-pulling] client count 0

2024-07-29 14:02:26,644 INFO toNotifyTaskSize = 0

2024-07-29 14:02:26,644 INFO toClientNotifyTaskSize = 0

2024-07-29 14:02:36,571 INFO groupCount = 1, subscriberClientCount = 0, subscriberCount = 0

2024-07-29 14:02:36,572 INFO [long-pulling] client count 0

2024-07-29 14:02:36,646 INFO toNotifyTaskSize = 0

2024-07-29 14:02:36,647 INFO toClientNotifyTaskSize = 0

2024-07-29 14:02:46,573 INFO groupCount = 1, subscriberClientCount = 0, subscriberCount = 0

2024-07-29 14:02:46,573 INFO [long-pulling] client count 0

2024-07-29 14:02:46,651 INFO toNotifyTaskSize = 0

2024-07-29 14:02:46,654 INFO toClientNotifyTaskSize = 0

2024-07-29 14:02:56,576 INFO [long-pulling] client count 0

2024-07-29 14:02:56,576 INFO groupCount = 1, subscriberClientCount = 0, subscriberCount = 0

2024-07-29 14:02:56,656 INFO toNotifyTaskSize = 0

2024-07-29 14:02:56,658 INFO toClientNotifyTaskSize = 0

2024-07-29 14:03:06,579 INFO [long-pulling] client count 0

2024-07-29 14:03:06,579 INFO groupCount = 1, subscriberClientCount = 0, subscriberCount = 0

2024-07-29 14:03:06,660 INFO toNotifyTaskSize = 0

2024-07-29 14:03:06,661 INFO toClientNotifyTaskSize = 0

2024-07-29 14:03:16,581 INFO [long-pulling] client count 0

2024-07-29 14:03:16,582 INFO groupCount = 1, subscriberClientCount = 0, subscriberCount = 0

2024-07-29 14:03:16,662 INFO toNotifyTaskSize = 0

2024-07-29 14:03:16,664 INFO toClientNotifyTaskSize = 0

2024-07-29 14:03:26,583 INFO [long-pulling] client count 0

2024-07-29 14:03:26,584 INFO groupCount = 1, subscriberClientCount = 0, subscriberCount = 0

2024-07-29 14:03:26,666 INFO toNotifyTaskSize = 0

2024-07-29 14:03:26,667 INFO toClientNotifyTaskSize = 0

2024-07-29 14:03:36,587 INFO [long-pulling] client count 0

2024-07-29 14:03:36,588 INFO groupCount = 1, subscriberClientCount = 0, subscriberCount = 0

2024-07-29 14:03:36,669 INFO toNotifyTaskSize = 0

2024-07-29 14:03:36,670 INFO toClientNotifyTaskSize = 0

2024-07-29 14:03:46,589 INFO [long-pulling] client count 0

2024-07-29 14:03:46,589 INFO groupCount = 1, subscriberClientCount = 0, subscriberCount = 0

2024-07-29 14:03:46,673 INFO toNotifyTaskSize = 0

2024-07-29 14:03:46,674 INFO toClientNotifyTaskSize = 0

2024-07-29 14:03:56,593 INFO groupCount = 1, subscriberClientCount = 0, subscriberCount = 0

2024-07-29 14:03:56,594 INFO [long-pulling] client count 0

2024-07-29 14:03:56,675 INFO toNotifyTaskSize = 0

2024-07-29 14:03:56,676 INFO toClientNotifyTaskSize = 0

2024-07-29 14:04:06,598 INFO groupCount = 1, subscriberClientCount = 0, subscriberCount = 0

2024-07-29 14:04:06,607 INFO [long-pulling] client count 0

2024-07-29 14:04:06,678 INFO toNotifyTaskSize = 0

2024-07-29 14:04:06,681 INFO toClientNotifyTaskSize = 0

2024-07-29 14:04:16,601 INFO groupCount = 1, subscriberClientCount = 0, subscriberCount = 0

2024-07-29 14:04:16,610 INFO [long-pulling] client count 1

2024-07-29 14:04:16,682 INFO toNotifyTaskSize = 0

2024-07-29 14:04:16,683 INFO toClientNotifyTaskSize = 0

2024-07-29 14:04:26,604 INFO groupCount = 1, subscriberClientCount = 0, subscriberCount = 0

2024-07-29 14:04:26,611 INFO [long-pulling] client count 1

2024-07-29 14:04:26,684 INFO toNotifyTaskSize = 0

2024-07-29 14:04:26,685 INFO toClientNotifyTaskSize = 0

2024-07-29 14:04:36,606 INFO groupCount = 1, subscriberClientCount = 0, subscriberCount = 0

2024-07-29 14:04:36,613 INFO [long-pulling] client count 1

2024-07-29 14:04:36,686 INFO toNotifyTaskSize = 0

2024-07-29 14:04:36,687 INFO toClientNotifyTaskSize = 0

2024-07-29 14:04:46,610 INFO groupCount = 1, subscriberClientCount = 0, subscriberCount = 0

2024-07-29 14:04:46,615 INFO [long-pulling] client count 0

2024-07-29 14:04:46,688 INFO toNotifyTaskSize = 0

2024-07-29 14:04:46,689 INFO toClientNotifyTaskSize = 0

2024-07-29 14:04:56,614 INFO groupCount = 1, subscriberClientCount = 0, subscriberCount = 0

2024-07-29 14:04:56,618 INFO [long-pulling] client count 0

2024-07-29 14:04:56,691 INFO toNotifyTaskSize = 0

2024-07-29 14:04:56,693 INFO toClientNotifyTaskSize = 0

2024-07-29 14:05:06,616 INFO groupCount = 1, subscriberClientCount = 0, subscriberCount = 0

2024-07-29 14:05:06,619 INFO [long-pulling] client count 0

2024-07-29 14:05:06,694 INFO toNotifyTaskSize = 0

2024-07-29 14:05:06,695 INFO toClientNotifyTaskSize = 0

2024-07-29 14:05:16,618 INFO groupCount = 1, subscriberClientCount = 0, subscriberCount = 0

2024-07-29 14:05:16,621 INFO [long-pulling] client count 1

2024-07-29 14:05:16,696 INFO toNotifyTaskSize = 0

2024-07-29 14:05:16,697 INFO toClientNotifyTaskSize = 0

2024-07-29 14:05:26,620 INFO groupCount = 1, subscriberClientCount = 0, subscriberCount = 0

2024-07-29 14:05:26,623 INFO [long-pulling] client count 1

2024-07-29 14:05:26,699 INFO toNotifyTaskSize = 0

2024-07-29 14:05:26,700 INFO toClientNotifyTaskSize = 0

2024-07-29 14:05:36,623 INFO groupCount = 1, subscriberClientCount = 0, subscriberCount = 0

2024-07-29 14:05:36,625 INFO [long-pulling] client count 1

2024-07-29 14:05:36,702 INFO toNotifyTaskSize = 0

2024-07-29 14:05:36,703 INFO toClientNotifyTaskSize = 0

2024-07-29 14:05:46,625 INFO groupCount = 1, subscriberClientCount = 0, subscriberCount = 0

2024-07-29 14:05:46,627 INFO [long-pulling] client count 0

2024-07-29 14:05:46,706 INFO toNotifyTaskSize = 0

2024-07-29 14:05:46,707 INFO toClientNotifyTaskSize = 0

2024-07-29 14:05:56,627 INFO groupCount = 1, subscriberClientCount = 0, subscriberCount = 0

2024-07-29 14:05:56,629 INFO [long-pulling] client count 0

2024-07-29 14:05:56,708 INFO toNotifyTaskSize = 0

2024-07-29 14:05:56,709 INFO toClientNotifyTaskSize = 0

2024-07-29 14:06:06,629 INFO groupCount = 1, subscriberClientCount = 0, subscriberCount = 0

2024-07-29 14:06:06,631 INFO [long-pulling] client count 0

2024-07-29 14:06:06,710 INFO toNotifyTaskSize = 0

2024-07-29 14:06:06,711 INFO toClientNotifyTaskSize = 0

2024-07-29 14:06:16,631 INFO groupCount = 1, subscriberClientCount = 0, subscriberCount = 0

2024-07-29 14:06:16,633 INFO [long-pulling] client count 0

2024-07-29 14:06:16,712 INFO toNotifyTaskSize = 0

2024-07-29 14:06:16,713 INFO toClientNotifyTaskSize = 0

2024-07-29 14:06:26,634 INFO groupCount = 1, subscriberClientCount = 0, subscriberCount = 0

2024-07-29 14:06:26,635 INFO [long-pulling] client count 0

2024-07-29 14:06:26,714 INFO toNotifyTaskSize = 0

2024-07-29 14:06:26,716 INFO toClientNotifyTaskSize = 0

2024-07-29 14:06:36,636 INFO [long-pulling] client count 0

2024-07-29 14:06:36,637 INFO groupCount = 1, subscriberClientCount = 0, subscriberCount = 0

2024-07-29 14:06:36,717 INFO toNotifyTaskSize = 0

2024-07-29 14:06:36,718 INFO toClientNotifyTaskSize = 0

2024-07-29 14:06:46,639 INFO groupCount = 1, subscriberClientCount = 0, subscriberCount = 0

2024-07-29 14:06:46,639 INFO [long-pulling] client count 0

2024-07-29 14:06:46,720 INFO toNotifyTaskSize = 0

2024-07-29 14:06:46,721 INFO toClientNotifyTaskSize = 0

2024-07-29 14:06:56,603 INFO [long-pulling] client count 0

2024-07-29 14:06:56,603 INFO groupCount = 1, subscriberClientCount = 0, subscriberCount = 0

2024-07-29 14:06:56,683 INFO toNotifyTaskSize = 0

2024-07-29 14:06:56,684 INFO toClientNotifyTaskSize = 0

2024-07-29 14:07:06,606 INFO [long-pulling] client count 0

2024-07-29 14:07:06,606 INFO groupCount = 1, subscriberClientCount = 0, subscriberCount = 0

2024-07-29 14:07:06,685 INFO toNotifyTaskSize = 0

2024-07-29 14:07:06,687 INFO toClientNotifyTaskSize = 0

2024-07-29 14:07:16,608 INFO groupCount = 1, subscriberClientCount = 0, subscriberCount = 0

2024-07-29 14:07:16,608 INFO [long-pulling] client count 0

2024-07-29 14:07:16,689 INFO toNotifyTaskSize = 0

2024-07-29 14:07:16,690 INFO toClientNotifyTaskSize = 0

2024-07-29 14:07:26,604 INFO groupCount = 1, subscriberClientCount = 0, subscriberCount = 0

2024-07-29 14:07:26,605 INFO [long-pulling] client count 0

2024-07-29 14:07:26,686 INFO toNotifyTaskSize = 0

2024-07-29 14:07:26,687 INFO toClientNotifyTaskSize = 0

2024-07-29 14:07:36,606 INFO groupCount = 1, subscriberClientCount = 0, subscriberCount = 0

2024-07-29 14:07:36,607 INFO [long-pulling] client count 0

2024-07-29 14:07:36,688 INFO toNotifyTaskSize = 0

2024-07-29 14:07:36,690 INFO toClientNotifyTaskSize = 0

2024-07-29 14:07:46,608 INFO [long-pulling] client count 0

2024-07-29 14:07:46,608 INFO groupCount = 1, subscriberClientCount = 0, subscriberCount = 0

2024-07-29 14:07:46,692 INFO toNotifyTaskSize = 0

2024-07-29 14:07:46,692 INFO toClientNotifyTaskSize = 0

2024-07-29 14:07:56,614 INFO [long-pulling] client count 0

2024-07-29 14:07:56,615 INFO groupCount = 1, subscriberClientCount = 0, subscriberCount = 0

2024-07-29 14:07:56,704 INFO toNotifyTaskSize = 0

2024-07-29 14:07:56,719 INFO toClientNotifyTaskSize = 0

2024-07-29 14:08:06,619 INFO [long-pulling] client count 0

2024-07-29 14:08:06,619 INFO groupCount = 1, subscriberClientCount = 0, subscriberCount = 0

2024-07-29 14:08:06,722 INFO toNotifyTaskSize = 0

2024-07-29 14:08:06,723 INFO toClientNotifyTaskSize = 0

2024-07-29 14:08:16,621 INFO [long-pulling] client count 0

2024-07-29 14:08:16,621 INFO groupCount = 1, subscriberClientCount = 0, subscriberCount = 0

2024-07-29 14:08:16,725 INFO toNotifyTaskSize = 0

2024-07-29 14:08:16,726 INFO toClientNotifyTaskSize = 0

2024-07-29 14:08:26,622 INFO [long-pulling] client count 0

2024-07-29 14:08:26,622 INFO groupCount = 1, subscriberClientCount = 0, subscriberCount = 0

2024-07-29 14:08:26,724 INFO toNotifyTaskSize = 0

2024-07-29 14:08:26,725 INFO toClientNotifyTaskSize = 0

2024-07-29 14:08:36,626 INFO [long-pulling] client count 0

2024-07-29 14:08:36,627 INFO groupCount = 1, subscriberClientCount = 0, subscriberCount = 0

2024-07-29 14:08:36,727 INFO toNotifyTaskSize = 0

2024-07-29 14:08:36,729 INFO toClientNotifyTaskSize = 0

2024-07-29 14:08:46,628 INFO [long-pulling] client count 0

2024-07-29 14:08:46,629 INFO groupCount = 1, subscriberClientCount = 0, subscriberCount = 0

2024-07-29 14:08:46,730 INFO toNotifyTaskSize = 0

2024-07-29 14:08:46,731 INFO toClientNotifyTaskSize = 0

2024-07-29 14:08:56,634 INFO [long-pulling] client count 0

2024-07-29 14:08:56,638 INFO groupCount = 1, subscriberClientCount = 0, subscriberCount = 0

2024-07-29 14:08:56,738 INFO toNotifyTaskSize = 0

2024-07-29 14:08:56,738 INFO toClientNotifyTaskSize = 0

2024-07-29 14:09:06,637 INFO [long-pulling] client count 0

2024-07-29 14:09:06,640 INFO groupCount = 1, subscriberClientCount = 0, subscriberCount = 0

2024-07-29 14:09:06,741 INFO toNotifyTaskSize = 0

2024-07-29 14:09:06,744 INFO toClientNotifyTaskSize = 0

2024-07-29 14:09:16,639 INFO [long-pulling] client count 0

2024-07-29 14:09:16,641 INFO groupCount = 1, subscriberClientCount = 0, subscriberCount = 0

2024-07-29 14:09:16,746 INFO toNotifyTaskSize = 0

2024-07-29 14:09:16,747 INFO toClientNotifyTaskSize = 0

2024-07-29 14:09:26,640 INFO [long-pulling] client count 0

2024-07-29 14:09:26,642 INFO groupCount = 1, subscriberClientCount = 0, subscriberCount = 0

2024-07-29 14:09:26,750 INFO toNotifyTaskSize = 0

2024-07-29 14:09:26,750 INFO toClientNotifyTaskSize = 0

2024-07-29 14:09:36,642 INFO [long-pulling] client count 0

2024-07-29 14:09:36,644 INFO groupCount = 1, subscriberClientCount = 0, subscriberCount = 0

2024-07-29 14:09:36,752 INFO toNotifyTaskSize = 0

2024-07-29 14:09:36,753 INFO toClientNotifyTaskSize = 0

2024-07-29 14:09:46,644 INFO [long-pulling] client count 0

2024-07-29 14:09:46,645 INFO groupCount = 1, subscriberClientCount = 0, subscriberCount = 0

2024-07-29 14:09:46,763 INFO toNotifyTaskSize = 0

2024-07-29 14:09:46,784 INFO toClientNotifyTaskSize = 0

2024-07-29 14:09:56,648 INFO [long-pulling] client count 0

2024-07-29 14:09:56,649 INFO groupCount = 1, subscriberClientCount = 0, subscriberCount = 0

2024-07-29 14:09:56,786 INFO toNotifyTaskSize = 0

2024-07-29 14:09:56,787 INFO toClientNotifyTaskSize = 0

2024-07-29 14:10:06,650 INFO groupCount = 1, subscriberClientCount = 0, subscriberCount = 0

2024-07-29 14:10:06,649 INFO [long-pulling] client count 1

2024-07-29 14:10:06,787 INFO toNotifyTaskSize = 0

2024-07-29 14:10:06,789 INFO toClientNotifyTaskSize = 0

2024-07-29 14:10:16,653 INFO groupCount = 1, subscriberClientCount = 0, subscriberCount = 0

2024-07-29 14:10:16,653 INFO [long-pulling] client count 1

2024-07-29 14:10:16,791 INFO toNotifyTaskSize = 0

2024-07-29 14:10:16,793 INFO toClientNotifyTaskSize = 0

2024-07-29 14:10:26,655 INFO groupCount = 1, subscriberClientCount = 0, subscriberCount = 0

2024-07-29 14:10:26,655 INFO [long-pulling] client count 1

2024-07-29 14:10:26,795 INFO toNotifyTaskSize = 0

2024-07-29 14:10:26,797 INFO toClientNotifyTaskSize = 0

2024-07-29 14:10:36,657 INFO groupCount = 1, subscriberClientCount = 0, subscriberCount = 0

2024-07-29 14:10:36,657 INFO [long-pulling] client count 0

2024-07-29 14:10:36,799 INFO toNotifyTaskSize = 0

2024-07-29 14:10:36,802 INFO toClientNotifyTaskSize = 0

2024-07-29 14:10:46,659 INFO [long-pulling] client count 0

2024-07-29 14:10:46,661 INFO groupCount = 1, subscriberClientCount = 0, subscriberCount = 0

2024-07-29 14:10:46,804 INFO toNotifyTaskSize = 0

2024-07-29 14:10:46,805 INFO toClientNotifyTaskSize = 0

2024-07-29 14:10:56,661 INFO [long-pulling] client count 0

2024-07-29 14:10:56,662 INFO groupCount = 1, subscriberClientCount = 0, subscriberCount = 0

2024-07-29 14:10:56,806 INFO toNotifyTaskSize = 0

2024-07-29 14:10:56,808 INFO toClientNotifyTaskSize = 0

2024-07-29 14:11:06,666 INFO [long-pulling] client count 0

2024-07-29 14:11:06,667 INFO groupCount = 1, subscriberClientCount = 0, subscriberCount = 0

2024-07-29 14:11:06,808 INFO toNotifyTaskSize = 0

2024-07-29 14:11:06,809 INFO toClientNotifyTaskSize = 0

2024-07-29 14:11:16,669 INFO [long-pulling] client count 0

2024-07-29 14:11:16,669 INFO groupCount = 1, subscriberClientCount = 0, subscriberCount = 0

2024-07-29 14:11:16,810 INFO toNotifyTaskSize = 0

2024-07-29 14:11:16,811 INFO toClientNotifyTaskSize = 0

2024-07-29 14:11:26,676 INFO [long-pulling] client count 0

2024-07-29 14:11:26,676 INFO groupCount = 1, subscriberClientCount = 0, subscriberCount = 0

2024-07-29 14:11:26,813 INFO toNotifyTaskSize = 0

2024-07-29 14:11:26,813 INFO toClientNotifyTaskSize = 0

2024-07-29 14:11:36,680 INFO [long-pulling] client count 0

2024-07-29 14:11:36,680 INFO groupCount = 1, subscriberClientCount = 0, subscriberCount = 0

2024-07-29 14:11:36,816 INFO toNotifyTaskSize = 0

2024-07-29 14:11:36,817 INFO toClientNotifyTaskSize = 0

2024-07-29 14:11:46,683 INFO [long-pulling] client count 0

2024-07-29 14:11:46,690 INFO groupCount = 1, subscriberClientCount = 0, subscriberCount = 0

2024-07-29 14:11:46,819 INFO toNotifyTaskSize = 0

2024-07-29 14:11:46,820 INFO toClientNotifyTaskSize = 0

2024-07-29 14:11:56,691 INFO [long-pulling] client count 0

2024-07-29 14:11:56,692 INFO groupCount = 1, subscriberClientCount = 0, subscriberCount = 0

2024-07-29 14:11:56,821 INFO toNotifyTaskSize = 0

2024-07-29 14:11:56,822 INFO toClientNotifyTaskSize = 0

2024-07-29 14:12:06,694 INFO [long-pulling] client count 0

2024-07-29 14:12:06,707 INFO groupCount = 1, subscriberClientCount = 0, subscriberCount = 0

2024-07-29 14:12:06,824 INFO toNotifyTaskSize = 0

2024-07-29 14:12:06,825 INFO toClientNotifyTaskSize = 0

2024-07-29 14:12:16,696 INFO [long-pulling] client count 0

2024-07-29 14:12:16,709 INFO groupCount = 1, subscriberClientCount = 0, subscriberCount = 0

2024-07-29 14:12:16,826 INFO toNotifyTaskSize = 0

2024-07-29 14:12:16,827 INFO toClientNotifyTaskSize = 0

2024-07-29 14:12:26,702 INFO [long-pulling] client count 0

2024-07-29 14:12:26,711 INFO groupCount = 1, subscriberClientCount = 0, subscriberCount = 0

2024-07-29 14:12:26,829 INFO toNotifyTaskSize = 0

2024-07-29 14:12:26,830 INFO toClientNotifyTaskSize = 0

2024-07-29 14:12:36,704 INFO [long-pulling] client count 0

2024-07-29 14:12:36,713 INFO groupCount = 1, subscriberClientCount = 0, subscriberCount = 0

2024-07-29 14:12:36,831 INFO toNotifyTaskSize = 0

2024-07-29 14:12:36,832 INFO toClientNotifyTaskSize = 0

2024-07-29 14:12:46,706 INFO [long-pulling] client count 0

2024-07-29 14:12:46,717 INFO groupCount = 1, subscriberClientCount = 0, subscriberCount = 0

2024-07-29 14:12:46,833 INFO toNotifyTaskSize = 0

2024-07-29 14:12:46,834 INFO toClientNotifyTaskSize = 0

2024-07-29 14:12:56,726 INFO [long-pulling] client count 0

2024-07-29 14:12:56,731 INFO groupCount = 1, subscriberClientCount = 0, subscriberCount = 0

2024-07-29 14:12:56,837 INFO toNotifyTaskSize = 0

2024-07-29 14:12:56,838 INFO toClientNotifyTaskSize = 0

2024-07-29 14:13:06,729 INFO [long-pulling] client count 0

2024-07-29 14:13:06,732 INFO groupCount = 1, subscriberClientCount = 0, subscriberCount = 0

2024-07-29 14:13:06,840 INFO toNotifyTaskSize = 0

2024-07-29 14:13:06,842 INFO toClientNotifyTaskSize = 0

2024-07-29 14:13:16,748 INFO [long-pulling] client count 0

2024-07-29 14:13:16,750 INFO groupCount = 1, subscriberClientCount = 0, subscriberCount = 0

2024-07-29 14:13:16,844 INFO toNotifyTaskSize = 0

2024-07-29 14:13:16,847 INFO toClientNotifyTaskSize = 0

2024-07-29 14:13:26,756 INFO [long-pulling] client count 0

2024-07-29 14:13:26,756 INFO groupCount = 1, subscriberClientCount = 0, subscriberCount = 0

2024-07-29 14:13:26,849 INFO toNotifyTaskSize = 0

2024-07-29 14:13:26,850 INFO toClientNotifyTaskSize = 0

2024-07-29 14:13:36,759 INFO [long-pulling] client count 0

2024-07-29 14:13:36,759 INFO groupCount = 1, subscriberClientCount = 0, subscriberCount = 0

2024-07-29 14:13:36,851 INFO toNotifyTaskSize = 0

2024-07-29 14:13:36,852 INFO toClientNotifyTaskSize = 0

2024-07-29 14:13:46,760 INFO [long-pulling] client count 0

2024-07-29 14:13:46,761 INFO groupCount = 1, subscriberClientCount = 0, subscriberCount = 0

2024-07-29 14:13:46,854 INFO toNotifyTaskSize = 0

2024-07-29 14:13:46,855 INFO toClientNotifyTaskSize = 0

2024-07-29 14:13:56,762 INFO [long-pulling] client count 0

2024-07-29 14:13:56,763 INFO groupCount = 1, subscriberClientCount = 0, subscriberCount = 0

2024-07-29 14:13:56,856 INFO toNotifyTaskSize = 0

2024-07-29 14:13:56,858 INFO toClientNotifyTaskSize = 0

2024-07-29 14:14:06,766 INFO [long-pulling] client count 0

2024-07-29 14:14:06,766 INFO groupCount = 1, subscriberClientCount = 0, subscriberCount = 0

2024-07-29 14:14:06,860 INFO toNotifyTaskSize = 0

2024-07-29 14:14:06,861 INFO toClientNotifyTaskSize = 0

2024-07-29 14:14:16,856 INFO [long-pulling] client count 0

2024-07-29 14:14:16,859 INFO groupCount = 1, subscriberClientCount = 0, subscriberCount = 0

2024-07-29 14:14:16,866 INFO toNotifyTaskSize = 0

2024-07-29 14:14:16,867 INFO toClientNotifyTaskSize = 0

2024-07-29 14:14:26,859 INFO [long-pulling] client count 0

2024-07-29 14:14:26,861 INFO groupCount = 1, subscriberClientCount = 0, subscriberCount = 0

2024-07-29 14:14:26,869 INFO toNotifyTaskSize = 0

2024-07-29 14:14:26,870 INFO toClientNotifyTaskSize = 0

2024-07-29 14:14:36,862 INFO [long-pulling] client count 0

2024-07-29 14:14:36,864 INFO groupCount = 1, subscriberClientCount = 0, subscriberCount = 0

2024-07-29 14:14:36,872 INFO toNotifyTaskSize = 0

2024-07-29 14:14:36,873 INFO toClientNotifyTaskSize = 0

2024-07-29 14:14:46,864 INFO [long-pulling] client count 0

2024-07-29 14:14:46,866 INFO groupCount = 1, subscriberClientCount = 0, subscriberCount = 0

2024-07-29 14:14:46,875 INFO toNotifyTaskSize = 0

2024-07-29 14:14:46,876 INFO toClientNotifyTaskSize = 0

2024-07-29 14:14:56,867 INFO [long-pulling] client count 0

2024-07-29 14:14:56,869 INFO groupCount = 1, subscriberClientCount = 0, subscriberCount = 0

2024-07-29 14:14:56,878 INFO toNotifyTaskSize = 0

2024-07-29 14:14:56,879 INFO toClientNotifyTaskSize = 0

2024-07-29 14:15:06,910 INFO groupCount = 1, subscriberClientCount = 0, subscriberCount = 0

2024-07-29 14:15:06,912 INFO toNotifyTaskSize = 0

2024-07-29 14:15:06,930 INFO toClientNotifyTaskSize = 0

2024-07-29 14:15:06,912 INFO [long-pulling] client count 0

2024-07-29 14:15:16,929 INFO groupCount = 1, subscriberClientCount = 0, subscriberCount = 0

2024-07-29 14:15:16,932 INFO toNotifyTaskSize = 0

2024-07-29 14:15:16,932 INFO toClientNotifyTaskSize = 0

2024-07-29 14:15:16,932 INFO [long-pulling] client count 0

2024-07-29 14:15:26,931 INFO groupCount = 1, subscriberClientCount = 0, subscriberCount = 0

2024-07-29 14:15:26,934 INFO [long-pulling] client count 0

2024-07-29 14:15:26,934 INFO toNotifyTaskSize = 0

2024-07-29 14:15:26,936 INFO toClientNotifyTaskSize = 0

2024-07-29 14:15:36,936 INFO groupCount = 1, subscriberClientCount = 0, subscriberCount = 0

2024-07-29 14:15:36,937 INFO toNotifyTaskSize = 0

2024-07-29 14:15:36,938 INFO toClientNotifyTaskSize = 0

2024-07-29 14:15:36,937 INFO [long-pulling] client count 0

2024-07-29 14:15:46,939 INFO groupCount = 1, subscriberClientCount = 0, subscriberCount = 0

2024-07-29 14:15:46,939 INFO toNotifyTaskSize = 0

2024-07-29 14:15:46,940 INFO toClientNotifyTaskSize = 0

2024-07-29 14:15:46,939 INFO [long-pulling] client count 0

2024-07-29 14:15:56,940 INFO groupCount = 1, subscriberClientCount = 0, subscriberCount = 0

2024-07-29 14:15:56,941 INFO toNotifyTaskSize = 0

2024-07-29 14:15:56,942 INFO toClientNotifyTaskSize = 0

2024-07-29 14:15:56,941 INFO [long-pulling] client count 0

2024-07-29 14:16:06,943 INFO groupCount = 1, subscriberClientCount = 0, subscriberCount = 0

2024-07-29 14:16:06,944 INFO [long-pulling] client count 0

2024-07-29 14:16:06,943 INFO toNotifyTaskSize = 0

2024-07-29 14:16:06,946 INFO toClientNotifyTaskSize = 0

2024-07-29 14:16:16,946 INFO [long-pulling] client count 0

2024-07-29 14:16:16,946 INFO groupCount = 1, subscriberClientCount = 0, subscriberCount = 0

2024-07-29 14:16:16,947 INFO toNotifyTaskSize = 0

2024-07-29 14:16:16,948 INFO toClientNotifyTaskSize = 0

2024-07-29 14:16:26,948 INFO [long-pulling] client count 0

2024-07-29 14:16:26,949 INFO groupCount = 1, subscriberClientCount = 0, subscriberCount = 0

2024-07-29 14:16:26,949 INFO toNotifyTaskSize = 0

2024-07-29 14:16:26,952 INFO toClientNotifyTaskSize = 0

2024-07-29 14:16:36,951 INFO [long-pulling] client count 0

2024-07-29 14:16:36,952 INFO groupCount = 1, subscriberClientCount = 0, subscriberCount = 0

2024-07-29 14:16:36,952 INFO toNotifyTaskSize = 0

2024-07-29 14:16:36,953 INFO toClientNotifyTaskSize = 0

2024-07-29 14:16:46,952 INFO [long-pulling] client count 0

2024-07-29 14:16:46,953 INFO groupCount = 1, subscriberClientCount = 0, subscriberCount = 0

2024-07-29 14:16:46,954 INFO toNotifyTaskSize = 0

2024-07-29 14:16:46,955 INFO toClientNotifyTaskSize = 0

2024-07-29 14:16:56,954 INFO groupCount = 1, subscriberClientCount = 0, subscriberCount = 0

2024-07-29 14:16:56,954 INFO toNotifyTaskSize = 0

2024-07-29 14:16:56,954 INFO [long-pulling] client count 0

2024-07-29 14:16:56,956 INFO toClientNotifyTaskSize = 0

2024-07-29 14:17:06,956 INFO groupCount = 1, subscriberClientCount = 0, subscriberCount = 0

2024-07-29 14:17:06,957 INFO [long-pulling] client count 0

2024-07-29 14:17:06,958 INFO toNotifyTaskSize = 0

2024-07-29 14:17:06,959 INFO toClientNotifyTaskSize = 0

2024-07-29 14:17:16,957 INFO groupCount = 1, subscriberClientCount = 0, subscriberCount = 0

2024-07-29 14:17:16,959 INFO [long-pulling] client count 0

2024-07-29 14:17:16,960 INFO toNotifyTaskSize = 0

2024-07-29 14:17:16,961 INFO toClientNotifyTaskSize = 0

2024-07-29 14:17:26,960 INFO groupCount = 1, subscriberClientCount = 0, subscriberCount = 0

2024-07-29 14:17:26,963 INFO [long-pulling] client count 0

2024-07-29 14:17:26,964 INFO toNotifyTaskSize = 0

2024-07-29 14:17:26,964 INFO toClientNotifyTaskSize = 0

2024-07-29 14:17:36,965 INFO toNotifyTaskSize = 0

2024-07-29 14:17:36,965 INFO [long-pulling] client count 0

2024-07-29 14:17:36,964 INFO groupCount = 1, subscriberClientCount = 0, subscriberCount = 0

2024-07-29 14:17:36,966 INFO toClientNotifyTaskSize = 0

2024-07-29 14:17:46,969 INFO [long-pulling] client count 0

2024-07-29 14:17:46,970 INFO groupCount = 1, subscriberClientCount = 0, subscriberCount = 0

2024-07-29 14:17:46,970 INFO toNotifyTaskSize = 0

2024-07-29 14:17:46,975 INFO toClientNotifyTaskSize = 0

2024-07-29 14:17:56,973 INFO [long-pulling] client count 0

2024-07-29 14:17:56,974 INFO groupCount = 1, subscriberClientCount = 0, subscriberCount = 0

2024-07-29 14:17:56,976 INFO toNotifyTaskSize = 0

2024-07-29 14:17:56,977 INFO toClientNotifyTaskSize = 0

2024-07-29 14:18:06,975 INFO [long-pulling] client count 1

2024-07-29 14:18:06,976 INFO groupCount = 1, subscriberClientCount = 0, subscriberCount = 0

2024-07-29 14:18:06,978 INFO toNotifyTaskSize = 0

2024-07-29 14:18:06,980 INFO toClientNotifyTaskSize = 0

2024-07-29 14:18:16,978 INFO [long-pulling] client count 1

2024-07-29 14:18:16,979 INFO groupCount = 1, subscriberClientCount = 0, subscriberCount = 0

2024-07-29 14:18:16,982 INFO toNotifyTaskSize = 0

2024-07-29 14:18:16,983 INFO toClientNotifyTaskSize = 0

2024-07-29 14:18:26,982 INFO [long-pulling] client count 1

2024-07-29 14:18:26,983 INFO groupCount = 1, subscriberClientCount = 0, subscriberCount = 0

2024-07-29 14:18:26,985 INFO toNotifyTaskSize = 0

2024-07-29 14:18:26,987 INFO toClientNotifyTaskSize = 0

2024-07-29 14:18:36,984 INFO [long-pulling] client count 0

2024-07-29 14:18:36,986 INFO groupCount = 1, subscriberClientCount = 0, subscriberCount = 0

2024-07-29 14:18:36,989 INFO toNotifyTaskSize = 0

2024-07-29 14:18:36,990 INFO toClientNotifyTaskSize = 0

2024-07-29 14:18:46,986 INFO [long-pulling] client count 0

2024-07-29 14:18:46,987 INFO groupCount = 1, subscriberClientCount = 0, subscriberCount = 0

2024-07-29 14:18:46,992 INFO toNotifyTaskSize = 0

2024-07-29 14:18:46,993 INFO toClientNotifyTaskSize = 0

2024-07-29 14:18:56,988 INFO [long-pulling] client count 0

2024-07-29 14:18:56,988 INFO groupCount = 1, subscriberClientCount = 0, subscriberCount = 0

2024-07-29 14:18:56,994 INFO toNotifyTaskSize = 0

2024-07-29 14:18:56,995 INFO toClientNotifyTaskSize = 0

2024-07-29 14:19:06,990 INFO [long-pulling] client count 0

2024-07-29 14:19:06,990 INFO groupCount = 1, subscriberClientCount = 0, subscriberCount = 0

2024-07-29 14:19:06,996 INFO toNotifyTaskSize = 0

2024-07-29 14:19:06,997 INFO toClientNotifyTaskSize = 0

2024-07-29 14:19:16,992 INFO [long-pulling] client count 0

2024-07-29 14:19:16,992 INFO groupCount = 1, subscriberClientCount = 0, subscriberCount = 0

2024-07-29 14:19:16,998 INFO toNotifyTaskSize = 0

2024-07-29 14:19:16,999 INFO toClientNotifyTaskSize = 0

2024-07-29 14:19:26,995 INFO [long-pulling] client count 0

2024-07-29 14:19:26,997 INFO groupCount = 1, subscriberClientCount = 0, subscriberCount = 0

2024-07-29 14:19:27,001 INFO toNotifyTaskSize = 0

2024-07-29 14:19:27,003 INFO toClientNotifyTaskSize = 0

2024-07-29 14:19:36,997 INFO [long-pulling] client count 0

2024-07-29 14:19:36,998 INFO groupCount = 1, subscriberClientCount = 0, subscriberCount = 0

2024-07-29 14:19:37,005 INFO toNotifyTaskSize = 0

2024-07-29 14:19:37,006 INFO toClientNotifyTaskSize = 0

2024-07-29 14:19:46,999 INFO [long-pulling] client count 0

2024-07-29 14:19:47,000 INFO groupCount = 1, subscriberClientCount = 0, subscriberCount = 0

2024-07-29 14:19:47,008 INFO toNotifyTaskSize = 0

2024-07-29 14:19:47,009 INFO toClientNotifyTaskSize = 0

2024-07-29 14:19:56,994 INFO [long-pulling] client count 0

2024-07-29 14:19:56,994 INFO groupCount = 1, subscriberClientCount = 0, subscriberCount = 0

2024-07-29 14:19:57,002 INFO toNotifyTaskSize = 0

2024-07-29 14:19:57,005 INFO toClientNotifyTaskSize = 0

2024-07-29 14:20:06,996 INFO [long-pulling] client count 0

2024-07-29 14:20:06,997 INFO groupCount = 1, subscriberClientCount = 0, subscriberCount = 0

2024-07-29 14:20:07,006 INFO toNotifyTaskSize = 0

2024-07-29 14:20:07,007 INFO toClientNotifyTaskSize = 0

