2024-07-29 13:16:14,616 INFO Starting Nacos v2.3.2 using Java 1.8.0_402 on 95ffdfa6d876 with PID 1 (/home/nacos/target/nacos-server.jar started by root in /home/nacos)

2024-07-29 13:16:14,621 INFO The following 1 profile is active: "standalone"

2024-07-29 13:16:15,741 INFO Load Nacos package exclude filter success, package prefix com.alibaba.nacos.config.server, filter com.alibaba.nacos.config.server.filter.ConfigEnabledFilter

2024-07-29 13:16:15,744 INFO Load Nacos package exclude filter success, package prefix com.alibaba.nacos.naming, filter com.alibaba.nacos.naming.config.NamingEnabledFilter

2024-07-29 13:16:15,747 INFO Load Nacos package exclude filter success, package prefix com.alibaba.nacos.istio, filter com.alibaba.nacos.istio.config.IstioEnabledFilter

2024-07-29 13:16:16,297 INFO Skip @SpringBootApplication annotation for class com.alibaba.nacos.config.server.Config to avoid duplicate scan

2024-07-29 13:16:16,583 INFO Skip @SpringBootApplication annotation for class com.alibaba.nacos.naming.NamingApp to avoid duplicate scan

2024-07-29 13:16:16,625 INFO Skip @SpringBootApplication annotation for class com.alibaba.nacos.cmdb.CmdbApp to avoid duplicate scan

2024-07-29 13:16:16,653 WARN Istio module disabled because set nacos.extension.naming.istio.enabled as false

2024-07-29 13:16:16,654 WARN Istio module disabled because set nacos.extension.naming.istio.enabled as false

2024-07-29 13:16:16,655 WARN Istio module disabled because set nacos.extension.naming.istio.enabled as false

2024-07-29 13:16:16,657 WARN Istio module disabled because set nacos.extension.naming.istio.enabled as false

2024-07-29 13:16:16,658 WARN Istio module disabled because set nacos.extension.naming.istio.enabled as false

2024-07-29 13:16:16,659 WARN Istio module disabled because set nacos.extension.naming.istio.enabled as false

2024-07-29 13:16:16,661 WARN Istio module disabled because set nacos.extension.naming.istio.enabled as false

2024-07-29 13:16:16,665 WARN Istio module disabled because set nacos.extension.naming.istio.enabled as false

2024-07-29 13:16:16,667 WARN Istio module disabled because set nacos.extension.naming.istio.enabled as false

2024-07-29 13:16:16,668 WARN Istio module disabled because set nacos.extension.naming.istio.enabled as false

2024-07-29 13:16:16,669 WARN Istio module disabled because set nacos.extension.naming.istio.enabled as false

2024-07-29 13:16:16,670 WARN Istio module disabled because set nacos.extension.naming.istio.enabled as false

2024-07-29 13:16:16,672 WARN Istio module disabled because set nacos.extension.naming.istio.enabled as false

2024-07-29 13:16:16,674 WARN Istio module disabled because set nacos.extension.naming.istio.enabled as false

2024-07-29 13:16:16,675 WARN Istio module disabled because set nacos.extension.naming.istio.enabled as false

2024-07-29 13:16:16,676 WARN Istio module disabled because set nacos.extension.naming.istio.enabled as false

2024-07-29 13:16:16,677 WARN Istio module disabled because set nacos.extension.naming.istio.enabled as false

2024-07-29 13:16:16,679 WARN Istio module disabled because set nacos.extension.naming.istio.enabled as false

2024-07-29 13:16:16,681 WARN Istio module disabled because set nacos.extension.naming.istio.enabled as false

2024-07-29 13:16:16,682 WARN Istio module disabled because set nacos.extension.naming.istio.enabled as false

2024-07-29 13:16:16,683 WARN Istio module disabled because set nacos.extension.naming.istio.enabled as false

2024-07-29 13:16:16,686 WARN Istio module disabled because set nacos.extension.naming.istio.enabled as false

2024-07-29 13:16:16,688 WARN Istio module disabled because set nacos.extension.naming.istio.enabled as false

2024-07-29 13:16:16,689 WARN Istio module disabled because set nacos.extension.naming.istio.enabled as false

2024-07-29 13:16:16,690 WARN Istio module disabled because set nacos.extension.naming.istio.enabled as false

2024-07-29 13:16:16,691 INFO Skip @SpringBootApplication annotation for class com.alibaba.nacos.istio.IstioApp to avoid duplicate scan

2024-07-29 13:16:16,692 WARN Istio module disabled because set nacos.extension.naming.istio.enabled as false

2024-07-29 13:16:16,694 WARN Istio module disabled because set nacos.extension.naming.istio.enabled as false

2024-07-29 13:16:16,696 WARN Istio module disabled because set nacos.extension.naming.istio.enabled as false

2024-07-29 13:16:16,700 WARN Istio module disabled because set nacos.extension.naming.istio.enabled as false

2024-07-29 13:16:16,702 WARN Istio module disabled because set nacos.extension.naming.istio.enabled as false

2024-07-29 13:16:16,703 WARN Istio module disabled because set nacos.extension.naming.istio.enabled as false

2024-07-29 13:16:16,704 WARN Istio module disabled because set nacos.extension.naming.istio.enabled as false

2024-07-29 13:16:16,706 WARN Istio module disabled because set nacos.extension.naming.istio.enabled as false

2024-07-29 13:16:16,707 WARN Istio module disabled because set nacos.extension.naming.istio.enabled as false

2024-07-29 13:16:16,708 WARN Istio module disabled because set nacos.extension.naming.istio.enabled as false

2024-07-29 13:16:16,709 WARN Istio module disabled because set nacos.extension.naming.istio.enabled as false

2024-07-29 13:16:17,430 INFO Skip @SpringBootApplication annotation for class com.alibaba.nacos.prometheus.PrometheusApp to avoid duplicate scan

2024-07-29 13:16:20,811 INFO Tomcat initialized with port(s): 8848 (http)

2024-07-29 13:16:20,829 INFO Starting service [Tomcat]

2024-07-29 13:16:20,830 INFO Starting Servlet engine: [Apache Tomcat/9.0.83]

2024-07-29 13:16:20,976 INFO Initializing Spring embedded WebApplicationContext

2024-07-29 13:16:20,979 INFO Root WebApplicationContext: initialization completed in 5550 ms

2024-07-29 13:16:21,499 INFO Nacos-related cluster resource initialization

2024-07-29 13:16:21,524 INFO Load com.alibaba.nacos.core.ability.RemoteAbilityInitializer for ServerAbilityInitializer

2024-07-29 13:16:21,525 INFO Load com.alibaba.nacos.naming.ability.NamingAbilityInitializer for ServerAbilityInitializer

2024-07-29 13:16:21,534 INFO The cluster resource is initialized

2024-07-29 13:16:22,749 INFO HikariPool-1 - Starting...

2024-07-29 13:16:22,757 WARN Registered driver with driverClassName=org.apache.derby.jdbc.EmbeddedDriver was not found, trying direct instantiation.

2024-07-29 13:16:24,431 INFO HikariPool-1 - Driver does not support get/set network timeout for connections. (Feature not implemented: No details.)

2024-07-29 13:16:24,443 INFO HikariPool-1 - Start completed.

2024-07-29 13:16:25,582 INFO [MapperManager] Load Mapper(class com.alibaba.nacos.plugin.datasource.impl.mysql.ConfigInfoAggrMapperByMySql) datasource(mysql) tableName(config_info_aggr) successfully.

2024-07-29 13:16:25,583 INFO [MapperManager] Load Mapper(class com.alibaba.nacos.plugin.datasource.impl.mysql.ConfigInfoBetaMapperByMySql) datasource(mysql) tableName(config_info_beta) successfully.

2024-07-29 13:16:25,584 INFO [MapperManager] Load Mapper(class com.alibaba.nacos.plugin.datasource.impl.mysql.ConfigInfoMapperByMySql) datasource(mysql) tableName(config_info) successfully.

2024-07-29 13:16:25,585 INFO [MapperManager] Load Mapper(class com.alibaba.nacos.plugin.datasource.impl.mysql.ConfigInfoTagMapperByMySql) datasource(mysql) tableName(config_info_tag) successfully.

2024-07-29 13:16:25,586 INFO [MapperManager] Load Mapper(class com.alibaba.nacos.plugin.datasource.impl.mysql.ConfigTagsRelationMapperByMySql) datasource(mysql) tableName(config_tags_relation) successfully.

2024-07-29 13:16:25,587 INFO [MapperManager] Load Mapper(class com.alibaba.nacos.plugin.datasource.impl.mysql.HistoryConfigInfoMapperByMySql) datasource(mysql) tableName(his_config_info) successfully.

2024-07-29 13:16:25,587 INFO [MapperManager] Load Mapper(class com.alibaba.nacos.plugin.datasource.impl.mysql.TenantInfoMapperByMySql) datasource(mysql) tableName(tenant_info) successfully.

2024-07-29 13:16:25,588 INFO [MapperManager] Load Mapper(class com.alibaba.nacos.plugin.datasource.impl.mysql.TenantCapacityMapperByMySql) datasource(mysql) tableName(tenant_capacity) successfully.

2024-07-29 13:16:25,589 INFO [MapperManager] Load Mapper(class com.alibaba.nacos.plugin.datasource.impl.mysql.GroupCapacityMapperByMysql) datasource(mysql) tableName(group_capacity) successfully.

2024-07-29 13:16:25,590 INFO [MapperManager] Load Mapper(class com.alibaba.nacos.plugin.datasource.impl.derby.ConfigInfoAggrMapperByDerby) datasource(derby) tableName(config_info_aggr) successfully.

2024-07-29 13:16:25,590 INFO [MapperManager] Load Mapper(class com.alibaba.nacos.plugin.datasource.impl.derby.ConfigInfoBetaMapperByDerby) datasource(derby) tableName(config_info_beta) successfully.

2024-07-29 13:16:25,591 INFO [MapperManager] Load Mapper(class com.alibaba.nacos.plugin.datasource.impl.derby.ConfigInfoMapperByDerby) datasource(derby) tableName(config_info) successfully.

2024-07-29 13:16:25,592 INFO [MapperManager] Load Mapper(class com.alibaba.nacos.plugin.datasource.impl.derby.ConfigInfoTagMapperByDerby) datasource(derby) tableName(config_info_tag) successfully.

2024-07-29 13:16:25,593 INFO [MapperManager] Load Mapper(class com.alibaba.nacos.plugin.datasource.impl.derby.ConfigInfoTagsRelationMapperByDerby) datasource(derby) tableName(config_tags_relation) successfully.

2024-07-29 13:16:25,593 INFO [MapperManager] Load Mapper(class com.alibaba.nacos.plugin.datasource.impl.derby.HistoryConfigInfoMapperByDerby) datasource(derby) tableName(his_config_info) successfully.

2024-07-29 13:16:25,594 INFO [MapperManager] Load Mapper(class com.alibaba.nacos.plugin.datasource.impl.derby.TenantInfoMapperByDerby) datasource(derby) tableName(tenant_info) successfully.

2024-07-29 13:16:25,594 INFO [MapperManager] Load Mapper(class com.alibaba.nacos.plugin.datasource.impl.derby.TenantCapacityMapperByDerby) datasource(derby) tableName(tenant_capacity) successfully.

2024-07-29 13:16:25,595 INFO [MapperManager] Load Mapper(class com.alibaba.nacos.plugin.datasource.impl.derby.GroupCapacityMapperByDerby) datasource(derby) tableName(group_capacity) successfully.

2024-07-29 13:16:27,376 INFO Fail to find connection runtime ejector for name nacos,use default

2024-07-29 13:16:27,477 INFO Not configure type of control plugin, no limit control for current node.

2024-07-29 13:16:27,484 INFO Load connection metrics collector,size=2,[com.alibaba.nacos.config.server.service.LongPollingConnectionMetricsCollector@42f3156d, com.alibaba.nacos.core.remote.LongConnectionMetricsCollector@427b5f92]

2024-07-29 13:16:27,487 INFO No connection rule content found ,use default empty rule 

2024-07-29 13:16:27,506 INFO ConnectionMetrics, totalCount = 0, detail = {long_connection=0, long_polling=0}

2024-07-29 13:16:27,518 INFO No tps control rule of CONFIG_PUSH_COUNT found,content =null  

2024-07-29 13:16:27,518 WARN Tps point for CONFIG_PUSH_COUNT registered, But tps control manager is no limit implementation.

2024-07-29 13:16:27,519 INFO No tps control rule of CONFIG_PUSH_SUCCESS found,content =null  

2024-07-29 13:16:27,520 WARN Tps point for CONFIG_PUSH_SUCCESS registered, But tps control manager is no limit implementation.

2024-07-29 13:16:27,521 INFO No tps control rule of CONFIG_PUSH_FAIL found,content =null  

2024-07-29 13:16:27,522 WARN Tps point for CONFIG_PUSH_FAIL registered, But tps control manager is no limit implementation.

2024-07-29 13:16:28,383 INFO Connection check task start

2024-07-29 13:16:28,384 INFO Ready to get current node abilities...

2024-07-29 13:16:28,384 INFO Long connection metrics detail ,Total count =0, sdkCount=0,clusterCount=0

2024-07-29 13:16:28,385 INFO Out dated connection ,size=0

2024-07-29 13:16:28,385 INFO Connection check task end

2024-07-29 13:16:28,390 INFO Ready to initialize current node abilities, support modes: [CLUSTER_CLIENT, SERVER, SDK_CLIENT]

2024-07-29 13:16:28,391 INFO Initialize current abilities finish...

2024-07-29 13:16:28,394 INFO Ready to get current node abilities...

2024-07-29 13:16:28,396 INFO Ready to initialize current node abilities, support modes: [SDK_CLIENT]

2024-07-29 13:16:28,396 INFO Initialize current abilities finish...

2024-07-29 13:16:28,398 INFO [AbilityControlManager] Successfully initialize AbilityControlManager

2024-07-29 13:16:30,509 INFO ConnectionMetrics, totalCount = 0, detail = {long_connection=0, long_polling=0}

2024-07-29 13:16:31,400 INFO Connection check task start

2024-07-29 13:16:31,401 INFO Long connection metrics detail ,Total count =0, sdkCount=0,clusterCount=0

2024-07-29 13:16:31,404 INFO Out dated connection ,size=0

2024-07-29 13:16:31,405 INFO Connection check task end

2024-07-29 13:16:31,888 INFO Will secure any request with [org.springframework.security.web.session.DisableEncodeUrlFilter@6f9ad11c, org.springframework.security.web.context.request.async.WebAsyncManagerIntegrationFilter@4b2d44bc, org.springframework.security.web.context.SecurityContextPersistenceFilter@4682eba5, org.springframework.security.web.header.HeaderWriterFilter@7f8633ae, org.springframework.security.web.csrf.CsrfFilter@7ce7e83c, org.springframework.security.web.authentication.logout.LogoutFilter@6de0f580, org.springframework.security.web.savedrequest.RequestCacheAwareFilter@76c548f, org.springframework.security.web.servletapi.SecurityContextHolderAwareRequestFilter@18eec010, org.springframework.security.web.authentication.AnonymousAuthenticationFilter@58e92c23, org.springframework.security.web.session.SessionManagementFilter@bc0f53b, org.springframework.security.web.access.ExceptionTranslationFilter@3f4b840d]

2024-07-29 13:16:32,585 INFO Adding welcome page: class path resource [static/index.html]

2024-07-29 13:16:33,360 INFO Exposing 1 endpoint(s) beneath base path '/actuator'

2024-07-29 13:16:33,393 WARN You are asking Spring Security to ignore Ant [pattern='/**']. This is not recommended -- please use permitAll via HttpSecurity#authorizeHttpRequests instead.

2024-07-29 13:16:33,395 INFO Will not secure Ant [pattern='/**']

2024-07-29 13:16:33,398 WARN You are asking Spring Security to ignore Mvc [pattern='/prometheus']. This is not recommended -- please use permitAll via HttpSecurity#authorizeHttpRequests instead.

2024-07-29 13:16:33,400 INFO Will not secure Mvc [pattern='/prometheus']

2024-07-29 13:16:33,401 WARN You are asking Spring Security to ignore Mvc [pattern='/prometheus/namespaceId/{namespaceId}']. This is not recommended -- please use permitAll via HttpSecurity#authorizeHttpRequests instead.

2024-07-29 13:16:33,403 INFO Will not secure Mvc [pattern='/prometheus/namespaceId/{namespaceId}']

2024-07-29 13:16:33,404 WARN You are asking Spring Security to ignore Mvc [pattern='/prometheus/namespaceId/{namespaceId}/service/{service}']. This is not recommended -- please use permitAll via HttpSecurity#authorizeHttpRequests instead.

2024-07-29 13:16:33,406 INFO Will not secure Mvc [pattern='/prometheus/namespaceId/{namespaceId}/service/{service}']

2024-07-29 13:16:33,511 INFO ConnectionMetrics, totalCount = 0, detail = {long_connection=0, long_polling=0}

2024-07-29 13:16:33,558 INFO Tomcat started on port(s): 8848 (http) with context path '/nacos'

2024-07-29 13:16:33,582 INFO No TaskScheduler/ScheduledExecutorService bean found for scheduled processing

2024-07-29 13:16:33,598 INFO No tps control rule of ConfigQuery found,content =null  

2024-07-29 13:16:33,598 WARN Tps point for ConfigQuery registered, But tps control manager is no limit implementation.

2024-07-29 13:16:33,600 INFO No tps control rule of ClusterConfigChangeNotify found,content =null  

2024-07-29 13:16:33,601 WARN Tps point for ClusterConfigChangeNotify registered, But tps control manager is no limit implementation.

2024-07-29 13:16:33,603 INFO No tps control rule of ConfigListen found,content =null  

2024-07-29 13:16:33,603 WARN Tps point for ConfigListen registered, But tps control manager is no limit implementation.

2024-07-29 13:16:33,604 INFO No tps control rule of ConfigRemove found,content =null  

2024-07-29 13:16:33,605 WARN Tps point for ConfigRemove registered, But tps control manager is no limit implementation.

2024-07-29 13:16:33,606 INFO No tps control rule of ConfigPublish found,content =null  

2024-07-29 13:16:33,607 WARN Tps point for ConfigPublish registered, But tps control manager is no limit implementation.

2024-07-29 13:16:33,608 INFO No tps control rule of HealthCheck found,content =null  

2024-07-29 13:16:33,609 WARN Tps point for HealthCheck registered, But tps control manager is no limit implementation.

2024-07-29 13:16:33,610 INFO No tps control rule of RemoteNamingServiceQuery found,content =null  

2024-07-29 13:16:33,611 WARN Tps point for RemoteNamingServiceQuery registered, But tps control manager is no limit implementation.

2024-07-29 13:16:33,613 INFO No tps control rule of RemoteNamingInstanceBatchRegister found,content =null  

2024-07-29 13:16:33,614 WARN Tps point for RemoteNamingInstanceBatchRegister registered, But tps control manager is no limit implementation.

2024-07-29 13:16:33,615 INFO No tps control rule of RemoteNamingInstanceRegisterDeregister found,content =null  

2024-07-29 13:16:33,615 WARN Tps point for RemoteNamingInstanceRegisterDeregister registered, But tps control manager is no limit implementation.

2024-07-29 13:16:33,617 INFO No tps control rule of RemoteNamingServiceListQuery found,content =null  

2024-07-29 13:16:33,619 WARN Tps point for RemoteNamingServiceListQuery registered, But tps control manager is no limit implementation.

2024-07-29 13:16:33,620 INFO No tps control rule of RemoteNamingServiceSubscribeUnSubscribe found,content =null  

2024-07-29 13:16:33,621 WARN Tps point for RemoteNamingServiceSubscribeUnSubscribe registered, But tps control manager is no limit implementation.

2024-07-29 13:16:33,621 WARN Tps point for RemoteNamingInstanceRegisterDeregister registered, But tps control manager is no limit implementation.

2024-07-29 13:16:33,623 INFO No tps control rule of NamingInstanceMetadataUpdate found,content =null  

2024-07-29 13:16:33,623 WARN Tps point for NamingInstanceMetadataUpdate registered, But tps control manager is no limit implementation.

2024-07-29 13:16:33,625 INFO No tps control rule of NamingServiceListQuery found,content =null  

2024-07-29 13:16:33,625 WARN Tps point for NamingServiceListQuery registered, But tps control manager is no limit implementation.

2024-07-29 13:16:33,627 INFO No tps control rule of NamingInstanceQuery found,content =null  

2024-07-29 13:16:33,630 WARN Tps point for NamingInstanceQuery registered, But tps control manager is no limit implementation.

2024-07-29 13:16:33,631 WARN Tps point for NamingInstanceQuery registered, But tps control manager is no limit implementation.

2024-07-29 13:16:33,632 WARN Tps point for NamingInstanceMetadataUpdate registered, But tps control manager is no limit implementation.

2024-07-29 13:16:33,632 WARN Tps point for NamingInstanceMetadataUpdate registered, But tps control manager is no limit implementation.

2024-07-29 13:16:33,633 INFO No tps control rule of NamingInstanceUpdate found,content =null  

2024-07-29 13:16:33,634 WARN Tps point for NamingInstanceUpdate registered, But tps control manager is no limit implementation.

2024-07-29 13:16:33,635 INFO No tps control rule of NamingServiceSubscribe found,content =null  

2024-07-29 13:16:33,638 WARN Tps point for NamingServiceSubscribe registered, But tps control manager is no limit implementation.

2024-07-29 13:16:33,639 INFO No tps control rule of NamingInstanceDeregister found,content =null  

2024-07-29 13:16:33,639 WARN Tps point for NamingInstanceDeregister registered, But tps control manager is no limit implementation.

2024-07-29 13:16:33,640 WARN Tps point for NamingInstanceMetadataUpdate registered, But tps control manager is no limit implementation.

2024-07-29 13:16:33,641 WARN Tps point for ConfigQuery registered, But tps control manager is no limit implementation.

2024-07-29 13:16:33,641 WARN Tps point for NamingInstanceDeregister registered, But tps control manager is no limit implementation.

2024-07-29 13:16:33,642 WARN Tps point for ConfigPublish registered, But tps control manager is no limit implementation.

2024-07-29 13:16:33,643 INFO No tps control rule of HttpHealthCheck found,content =null  

2024-07-29 13:16:33,644 WARN Tps point for HttpHealthCheck registered, But tps control manager is no limit implementation.

2024-07-29 13:16:33,645 INFO No tps control rule of NamingServiceUpdate found,content =null  

2024-07-29 13:16:33,646 WARN Tps point for NamingServiceUpdate registered, But tps control manager is no limit implementation.

2024-07-29 13:16:33,648 INFO No tps control rule of NamingServiceDeregister found,content =null  

2024-07-29 13:16:33,649 WARN Tps point for NamingServiceDeregister registered, But tps control manager is no limit implementation.

2024-07-29 13:16:33,650 INFO No tps control rule of NamingInstanceRegister found,content =null  

2024-07-29 13:16:33,650 WARN Tps point for NamingInstanceRegister registered, But tps control manager is no limit implementation.

2024-07-29 13:16:33,651 INFO No tps control rule of NamingServiceRegister found,content =null  

2024-07-29 13:16:33,652 WARN Tps point for NamingServiceRegister registered, But tps control manager is no limit implementation.

2024-07-29 13:16:33,652 WARN Tps point for NamingServiceSubscribe registered, But tps control manager is no limit implementation.

2024-07-29 13:16:33,653 WARN Tps point for NamingServiceListQuery registered, But tps control manager is no limit implementation.

2024-07-29 13:16:33,654 INFO No tps control rule of NamingServiceQuery found,content =null  

2024-07-29 13:16:33,655 WARN Tps point for NamingServiceQuery registered, But tps control manager is no limit implementation.

2024-07-29 13:16:33,656 WARN Tps point for HttpHealthCheck registered, But tps control manager is no limit implementation.

2024-07-29 13:16:33,656 WARN Tps point for NamingServiceUpdate registered, But tps control manager is no limit implementation.

2024-07-29 13:16:33,657 WARN Tps point for NamingInstanceUpdate registered, But tps control manager is no limit implementation.

2024-07-29 13:16:33,657 WARN Tps point for NamingServiceDeregister registered, But tps control manager is no limit implementation.

2024-07-29 13:16:33,658 WARN Tps point for NamingServiceQuery registered, But tps control manager is no limit implementation.

2024-07-29 13:16:33,659 WARN Tps point for NamingServiceRegister registered, But tps control manager is no limit implementation.

2024-07-29 13:16:33,659 WARN Tps point for NamingInstanceRegister registered, But tps control manager is no limit implementation.

2024-07-29 13:16:33,669 INFO Started Nacos in 22.632 seconds (JVM running for 24.296)

2024-07-29 13:16:33,671 INFO Nacos started successfully in stand alone mode. use embedded storage

2024-07-29 13:16:34,072 INFO Initializing Spring DispatcherServlet 'dispatcherServlet'

2024-07-29 13:16:34,072 INFO Initializing Servlet 'dispatcherServlet'

2024-07-29 13:16:34,075 INFO Completed initialization in 2 ms

2024-07-29 13:16:34,102 INFO Get ParamCheck config from env, ParamCheckConfig{paramCheckEnabled=trueactiveParamChecker=default}

2024-07-29 13:16:34,407 INFO Connection check task start

2024-07-29 13:16:34,411 INFO Long connection metrics detail ,Total count =0, sdkCount=0,clusterCount=0

2024-07-29 13:16:34,413 INFO Out dated connection ,size=0

2024-07-29 13:16:34,414 INFO Connection check task end

2024-07-29 13:16:34,646 INFO [AuthPluginManager] Load AuthPluginService(class com.alibaba.nacos.plugin.auth.impl.NacosAuthPluginService) AuthServiceName(nacos) successfully.

2024-07-29 13:16:34,647 INFO [AuthPluginManager] Load AuthPluginService(class com.alibaba.nacos.plugin.auth.impl.LdapAuthPluginService) AuthServiceName(ldap) successfully.

2024-07-29 13:16:36,513 INFO ConnectionMetrics, totalCount = 0, detail = {long_connection=0, long_polling=0}

2024-07-29 13:16:37,416 INFO Connection check task start

2024-07-29 13:16:37,417 INFO Long connection metrics detail ,Total count =0, sdkCount=0,clusterCount=0

2024-07-29 13:16:37,418 INFO Out dated connection ,size=0

2024-07-29 13:16:37,418 INFO Connection check task end

2024-07-29 13:16:39,515 INFO ConnectionMetrics, totalCount = 0, detail = {long_connection=0, long_polling=0}

2024-07-29 13:16:40,420 INFO Connection check task start

2024-07-29 13:16:40,421 INFO Long connection metrics detail ,Total count =0, sdkCount=0,clusterCount=0

2024-07-29 13:16:40,422 INFO Out dated connection ,size=0

2024-07-29 13:16:40,422 INFO Connection check task end

2024-07-29 13:16:42,518 INFO ConnectionMetrics, totalCount = 0, detail = {long_connection=0, long_polling=0}

2024-07-29 13:16:43,425 INFO Connection check task start

2024-07-29 13:16:43,426 INFO Long connection metrics detail ,Total count =0, sdkCount=0,clusterCount=0

2024-07-29 13:16:43,427 INFO Out dated connection ,size=0

2024-07-29 13:16:43,427 INFO Connection check task end

2024-07-29 13:16:45,522 INFO ConnectionMetrics, totalCount = 0, detail = {long_connection=0, long_polling=0}

2024-07-29 13:16:46,429 INFO Connection check task start

2024-07-29 13:16:46,430 INFO Long connection metrics detail ,Total count =0, sdkCount=0,clusterCount=0

2024-07-29 13:16:46,431 INFO Out dated connection ,size=0

2024-07-29 13:16:46,432 INFO Connection check task end

2024-07-29 13:16:48,524 INFO ConnectionMetrics, totalCount = 0, detail = {long_connection=0, long_polling=0}

2024-07-29 13:16:49,434 INFO Connection check task start

2024-07-29 13:16:49,436 INFO Long connection metrics detail ,Total count =0, sdkCount=0,clusterCount=0

2024-07-29 13:16:49,437 INFO Out dated connection ,size=0

2024-07-29 13:16:49,438 INFO Connection check task end

2024-07-29 13:16:51,528 INFO ConnectionMetrics, totalCount = 0, detail = {long_connection=0, long_polling=0}

2024-07-29 13:16:52,441 INFO Connection check task start

2024-07-29 13:16:52,442 INFO Long connection metrics detail ,Total count =0, sdkCount=0,clusterCount=0

2024-07-29 13:16:52,443 INFO Out dated connection ,size=0

2024-07-29 13:16:52,444 INFO Connection check task end

2024-07-29 13:16:54,530 INFO ConnectionMetrics, totalCount = 0, detail = {long_connection=0, long_polling=0}

2024-07-29 13:16:55,445 INFO Connection check task start

2024-07-29 13:16:55,448 INFO Long connection metrics detail ,Total count =0, sdkCount=0,clusterCount=0

2024-07-29 13:16:55,449 INFO Out dated connection ,size=0

2024-07-29 13:16:55,450 INFO Connection check task end

2024-07-29 13:16:57,533 INFO ConnectionMetrics, totalCount = 0, detail = {long_connection=0, long_polling=0}

2024-07-29 13:16:58,452 INFO Connection check task start

2024-07-29 13:16:58,454 INFO Long connection metrics detail ,Total count =0, sdkCount=0,clusterCount=0

2024-07-29 13:16:58,456 INFO Out dated connection ,size=0

2024-07-29 13:16:58,458 INFO Connection check task end

2024-07-29 13:17:00,536 INFO ConnectionMetrics, totalCount = 0, detail = {long_connection=0, long_polling=0}

2024-07-29 13:17:01,460 INFO Connection check task start

2024-07-29 13:17:01,462 INFO Long connection metrics detail ,Total count =0, sdkCount=0,clusterCount=0

2024-07-29 13:17:01,464 INFO Out dated connection ,size=0

2024-07-29 13:17:01,465 INFO Connection check task end

2024-07-29 13:17:03,538 INFO ConnectionMetrics, totalCount = 0, detail = {long_connection=0, long_polling=0}

2024-07-29 13:17:04,467 INFO Connection check task start

2024-07-29 13:17:04,468 INFO Long connection metrics detail ,Total count =0, sdkCount=0,clusterCount=0

2024-07-29 13:17:04,469 INFO Out dated connection ,size=0

2024-07-29 13:17:04,469 INFO Connection check task end

2024-07-29 13:17:06,542 INFO ConnectionMetrics, totalCount = 0, detail = {long_connection=0, long_polling=0}

2024-07-29 13:17:07,470 INFO Connection check task start

2024-07-29 13:17:07,471 INFO Long connection metrics detail ,Total count =0, sdkCount=0,clusterCount=0

2024-07-29 13:17:07,472 INFO Out dated connection ,size=0

2024-07-29 13:17:07,472 INFO Connection check task end

2024-07-29 13:17:09,545 INFO ConnectionMetrics, totalCount = 0, detail = {long_connection=0, long_polling=0}

2024-07-29 13:17:10,473 INFO Connection check task start

2024-07-29 13:17:10,474 INFO Long connection metrics detail ,Total count =0, sdkCount=0,clusterCount=0

2024-07-29 13:17:10,474 INFO Out dated connection ,size=0

2024-07-29 13:17:10,475 INFO Connection check task end

2024-07-29 13:17:12,548 INFO ConnectionMetrics, totalCount = 0, detail = {long_connection=0, long_polling=0}

2024-07-29 13:17:13,476 INFO Connection check task start

2024-07-29 13:17:13,477 INFO Long connection metrics detail ,Total count =0, sdkCount=0,clusterCount=0

2024-07-29 13:17:13,478 INFO Out dated connection ,size=0

2024-07-29 13:17:13,478 INFO Connection check task end

2024-07-29 13:17:14,616 WARN [NotifyCenter] Start destroying Publisher

2024-07-29 13:17:14,618 WARN [NotifyCenter] Destruction of the end

2024-07-29 13:17:14,627 WARN [HttpClientBeanHolder] Start destroying common HttpClient

2024-07-29 13:17:14,627 WARN [ConfigServer-HttpClientManager] Start destroying NacosRestTemplate

2024-07-29 13:17:14,628 WARN [WatchFileCenter] start close

2024-07-29 13:17:14,653 WARN [WatchFileCenter] start to shutdown this watcher which is watch : /home/nacos/conf

2024-07-29 13:17:14,630 WARN [ThreadPoolManager] Start destroying ThreadPool

2024-07-29 13:17:14,661 WARN [WatchFileCenter] already closed

2024-07-29 13:17:14,672 WARN [HttpClientBeanHolder] Destruction of the end

2024-07-29 13:17:14,675 WARN [ConfigServer-HttpClientManager] Destruction of the end

2024-07-29 13:17:36,564 INFO Starting Nacos v2.3.2 using Java 1.8.0_402 on fb295db7b12e with PID 1 (/home/nacos/target/nacos-server.jar started by root in /home/nacos)

2024-07-29 13:17:36,566 INFO The following 1 profile is active: "standalone"

2024-07-29 13:17:36,982 INFO Load Nacos package exclude filter success, package prefix com.alibaba.nacos.config.server, filter com.alibaba.nacos.config.server.filter.ConfigEnabledFilter

2024-07-29 13:17:36,985 INFO Load Nacos package exclude filter success, package prefix com.alibaba.nacos.naming, filter com.alibaba.nacos.naming.config.NamingEnabledFilter

2024-07-29 13:17:36,986 INFO Load Nacos package exclude filter success, package prefix com.alibaba.nacos.istio, filter com.alibaba.nacos.istio.config.IstioEnabledFilter

2024-07-29 13:17:37,428 INFO Skip @SpringBootApplication annotation for class com.alibaba.nacos.config.server.Config to avoid duplicate scan

2024-07-29 13:17:37,767 INFO Skip @SpringBootApplication annotation for class com.alibaba.nacos.naming.NamingApp to avoid duplicate scan

2024-07-29 13:17:37,810 INFO Skip @SpringBootApplication annotation for class com.alibaba.nacos.cmdb.CmdbApp to avoid duplicate scan

2024-07-29 13:17:37,834 WARN Istio module disabled because set nacos.extension.naming.istio.enabled as false

2024-07-29 13:17:37,835 WARN Istio module disabled because set nacos.extension.naming.istio.enabled as false

2024-07-29 13:17:37,839 WARN Istio module disabled because set nacos.extension.naming.istio.enabled as false

2024-07-29 13:17:37,841 WARN Istio module disabled because set nacos.extension.naming.istio.enabled as false

2024-07-29 13:17:37,844 WARN Istio module disabled because set nacos.extension.naming.istio.enabled as false

2024-07-29 13:17:37,848 WARN Istio module disabled because set nacos.extension.naming.istio.enabled as false

2024-07-29 13:17:37,849 WARN Istio module disabled because set nacos.extension.naming.istio.enabled as false

2024-07-29 13:17:37,850 WARN Istio module disabled because set nacos.extension.naming.istio.enabled as false

2024-07-29 13:17:37,852 WARN Istio module disabled because set nacos.extension.naming.istio.enabled as false

2024-07-29 13:17:37,853 WARN Istio module disabled because set nacos.extension.naming.istio.enabled as false

2024-07-29 13:17:37,856 WARN Istio module disabled because set nacos.extension.naming.istio.enabled as false

2024-07-29 13:17:37,858 WARN Istio module disabled because set nacos.extension.naming.istio.enabled as false

2024-07-29 13:17:37,859 WARN Istio module disabled because set nacos.extension.naming.istio.enabled as false

2024-07-29 13:17:37,861 WARN Istio module disabled because set nacos.extension.naming.istio.enabled as false

2024-07-29 13:17:37,862 WARN Istio module disabled because set nacos.extension.naming.istio.enabled as false

2024-07-29 13:17:37,865 WARN Istio module disabled because set nacos.extension.naming.istio.enabled as false

2024-07-29 13:17:37,867 WARN Istio module disabled because set nacos.extension.naming.istio.enabled as false

2024-07-29 13:17:37,868 WARN Istio module disabled because set nacos.extension.naming.istio.enabled as false

2024-07-29 13:17:37,870 WARN Istio module disabled because set nacos.extension.naming.istio.enabled as false

2024-07-29 13:17:37,873 WARN Istio module disabled because set nacos.extension.naming.istio.enabled as false

2024-07-29 13:17:37,874 WARN Istio module disabled because set nacos.extension.naming.istio.enabled as false

2024-07-29 13:17:37,875 WARN Istio module disabled because set nacos.extension.naming.istio.enabled as false

2024-07-29 13:17:37,877 WARN Istio module disabled because set nacos.extension.naming.istio.enabled as false

2024-07-29 13:17:37,878 WARN Istio module disabled because set nacos.extension.naming.istio.enabled as false

2024-07-29 13:17:37,880 WARN Istio module disabled because set nacos.extension.naming.istio.enabled as false

2024-07-29 13:17:37,881 INFO Skip @SpringBootApplication annotation for class com.alibaba.nacos.istio.IstioApp to avoid duplicate scan

2024-07-29 13:17:37,883 WARN Istio module disabled because set nacos.extension.naming.istio.enabled as false

2024-07-29 13:17:37,884 WARN Istio module disabled because set nacos.extension.naming.istio.enabled as false

2024-07-29 13:17:37,885 WARN Istio module disabled because set nacos.extension.naming.istio.enabled as false

2024-07-29 13:17:37,886 WARN Istio module disabled because set nacos.extension.naming.istio.enabled as false

2024-07-29 13:17:37,887 WARN Istio module disabled because set nacos.extension.naming.istio.enabled as false

2024-07-29 13:17:37,889 WARN Istio module disabled because set nacos.extension.naming.istio.enabled as false

2024-07-29 13:17:37,890 WARN Istio module disabled because set nacos.extension.naming.istio.enabled as false

2024-07-29 13:17:37,891 WARN Istio module disabled because set nacos.extension.naming.istio.enabled as false

2024-07-29 13:17:37,893 WARN Istio module disabled because set nacos.extension.naming.istio.enabled as false

2024-07-29 13:17:37,894 WARN Istio module disabled because set nacos.extension.naming.istio.enabled as false

2024-07-29 13:17:37,895 WARN Istio module disabled because set nacos.extension.naming.istio.enabled as false

2024-07-29 13:17:38,474 INFO Skip @SpringBootApplication annotation for class com.alibaba.nacos.prometheus.PrometheusApp to avoid duplicate scan

2024-07-29 13:17:41,891 INFO Tomcat initialized with port(s): 8848 (http)

2024-07-29 13:17:41,907 INFO Starting service [Tomcat]

2024-07-29 13:17:41,908 INFO Starting Servlet engine: [Apache Tomcat/9.0.83]

2024-07-29 13:17:42,024 INFO Initializing Spring embedded WebApplicationContext

2024-07-29 13:17:42,025 INFO Root WebApplicationContext: initialization completed in 5204 ms

2024-07-29 13:17:42,618 INFO Nacos-related cluster resource initialization

2024-07-29 13:17:42,635 INFO Load com.alibaba.nacos.core.ability.RemoteAbilityInitializer for ServerAbilityInitializer

2024-07-29 13:17:42,636 INFO Load com.alibaba.nacos.naming.ability.NamingAbilityInitializer for ServerAbilityInitializer

2024-07-29 13:17:42,642 INFO The cluster resource is initialized

2024-07-29 13:17:44,002 INFO HikariPool-1 - Starting...

2024-07-29 13:17:44,006 WARN Registered driver with driverClassName=org.apache.derby.jdbc.EmbeddedDriver was not found, trying direct instantiation.

2024-07-29 13:17:44,737 INFO HikariPool-1 - Driver does not support get/set network timeout for connections. (Feature not implemented: No details.)

2024-07-29 13:17:44,742 INFO HikariPool-1 - Start completed.

2024-07-29 13:17:45,630 INFO [MapperManager] Load Mapper(class com.alibaba.nacos.plugin.datasource.impl.mysql.ConfigInfoAggrMapperByMySql) datasource(mysql) tableName(config_info_aggr) successfully.

2024-07-29 13:17:45,641 INFO [MapperManager] Load Mapper(class com.alibaba.nacos.plugin.datasource.impl.mysql.ConfigInfoBetaMapperByMySql) datasource(mysql) tableName(config_info_beta) successfully.

2024-07-29 13:17:45,645 INFO [MapperManager] Load Mapper(class com.alibaba.nacos.plugin.datasource.impl.mysql.ConfigInfoMapperByMySql) datasource(mysql) tableName(config_info) successfully.

2024-07-29 13:17:45,656 INFO [MapperManager] Load Mapper(class com.alibaba.nacos.plugin.datasource.impl.mysql.ConfigInfoTagMapperByMySql) datasource(mysql) tableName(config_info_tag) successfully.

2024-07-29 13:17:45,657 INFO [MapperManager] Load Mapper(class com.alibaba.nacos.plugin.datasource.impl.mysql.ConfigTagsRelationMapperByMySql) datasource(mysql) tableName(config_tags_relation) successfully.

2024-07-29 13:17:45,658 INFO [MapperManager] Load Mapper(class com.alibaba.nacos.plugin.datasource.impl.mysql.HistoryConfigInfoMapperByMySql) datasource(mysql) tableName(his_config_info) successfully.

2024-07-29 13:17:45,659 INFO [MapperManager] Load Mapper(class com.alibaba.nacos.plugin.datasource.impl.mysql.TenantInfoMapperByMySql) datasource(mysql) tableName(tenant_info) successfully.

2024-07-29 13:17:45,660 INFO [MapperManager] Load Mapper(class com.alibaba.nacos.plugin.datasource.impl.mysql.TenantCapacityMapperByMySql) datasource(mysql) tableName(tenant_capacity) successfully.

2024-07-29 13:17:45,660 INFO [MapperManager] Load Mapper(class com.alibaba.nacos.plugin.datasource.impl.mysql.GroupCapacityMapperByMysql) datasource(mysql) tableName(group_capacity) successfully.

2024-07-29 13:17:45,661 INFO [MapperManager] Load Mapper(class com.alibaba.nacos.plugin.datasource.impl.derby.ConfigInfoAggrMapperByDerby) datasource(derby) tableName(config_info_aggr) successfully.

2024-07-29 13:17:45,663 INFO [MapperManager] Load Mapper(class com.alibaba.nacos.plugin.datasource.impl.derby.ConfigInfoBetaMapperByDerby) datasource(derby) tableName(config_info_beta) successfully.

2024-07-29 13:17:45,664 INFO [MapperManager] Load Mapper(class com.alibaba.nacos.plugin.datasource.impl.derby.ConfigInfoMapperByDerby) datasource(derby) tableName(config_info) successfully.

2024-07-29 13:17:45,664 INFO [MapperManager] Load Mapper(class com.alibaba.nacos.plugin.datasource.impl.derby.ConfigInfoTagMapperByDerby) datasource(derby) tableName(config_info_tag) successfully.

2024-07-29 13:17:45,666 INFO [MapperManager] Load Mapper(class com.alibaba.nacos.plugin.datasource.impl.derby.ConfigInfoTagsRelationMapperByDerby) datasource(derby) tableName(config_tags_relation) successfully.

2024-07-29 13:17:45,667 INFO [MapperManager] Load Mapper(class com.alibaba.nacos.plugin.datasource.impl.derby.HistoryConfigInfoMapperByDerby) datasource(derby) tableName(his_config_info) successfully.

2024-07-29 13:17:45,668 INFO [MapperManager] Load Mapper(class com.alibaba.nacos.plugin.datasource.impl.derby.TenantInfoMapperByDerby) datasource(derby) tableName(tenant_info) successfully.

2024-07-29 13:17:45,669 INFO [MapperManager] Load Mapper(class com.alibaba.nacos.plugin.datasource.impl.derby.TenantCapacityMapperByDerby) datasource(derby) tableName(tenant_capacity) successfully.

2024-07-29 13:17:45,671 INFO [MapperManager] Load Mapper(class com.alibaba.nacos.plugin.datasource.impl.derby.GroupCapacityMapperByDerby) datasource(derby) tableName(group_capacity) successfully.

2024-07-29 13:17:47,719 INFO Fail to find connection runtime ejector for name nacos,use default

2024-07-29 13:17:47,811 INFO Not configure type of control plugin, no limit control for current node.

2024-07-29 13:17:47,815 INFO Load connection metrics collector,size=2,[com.alibaba.nacos.config.server.service.LongPollingConnectionMetricsCollector@4409e975, com.alibaba.nacos.core.remote.LongConnectionMetricsCollector@2a7686a7]

2024-07-29 13:17:47,818 INFO No connection rule content found ,use default empty rule 

2024-07-29 13:17:47,825 INFO ConnectionMetrics, totalCount = 0, detail = {long_connection=0, long_polling=0}

2024-07-29 13:17:47,832 INFO No tps control rule of CONFIG_PUSH_COUNT found,content =null  

2024-07-29 13:17:47,832 WARN Tps point for CONFIG_PUSH_COUNT registered, But tps control manager is no limit implementation.

2024-07-29 13:17:47,833 INFO No tps control rule of CONFIG_PUSH_SUCCESS found,content =null  

2024-07-29 13:17:47,834 WARN Tps point for CONFIG_PUSH_SUCCESS registered, But tps control manager is no limit implementation.

2024-07-29 13:17:47,835 INFO No tps control rule of CONFIG_PUSH_FAIL found,content =null  

2024-07-29 13:17:47,835 WARN Tps point for CONFIG_PUSH_FAIL registered, But tps control manager is no limit implementation.

2024-07-29 13:17:48,549 INFO Ready to get current node abilities...

2024-07-29 13:17:48,561 INFO Ready to initialize current node abilities, support modes: [CLUSTER_CLIENT, SDK_CLIENT, SERVER]

2024-07-29 13:17:48,567 INFO Initialize current abilities finish...

2024-07-29 13:17:48,570 INFO Ready to get current node abilities...

2024-07-29 13:17:48,571 INFO Ready to initialize current node abilities, support modes: [SDK_CLIENT]

2024-07-29 13:17:48,572 INFO Initialize current abilities finish...

2024-07-29 13:17:48,573 INFO [AbilityControlManager] Successfully initialize AbilityControlManager

2024-07-29 13:17:48,722 INFO Connection check task start

2024-07-29 13:17:48,725 INFO Long connection metrics detail ,Total count =0, sdkCount=0,clusterCount=0

2024-07-29 13:17:48,726 INFO Out dated connection ,size=0

2024-07-29 13:17:48,729 INFO Connection check task end

2024-07-29 13:17:50,827 INFO ConnectionMetrics, totalCount = 0, detail = {long_connection=0, long_polling=0}

2024-07-29 13:17:51,241 INFO Will secure any request with [org.springframework.security.web.session.DisableEncodeUrlFilter@65fd6708, org.springframework.security.web.context.request.async.WebAsyncManagerIntegrationFilter@749ab7b4, org.springframework.security.web.context.SecurityContextPersistenceFilter@59429fac, org.springframework.security.web.header.HeaderWriterFilter@4c03a37, org.springframework.security.web.csrf.CsrfFilter@6124287a, org.springframework.security.web.authentication.logout.LogoutFilter@7c6442c2, org.springframework.security.web.savedrequest.RequestCacheAwareFilter@26e412ef, org.springframework.security.web.servletapi.SecurityContextHolderAwareRequestFilter@7103ab0, org.springframework.security.web.authentication.AnonymousAuthenticationFilter@127f9161, org.springframework.security.web.session.SessionManagementFilter@49a71302, org.springframework.security.web.access.ExceptionTranslationFilter@15cea7b0]

2024-07-29 13:17:51,743 INFO Connection check task start

2024-07-29 13:17:51,744 INFO Long connection metrics detail ,Total count =0, sdkCount=0,clusterCount=0

2024-07-29 13:17:51,747 INFO Out dated connection ,size=0

2024-07-29 13:17:51,748 INFO Connection check task end

2024-07-29 13:17:51,807 INFO Adding welcome page: class path resource [static/index.html]

2024-07-29 13:17:52,588 INFO Exposing 1 endpoint(s) beneath base path '/actuator'

2024-07-29 13:17:52,619 WARN You are asking Spring Security to ignore Ant [pattern='/**']. This is not recommended -- please use permitAll via HttpSecurity#authorizeHttpRequests instead.

2024-07-29 13:17:52,621 INFO Will not secure Ant [pattern='/**']

2024-07-29 13:17:52,622 WARN You are asking Spring Security to ignore Mvc [pattern='/prometheus']. This is not recommended -- please use permitAll via HttpSecurity#authorizeHttpRequests instead.

2024-07-29 13:17:52,623 INFO Will not secure Mvc [pattern='/prometheus']

2024-07-29 13:17:52,624 WARN You are asking Spring Security to ignore Mvc [pattern='/prometheus/namespaceId/{namespaceId}']. This is not recommended -- please use permitAll via HttpSecurity#authorizeHttpRequests instead.

2024-07-29 13:17:52,626 INFO Will not secure Mvc [pattern='/prometheus/namespaceId/{namespaceId}']

2024-07-29 13:17:52,627 WARN You are asking Spring Security to ignore Mvc [pattern='/prometheus/namespaceId/{namespaceId}/service/{service}']. This is not recommended -- please use permitAll via HttpSecurity#authorizeHttpRequests instead.

2024-07-29 13:17:52,628 INFO Will not secure Mvc [pattern='/prometheus/namespaceId/{namespaceId}/service/{service}']

2024-07-29 13:17:52,753 INFO Tomcat started on port(s): 8848 (http) with context path '/nacos'

2024-07-29 13:17:52,774 INFO No TaskScheduler/ScheduledExecutorService bean found for scheduled processing

2024-07-29 13:17:52,792 INFO No tps control rule of ConfigQuery found,content =null  

2024-07-29 13:17:52,793 WARN Tps point for ConfigQuery registered, But tps control manager is no limit implementation.

2024-07-29 13:17:52,794 INFO No tps control rule of ClusterConfigChangeNotify found,content =null  

2024-07-29 13:17:52,795 WARN Tps point for ClusterConfigChangeNotify registered, But tps control manager is no limit implementation.

2024-07-29 13:17:52,796 INFO No tps control rule of ConfigListen found,content =null  

2024-07-29 13:17:52,797 WARN Tps point for ConfigListen registered, But tps control manager is no limit implementation.

2024-07-29 13:17:52,798 INFO No tps control rule of ConfigRemove found,content =null  

2024-07-29 13:17:52,799 WARN Tps point for ConfigRemove registered, But tps control manager is no limit implementation.

2024-07-29 13:17:52,801 INFO No tps control rule of ConfigPublish found,content =null  

2024-07-29 13:17:52,802 WARN Tps point for ConfigPublish registered, But tps control manager is no limit implementation.

2024-07-29 13:17:52,803 INFO No tps control rule of HealthCheck found,content =null  

2024-07-29 13:17:52,804 WARN Tps point for HealthCheck registered, But tps control manager is no limit implementation.

2024-07-29 13:17:52,806 INFO No tps control rule of RemoteNamingServiceQuery found,content =null  

2024-07-29 13:17:52,806 WARN Tps point for RemoteNamingServiceQuery registered, But tps control manager is no limit implementation.

2024-07-29 13:17:52,807 INFO No tps control rule of RemoteNamingInstanceBatchRegister found,content =null  

2024-07-29 13:17:52,808 WARN Tps point for RemoteNamingInstanceBatchRegister registered, But tps control manager is no limit implementation.

2024-07-29 13:17:52,809 INFO No tps control rule of RemoteNamingInstanceRegisterDeregister found,content =null  

2024-07-29 13:17:52,810 WARN Tps point for RemoteNamingInstanceRegisterDeregister registered, But tps control manager is no limit implementation.

2024-07-29 13:17:52,811 INFO No tps control rule of RemoteNamingServiceListQuery found,content =null  

2024-07-29 13:17:52,811 WARN Tps point for RemoteNamingServiceListQuery registered, But tps control manager is no limit implementation.

2024-07-29 13:17:52,813 INFO No tps control rule of RemoteNamingServiceSubscribeUnSubscribe found,content =null  

2024-07-29 13:17:52,814 WARN Tps point for RemoteNamingServiceSubscribeUnSubscribe registered, But tps control manager is no limit implementation.

2024-07-29 13:17:52,815 WARN Tps point for RemoteNamingInstanceRegisterDeregister registered, But tps control manager is no limit implementation.

2024-07-29 13:17:52,817 INFO No tps control rule of NamingServiceDeregister found,content =null  

2024-07-29 13:17:52,818 WARN Tps point for NamingServiceDeregister registered, But tps control manager is no limit implementation.

2024-07-29 13:17:52,819 INFO No tps control rule of NamingInstanceMetadataUpdate found,content =null  

2024-07-29 13:17:52,820 WARN Tps point for NamingInstanceMetadataUpdate registered, But tps control manager is no limit implementation.

2024-07-29 13:17:52,822 INFO No tps control rule of NamingServiceSubscribe found,content =null  

2024-07-29 13:17:52,823 WARN Tps point for NamingServiceSubscribe registered, But tps control manager is no limit implementation.

2024-07-29 13:17:52,824 WARN Tps point for NamingServiceDeregister registered, But tps control manager is no limit implementation.

2024-07-29 13:17:52,825 INFO No tps control rule of NamingInstanceUpdate found,content =null  

2024-07-29 13:17:52,826 WARN Tps point for NamingInstanceUpdate registered, But tps control manager is no limit implementation.

2024-07-29 13:17:52,829 INFO No tps control rule of NamingInstanceQuery found,content =null  

2024-07-29 13:17:52,831 WARN Tps point for NamingInstanceQuery registered, But tps control manager is no limit implementation.

2024-07-29 13:17:52,834 INFO No tps control rule of NamingServiceListQuery found,content =null  

2024-07-29 13:17:52,835 WARN Tps point for NamingServiceListQuery registered, But tps control manager is no limit implementation.

2024-07-29 13:17:52,836 WARN Tps point for NamingInstanceMetadataUpdate registered, But tps control manager is no limit implementation.

2024-07-29 13:17:52,838 INFO No tps control rule of NamingServiceRegister found,content =null  

2024-07-29 13:17:52,839 WARN Tps point for NamingServiceRegister registered, But tps control manager is no limit implementation.

2024-07-29 13:17:52,840 WARN Tps point for NamingServiceRegister registered, But tps control manager is no limit implementation.

2024-07-29 13:17:52,843 INFO No tps control rule of HttpHealthCheck found,content =null  

2024-07-29 13:17:52,844 WARN Tps point for HttpHealthCheck registered, But tps control manager is no limit implementation.

2024-07-29 13:17:52,846 INFO No tps control rule of NamingServiceQuery found,content =null  

2024-07-29 13:17:52,846 WARN Tps point for NamingServiceQuery registered, But tps control manager is no limit implementation.

2024-07-29 13:17:52,847 INFO No tps control rule of NamingInstanceDeregister found,content =null  

2024-07-29 13:17:52,848 WARN Tps point for NamingInstanceDeregister registered, But tps control manager is no limit implementation.

2024-07-29 13:17:52,848 INFO No tps control rule of NamingInstanceRegister found,content =null  

2024-07-29 13:17:52,850 WARN Tps point for NamingInstanceRegister registered, But tps control manager is no limit implementation.

2024-07-29 13:17:52,853 INFO No tps control rule of NamingServiceUpdate found,content =null  

2024-07-29 13:17:52,854 WARN Tps point for NamingServiceUpdate registered, But tps control manager is no limit implementation.

2024-07-29 13:17:52,854 WARN Tps point for NamingServiceSubscribe registered, But tps control manager is no limit implementation.

2024-07-29 13:17:52,855 WARN Tps point for NamingServiceQuery registered, But tps control manager is no limit implementation.

2024-07-29 13:17:52,856 WARN Tps point for NamingInstanceDeregister registered, But tps control manager is no limit implementation.

2024-07-29 13:17:52,856 WARN Tps point for NamingInstanceMetadataUpdate registered, But tps control manager is no limit implementation.

2024-07-29 13:17:52,857 WARN Tps point for NamingInstanceRegister registered, But tps control manager is no limit implementation.

2024-07-29 13:17:52,858 WARN Tps point for HttpHealthCheck registered, But tps control manager is no limit implementation.

2024-07-29 13:17:52,858 WARN Tps point for NamingInstanceMetadataUpdate registered, But tps control manager is no limit implementation.

2024-07-29 13:17:52,859 WARN Tps point for NamingServiceUpdate registered, But tps control manager is no limit implementation.

2024-07-29 13:17:52,860 WARN Tps point for NamingInstanceQuery registered, But tps control manager is no limit implementation.

2024-07-29 13:17:52,861 WARN Tps point for NamingInstanceUpdate registered, But tps control manager is no limit implementation.

2024-07-29 13:17:52,862 WARN Tps point for ConfigQuery registered, But tps control manager is no limit implementation.

2024-07-29 13:17:52,862 WARN Tps point for NamingServiceListQuery registered, But tps control manager is no limit implementation.

2024-07-29 13:17:52,882 WARN Tps point for ConfigPublish registered, But tps control manager is no limit implementation.

2024-07-29 13:17:52,916 INFO Started Nacos in 18.572 seconds (JVM running for 20.248)

2024-07-29 13:17:52,923 INFO Nacos started successfully in stand alone mode. use embedded storage

2024-07-29 13:17:53,833 INFO ConnectionMetrics, totalCount = 0, detail = {long_connection=0, long_polling=0}

2024-07-29 13:17:54,749 INFO Connection check task start

2024-07-29 13:17:54,751 INFO Long connection metrics detail ,Total count =0, sdkCount=0,clusterCount=0

2024-07-29 13:17:54,753 INFO Out dated connection ,size=0

2024-07-29 13:17:54,754 INFO Connection check task end

2024-07-29 13:17:55,530 INFO Initializing Spring DispatcherServlet 'dispatcherServlet'

2024-07-29 13:17:55,531 INFO Initializing Servlet 'dispatcherServlet'

2024-07-29 13:17:55,534 INFO Completed initialization in 2 ms

2024-07-29 13:17:55,555 INFO Get ParamCheck config from env, ParamCheckConfig{paramCheckEnabled=trueactiveParamChecker=default}

2024-07-29 13:17:56,095 INFO [AuthPluginManager] Load AuthPluginService(class com.alibaba.nacos.plugin.auth.impl.NacosAuthPluginService) AuthServiceName(nacos) successfully.

2024-07-29 13:17:56,096 INFO [AuthPluginManager] Load AuthPluginService(class com.alibaba.nacos.plugin.auth.impl.LdapAuthPluginService) AuthServiceName(ldap) successfully.

2024-07-29 13:17:56,835 INFO ConnectionMetrics, totalCount = 0, detail = {long_connection=0, long_polling=0}

2024-07-29 13:17:57,756 INFO Connection check task start

2024-07-29 13:17:57,757 INFO Long connection metrics detail ,Total count =0, sdkCount=0,clusterCount=0

2024-07-29 13:17:57,759 INFO Out dated connection ,size=0

2024-07-29 13:17:57,759 INFO Connection check task end

2024-07-29 13:17:59,837 INFO ConnectionMetrics, totalCount = 0, detail = {long_connection=0, long_polling=0}

2024-07-29 13:18:00,762 INFO Connection check task start

2024-07-29 13:18:00,764 INFO Long connection metrics detail ,Total count =0, sdkCount=0,clusterCount=0

2024-07-29 13:18:00,766 INFO Out dated connection ,size=0

2024-07-29 13:18:00,768 INFO Connection check task end

2024-07-29 13:18:02,838 INFO ConnectionMetrics, totalCount = 0, detail = {long_connection=0, long_polling=0}

2024-07-29 13:18:03,770 INFO Connection check task start

2024-07-29 13:18:03,771 INFO Long connection metrics detail ,Total count =0, sdkCount=0,clusterCount=0

2024-07-29 13:18:03,772 INFO Out dated connection ,size=0

2024-07-29 13:18:03,772 INFO Connection check task end

2024-07-29 13:18:05,841 INFO ConnectionMetrics, totalCount = 0, detail = {long_connection=0, long_polling=0}

2024-07-29 13:18:06,774 INFO Connection check task start

2024-07-29 13:18:06,775 INFO Long connection metrics detail ,Total count =0, sdkCount=0,clusterCount=0

2024-07-29 13:18:06,776 INFO Out dated connection ,size=0

2024-07-29 13:18:06,777 INFO Connection check task end

2024-07-29 13:18:08,843 INFO ConnectionMetrics, totalCount = 0, detail = {long_connection=0, long_polling=0}

2024-07-29 13:18:09,779 INFO Connection check task start

2024-07-29 13:18:09,780 INFO Long connection metrics detail ,Total count =0, sdkCount=0,clusterCount=0

2024-07-29 13:18:09,781 INFO Out dated connection ,size=0

2024-07-29 13:18:09,782 INFO Connection check task end

2024-07-29 13:18:11,846 INFO ConnectionMetrics, totalCount = 0, detail = {long_connection=0, long_polling=0}

2024-07-29 13:18:12,784 INFO Connection check task start

2024-07-29 13:18:12,786 INFO Long connection metrics detail ,Total count =0, sdkCount=0,clusterCount=0

2024-07-29 13:18:12,787 INFO Out dated connection ,size=0

2024-07-29 13:18:12,789 INFO Connection check task end

2024-07-29 13:18:14,848 INFO ConnectionMetrics, totalCount = 0, detail = {long_connection=0, long_polling=0}

2024-07-29 13:18:15,791 INFO Connection check task start

2024-07-29 13:18:15,791 INFO Long connection metrics detail ,Total count =0, sdkCount=0,clusterCount=0

2024-07-29 13:18:15,792 INFO Out dated connection ,size=0

2024-07-29 13:18:15,793 INFO Connection check task end

2024-07-29 13:18:17,850 INFO ConnectionMetrics, totalCount = 0, detail = {long_connection=0, long_polling=0}

2024-07-29 13:18:18,795 INFO Connection check task start

2024-07-29 13:18:18,797 INFO Long connection metrics detail ,Total count =0, sdkCount=0,clusterCount=0

2024-07-29 13:18:18,799 INFO Out dated connection ,size=0

2024-07-29 13:18:18,800 INFO Connection check task end

2024-07-29 13:18:20,855 INFO ConnectionMetrics, totalCount = 0, detail = {long_connection=0, long_polling=0}

2024-07-29 13:18:21,805 INFO Connection check task start

2024-07-29 13:18:21,806 INFO Long connection metrics detail ,Total count =0, sdkCount=0,clusterCount=0

2024-07-29 13:18:21,806 INFO Out dated connection ,size=0

2024-07-29 13:18:21,807 INFO Connection check task end

2024-07-29 13:18:23,858 INFO ConnectionMetrics, totalCount = 0, detail = {long_connection=0, long_polling=0}

2024-07-29 13:18:24,810 INFO Connection check task start

2024-07-29 13:18:24,811 INFO Long connection metrics detail ,Total count =0, sdkCount=0,clusterCount=0

2024-07-29 13:18:24,812 INFO Out dated connection ,size=0

2024-07-29 13:18:24,813 INFO Connection check task end

2024-07-29 13:18:26,860 INFO ConnectionMetrics, totalCount = 0, detail = {long_connection=0, long_polling=0}

2024-07-29 13:18:27,813 INFO Connection check task start

2024-07-29 13:18:27,814 INFO Long connection metrics detail ,Total count =0, sdkCount=0,clusterCount=0

2024-07-29 13:18:27,815 INFO Out dated connection ,size=0

2024-07-29 13:18:27,815 INFO Connection check task end

2024-07-29 13:18:29,863 INFO ConnectionMetrics, totalCount = 0, detail = {long_connection=0, long_polling=0}

2024-07-29 13:18:30,816 INFO Connection check task start

2024-07-29 13:18:30,819 INFO Long connection metrics detail ,Total count =0, sdkCount=0,clusterCount=0

2024-07-29 13:18:30,820 INFO Out dated connection ,size=0

2024-07-29 13:18:30,821 INFO Connection check task end

2024-07-29 13:18:32,865 INFO ConnectionMetrics, totalCount = 0, detail = {long_connection=0, long_polling=0}

2024-07-29 13:18:33,827 INFO Connection check task start

2024-07-29 13:18:33,837 INFO Long connection metrics detail ,Total count =0, sdkCount=0,clusterCount=0

2024-07-29 13:18:33,838 INFO Out dated connection ,size=0

2024-07-29 13:18:33,838 INFO Connection check task end

2024-07-29 13:18:35,876 INFO ConnectionMetrics, totalCount = 0, detail = {long_connection=0, long_polling=0}

2024-07-29 13:18:36,840 INFO Connection check task start

2024-07-29 13:18:36,841 INFO Long connection metrics detail ,Total count =0, sdkCount=0,clusterCount=0

2024-07-29 13:18:36,842 INFO Out dated connection ,size=0

2024-07-29 13:18:36,843 INFO Connection check task end

2024-07-29 13:18:38,881 INFO ConnectionMetrics, totalCount = 0, detail = {long_connection=0, long_polling=0}

2024-07-29 13:18:39,845 INFO Connection check task start

2024-07-29 13:18:39,847 INFO Long connection metrics detail ,Total count =0, sdkCount=0,clusterCount=0

2024-07-29 13:18:39,848 INFO Out dated connection ,size=0

2024-07-29 13:18:39,849 INFO Connection check task end

2024-07-29 13:18:41,884 INFO ConnectionMetrics, totalCount = 0, detail = {long_connection=0, long_polling=0}

2024-07-29 13:18:42,851 INFO Connection check task start

2024-07-29 13:18:42,851 INFO Long connection metrics detail ,Total count =0, sdkCount=0,clusterCount=0

2024-07-29 13:18:42,852 INFO Out dated connection ,size=0

2024-07-29 13:18:42,854 INFO Connection check task end

2024-07-29 13:18:44,886 INFO ConnectionMetrics, totalCount = 0, detail = {long_connection=0, long_polling=0}

2024-07-29 13:18:45,855 INFO Connection check task start

2024-07-29 13:18:45,856 INFO Long connection metrics detail ,Total count =0, sdkCount=0,clusterCount=0

2024-07-29 13:18:45,856 INFO Out dated connection ,size=0

2024-07-29 13:18:45,856 INFO Connection check task end

2024-07-29 13:18:47,889 INFO ConnectionMetrics, totalCount = 0, detail = {long_connection=0, long_polling=0}

2024-07-29 13:18:48,858 INFO Connection check task start

2024-07-29 13:18:48,860 INFO Long connection metrics detail ,Total count =0, sdkCount=0,clusterCount=0

2024-07-29 13:18:48,861 INFO Out dated connection ,size=0

2024-07-29 13:18:48,863 INFO Connection check task end

2024-07-29 13:18:50,891 INFO ConnectionMetrics, totalCount = 0, detail = {long_connection=0, long_polling=0}

2024-07-29 13:18:51,864 INFO Connection check task start

2024-07-29 13:18:51,866 INFO Long connection metrics detail ,Total count =0, sdkCount=0,clusterCount=0

2024-07-29 13:18:51,868 INFO Out dated connection ,size=0

2024-07-29 13:18:51,869 INFO Connection check task end

2024-07-29 13:18:53,894 INFO ConnectionMetrics, totalCount = 0, detail = {long_connection=0, long_polling=0}

2024-07-29 13:18:54,871 INFO Connection check task start

2024-07-29 13:18:54,873 INFO Long connection metrics detail ,Total count =0, sdkCount=0,clusterCount=0

2024-07-29 13:18:54,875 INFO Out dated connection ,size=0

2024-07-29 13:18:54,875 INFO Connection check task end

2024-07-29 13:18:56,897 INFO ConnectionMetrics, totalCount = 0, detail = {long_connection=0, long_polling=0}

2024-07-29 13:18:57,876 INFO Connection check task start

2024-07-29 13:18:57,877 INFO Long connection metrics detail ,Total count =0, sdkCount=0,clusterCount=0

2024-07-29 13:18:57,878 INFO Out dated connection ,size=0

2024-07-29 13:18:57,879 INFO Connection check task end

2024-07-29 13:18:59,900 INFO ConnectionMetrics, totalCount = 0, detail = {long_connection=0, long_polling=0}

2024-07-29 13:19:00,880 INFO Connection check task start

2024-07-29 13:19:00,881 INFO Long connection metrics detail ,Total count =0, sdkCount=0,clusterCount=0

2024-07-29 13:19:00,882 INFO Out dated connection ,size=0

2024-07-29 13:19:00,882 INFO Connection check task end

2024-07-29 13:19:02,903 INFO ConnectionMetrics, totalCount = 0, detail = {long_connection=0, long_polling=0}

2024-07-29 13:19:03,883 INFO Connection check task start

2024-07-29 13:19:03,885 INFO Long connection metrics detail ,Total count =0, sdkCount=0,clusterCount=0

2024-07-29 13:19:03,888 INFO Out dated connection ,size=0

2024-07-29 13:19:03,889 INFO Connection check task end

2024-07-29 13:19:05,905 INFO ConnectionMetrics, totalCount = 0, detail = {long_connection=0, long_polling=0}

2024-07-29 13:19:06,891 INFO Connection check task start

2024-07-29 13:19:06,892 INFO Long connection metrics detail ,Total count =0, sdkCount=0,clusterCount=0

2024-07-29 13:19:06,893 INFO Out dated connection ,size=0

2024-07-29 13:19:06,893 INFO Connection check task end

2024-07-29 13:19:08,907 INFO ConnectionMetrics, totalCount = 0, detail = {long_connection=0, long_polling=0}

2024-07-29 13:19:09,894 INFO Connection check task start

2024-07-29 13:19:09,896 INFO Long connection metrics detail ,Total count =0, sdkCount=0,clusterCount=0

2024-07-29 13:19:09,897 INFO Out dated connection ,size=0

2024-07-29 13:19:09,898 INFO Connection check task end

2024-07-29 13:19:11,909 INFO ConnectionMetrics, totalCount = 0, detail = {long_connection=0, long_polling=0}

2024-07-29 13:19:12,899 INFO Connection check task start

2024-07-29 13:19:12,902 INFO Long connection metrics detail ,Total count =0, sdkCount=0,clusterCount=0

2024-07-29 13:19:12,903 INFO Out dated connection ,size=0

2024-07-29 13:19:12,904 INFO Connection check task end

2024-07-29 13:19:14,911 INFO ConnectionMetrics, totalCount = 0, detail = {long_connection=0, long_polling=0}

2024-07-29 13:19:15,905 INFO Connection check task start

2024-07-29 13:19:15,906 INFO Long connection metrics detail ,Total count =0, sdkCount=0,clusterCount=0

2024-07-29 13:19:15,906 INFO Out dated connection ,size=0

2024-07-29 13:19:15,907 INFO Connection check task end

2024-07-29 13:19:17,919 INFO ConnectionMetrics, totalCount = 0, detail = {long_connection=0, long_polling=0}

2024-07-29 13:19:18,908 INFO Connection check task start

2024-07-29 13:19:18,910 INFO Long connection metrics detail ,Total count =0, sdkCount=0,clusterCount=0

2024-07-29 13:19:18,911 INFO Out dated connection ,size=0

2024-07-29 13:19:18,912 INFO Connection check task end

2024-07-29 13:19:20,920 INFO ConnectionMetrics, totalCount = 0, detail = {long_connection=0, long_polling=0}

2024-07-29 13:19:21,913 INFO Connection check task start

2024-07-29 13:19:21,914 INFO Long connection metrics detail ,Total count =0, sdkCount=0,clusterCount=0

2024-07-29 13:19:21,916 INFO Out dated connection ,size=0

2024-07-29 13:19:21,916 INFO Connection check task end

2024-07-29 13:19:23,922 INFO ConnectionMetrics, totalCount = 0, detail = {long_connection=0, long_polling=0}

2024-07-29 13:19:24,919 INFO Connection check task start

2024-07-29 13:19:24,919 INFO Long connection metrics detail ,Total count =0, sdkCount=0,clusterCount=0

2024-07-29 13:19:24,920 INFO Out dated connection ,size=0

2024-07-29 13:19:24,920 INFO Connection check task end

2024-07-29 13:19:26,924 INFO ConnectionMetrics, totalCount = 0, detail = {long_connection=0, long_polling=0}

2024-07-29 13:19:27,922 INFO Connection check task start

2024-07-29 13:19:27,923 INFO Long connection metrics detail ,Total count =0, sdkCount=0,clusterCount=0

2024-07-29 13:19:27,923 INFO Out dated connection ,size=0

2024-07-29 13:19:27,924 INFO Connection check task end

2024-07-29 13:19:29,926 INFO ConnectionMetrics, totalCount = 0, detail = {long_connection=0, long_polling=0}

2024-07-29 13:19:30,925 INFO Connection check task start

2024-07-29 13:19:30,926 INFO Long connection metrics detail ,Total count =0, sdkCount=0,clusterCount=0

2024-07-29 13:19:30,927 INFO Out dated connection ,size=0

2024-07-29 13:19:30,927 INFO Connection check task end

