2024-07-29 13:16:22,724 INFO use local db service for init

2024-07-29 13:16:24,710 WARN Lexical error at line 4, column 66.  Encountered: <EOF> after : "".

2024-07-29 13:16:24,718 WARN Syntax error: Encountered "*" at line 1, column 1.

2024-07-29 13:16:24,848 WARN Table/View 'CONFIG_INFO' already exists in Schema 'NACOS'.

2024-07-29 13:16:24,964 WARN Table/View 'HIS_CONFIG_INFO' already exists in Schema 'NACOS'.

2024-07-29 13:16:25,020 WARN Table/View 'CONFIG_INFO_BETA' already exists in Schema 'NACOS'.

2024-07-29 13:16:25,050 WARN Table/View 'CONFIG_INFO_TAG' already exists in Schema 'NACOS'.

2024-07-29 13:16:25,083 WARN Table/View 'CONFIG_INFO_AGGR' already exists in Schema 'NACOS'.

2024-07-29 13:16:25,111 WARN Table/View 'APP_LIST' already exists in Schema 'NACOS'.

2024-07-29 13:16:25,137 WARN Table/View 'APP_CONFIGDATA_RELATION_SUBS' already exists in Schema 'NACOS'.

2024-07-29 13:16:25,163 WARN Table/View 'APP_CONFIGDATA_RELATION_PUBS' already exists in Schema 'NACOS'.

2024-07-29 13:16:25,191 WARN Table/View 'CONFIG_TAGS_RELATION' already exists in Schema 'NACOS'.

2024-07-29 13:16:25,232 WARN Table/View 'GROUP_CAPACITY' already exists in Schema 'NACOS'.

2024-07-29 13:16:25,303 WARN Table/View 'TENANT_CAPACITY' already exists in Schema 'NACOS'.

2024-07-29 13:16:25,342 WARN Table/View 'TENANT_INFO' already exists in Schema 'NACOS'.

2024-07-29 13:16:25,391 WARN Table/View 'USERS' already exists in Schema 'NACOS'.

2024-07-29 13:16:25,418 WARN Table/View 'ROLES' already exists in Schema 'NACOS'.

2024-07-29 13:16:25,439 WARN Table/View 'PERMISSIONS' already exists in Schema 'NACOS'.

2024-07-29 13:16:25,538 WARN The statement was aborted because it would have caused a duplicate key value in a unique or primary key constraint or unique index identified by 'SQL240724143316040' defined on 'USERS'.

2024-07-29 13:16:25,548 WARN The statement was aborted because it would have caused a duplicate key value in a unique or primary key constraint or unique index identified by 'UK_USERNAME_ROLE' defined on 'ROLES'.

2024-07-29 13:16:25,549 WARN Lexical error at line 4, column 13.  Encountered: "`" (96), after : "".

2024-07-29 13:16:25,550 WARN Lexical error at line 1, column 13.  Encountered: "`" (96), after : "".

2024-07-29 13:16:25,551 WARN Lexical error at line 1, column 13.  Encountered: "`" (96), after : "".

2024-07-29 13:16:25,553 WARN Lexical error at line 1, column 13.  Encountered: "`" (96), after : "".

2024-07-29 13:16:25,554 INFO use StandaloneDatabaseOperateImpl

2024-07-29 13:17:43,986 INFO use local db service for init

2024-07-29 13:17:44,877 WARN Lexical error at line 4, column 66.  Encountered: <EOF> after : "".

2024-07-29 13:17:44,884 WARN Syntax error: Encountered "*" at line 1, column 1.

2024-07-29 13:17:45,003 WARN Table/View 'CONFIG_INFO' already exists in Schema 'NACOS'.

2024-07-29 13:17:45,094 WARN Table/View 'HIS_CONFIG_INFO' already exists in Schema 'NACOS'.

2024-07-29 13:17:45,139 WARN Table/View 'CONFIG_INFO_BETA' already exists in Schema 'NACOS'.

2024-07-29 13:17:45,176 WARN Table/View 'CONFIG_INFO_TAG' already exists in Schema 'NACOS'.

2024-07-29 13:17:45,202 WARN Table/View 'CONFIG_INFO_AGGR' already exists in Schema 'NACOS'.

2024-07-29 13:17:45,227 WARN Table/View 'APP_LIST' already exists in Schema 'NACOS'.

2024-07-29 13:17:45,249 WARN Table/View 'APP_CONFIGDATA_RELATION_SUBS' already exists in Schema 'NACOS'.

2024-07-29 13:17:45,267 WARN Table/View 'APP_CONFIGDATA_RELATION_PUBS' already exists in Schema 'NACOS'.

2024-07-29 13:17:45,287 WARN Table/View 'CONFIG_TAGS_RELATION' already exists in Schema 'NACOS'.

2024-07-29 13:17:45,314 WARN Table/View 'GROUP_CAPACITY' already exists in Schema 'NACOS'.

2024-07-29 13:17:45,334 WARN Table/View 'TENANT_CAPACITY' already exists in Schema 'NACOS'.

2024-07-29 13:17:45,349 WARN Table/View 'TENANT_INFO' already exists in Schema 'NACOS'.

2024-07-29 13:17:45,376 WARN Table/View 'USERS' already exists in Schema 'NACOS'.

2024-07-29 13:17:45,394 WARN Table/View 'ROLES' already exists in Schema 'NACOS'.

2024-07-29 13:17:45,419 WARN Table/View 'PERMISSIONS' already exists in Schema 'NACOS'.

2024-07-29 13:17:45,565 WARN The statement was aborted because it would have caused a duplicate key value in a unique or primary key constraint or unique index identified by 'SQL240724143316040' defined on 'USERS'.

2024-07-29 13:17:45,588 WARN The statement was aborted because it would have caused a duplicate key value in a unique or primary key constraint or unique index identified by 'UK_USERNAME_ROLE' defined on 'ROLES'.

2024-07-29 13:17:45,589 WARN Lexical error at line 4, column 13.  Encountered: "`" (96), after : "".

2024-07-29 13:17:45,590 WARN Lexical error at line 1, column 13.  Encountered: "`" (96), after : "".

2024-07-29 13:17:45,591 WARN Lexical error at line 1, column 13.  Encountered: "`" (96), after : "".

2024-07-29 13:17:45,592 WARN Lexical error at line 1, column 13.  Encountered: "`" (96), after : "".

2024-07-29 13:17:45,592 INFO use StandaloneDatabaseOperateImpl

