2024-07-29 13:16:21,693 INFO [ClientConnectionEventListenerRegistry] registry listener - ConnectionBasedClientManager

2024-07-29 13:16:27,525 INFO [ClientConnectionEventListenerRegistry] registry listener - ConfigConnectionEventListener

2024-07-29 13:16:27,605 INFO Nacos GrpcSdkServer Rpc server starting at port 9848

2024-07-29 13:16:27,958 INFO Load ProtocolNegotiatorBuilder com.alibaba.nacos.core.remote.grpc.negotiator.tls.DefaultTlsProtocolNegotiatorBuilder for type DEFAULT_TLS

2024-07-29 13:16:27,963 DEBUG TLS configuration is empty, use default value

2024-07-29 13:16:28,032 INFO Nacos Rpc server tls config:{"sslProvider":"","enableTls":false,"mutualAuthEnable":false,"trustAll":false,"sslContextRefresher":"","compatibility":true}

2024-07-29 13:16:28,035 WARN Recommended use 'nacos.remote.server.grpc.sdk.max-inbound-message-size' property instead 'nacos.remote.server.grpc.maxinbound.message.size', now property value is 10485760

2024-07-29 13:16:28,299 INFO Nacos Rpc server tls config:{"sslProvider":"","enableTls":false,"mutualAuthEnable":false,"trustAll":false,"sslContextRefresher":"","compatibility":true}

2024-07-29 13:16:28,300 INFO No RpcServerSslContextRefresher specified,Ssl Context auto refresh not supported.

2024-07-29 13:16:28,300 INFO RpcServerSslContextRefresher init end

2024-07-29 13:16:28,301 INFO Nacos GrpcSdkServer Rpc server started at port 9848

2024-07-29 13:16:28,305 INFO Nacos GrpcClusterServer Rpc server starting at port 9849

2024-07-29 13:16:28,308 WARN Recommended use 'nacos.remote.server.grpc.cluster.max-inbound-message-size' property instead 'nacos.remote.server.grpc.maxinbound.message.size', now property value is 10485760

2024-07-29 13:16:28,315 INFO Nacos GrpcClusterServer Rpc server started at port 9849

2024-07-29 13:16:28,403 INFO [ClientConnectionEventListenerRegistry] registry listener - RpcAckCallbackInitorOrCleaner

2024-07-29 13:17:14,617 INFO Nacos GrpcSdkServer Rpc server stopping

2024-07-29 13:17:14,623 INFO Nacos GrpcClusterServer Rpc server stopping

2024-07-29 13:17:14,657 INFO Nacos GrpcSdkServer Rpc server stopped successfully...

2024-07-29 13:17:14,660 INFO Nacos GrpcClusterServer Rpc server stopped successfully...

2024-07-29 13:17:42,794 INFO [ClientConnectionEventListenerRegistry] registry listener - ConnectionBasedClientManager

2024-07-29 13:17:47,838 INFO [ClientConnectionEventListenerRegistry] registry listener - ConfigConnectionEventListener

2024-07-29 13:17:47,885 INFO Nacos GrpcSdkServer Rpc server starting at port 9848

2024-07-29 13:17:48,134 INFO Load ProtocolNegotiatorBuilder com.alibaba.nacos.core.remote.grpc.negotiator.tls.DefaultTlsProtocolNegotiatorBuilder for type DEFAULT_TLS

2024-07-29 13:17:48,138 DEBUG TLS configuration is empty, use default value

2024-07-29 13:17:48,199 INFO Nacos Rpc server tls config:{"sslProvider":"","enableTls":false,"mutualAuthEnable":false,"trustAll":false,"sslContextRefresher":"","compatibility":true}

2024-07-29 13:17:48,203 WARN Recommended use 'nacos.remote.server.grpc.sdk.max-inbound-message-size' property instead 'nacos.remote.server.grpc.maxinbound.message.size', now property value is 10485760

2024-07-29 13:17:48,398 INFO Nacos Rpc server tls config:{"sslProvider":"","enableTls":false,"mutualAuthEnable":false,"trustAll":false,"sslContextRefresher":"","compatibility":true}

2024-07-29 13:17:48,399 INFO No RpcServerSslContextRefresher specified,Ssl Context auto refresh not supported.

2024-07-29 13:17:48,400 INFO RpcServerSslContextRefresher init end

2024-07-29 13:17:48,400 INFO Nacos GrpcSdkServer Rpc server started at port 9848

2024-07-29 13:17:48,405 INFO Nacos GrpcClusterServer Rpc server starting at port 9849

2024-07-29 13:17:48,408 WARN Recommended use 'nacos.remote.server.grpc.cluster.max-inbound-message-size' property instead 'nacos.remote.server.grpc.maxinbound.message.size', now property value is 10485760

2024-07-29 13:17:48,413 INFO Nacos GrpcClusterServer Rpc server started at port 9849

2024-07-29 13:17:48,580 INFO [ClientConnectionEventListenerRegistry] registry listener - RpcAckCallbackInitorOrCleaner

